{
  "stats": {
    "suites": 24,
    "tests": 54,
    "passes": 54,
    "pending": 0,
    "failures": 0,
    "start": "2017-05-25T12:56:21.146Z",
    "end": "2017-05-25T12:56:22.100Z",
    "duration": 954,
    "testsRegistered": 54,
    "passPercent": 100,
    "pendingPercent": 0,
    "other": 0,
    "hasOther": false,
    "skipped": 0,
    "hasSkipped": false,
    "passPercentClass": "success",
    "pendingPercentClass": "danger"
  },
  "suites": {
    "title": "",
    "suites": [
      {
        "title": "check 24 Hours tests",
        "suites": [
          {
            "title": "check whether in 24 hours",
            "suites": [],
            "tests": [
              {
                "title": "ignores assessments over 24 hours away",
                "fullTitle": "check 24 Hours tests check whether in 24 hours ignores assessments over 24 hours away",
                "timedOut": false,
                "duration": 6,
                "state": "passed",
                "speed": "fast",
                "pass": true,
                "fail": false,
                "pending": false,
                "code": "expect(_check24Hours2.default.validate24Hours($('.requestRow').first())).to.equal(false);",
                "err": {},
                "isRoot": false,
                "uuid": "21ed6072-b631-4824-9c49-186326c6d6f3",
                "parentUUID": "3fe5f0a1-82ed-4830-a5f7-b1512a2213d4",
                "isHook": false,
                "skipped": false
              },
              {
                "title": "detects if an assessment is within 24 hours",
                "fullTitle": "check 24 Hours tests check whether in 24 hours detects if an assessment is within 24 hours",
                "timedOut": false,
                "duration": 1,
                "state": "passed",
                "speed": "fast",
                "pass": true,
                "fail": false,
                "pending": false,
                "code": "$('.dueDate').first().html(formatDate(new Date()));\nexpect(_check24Hours2.default.validate24Hours($('.requestRow').first())).to.equal(true);",
                "err": {},
                "isRoot": false,
                "uuid": "7750a33c-fb1b-42b8-b3aa-e0a7c25329e9",
                "parentUUID": "3fe5f0a1-82ed-4830-a5f7-b1512a2213d4",
                "isHook": false,
                "skipped": false
              },
              {
                "title": "prompts for fsst name if necessary",
                "fullTitle": "check 24 Hours tests check whether in 24 hours prompts for fsst name if necessary",
                "timedOut": false,
                "duration": 0,
                "state": "passed",
                "speed": "fast",
                "pass": true,
                "fail": false,
                "pending": false,
                "code": "$('body').append('<input id=\"fsstInput\" value=\"Test Staff\" />');\n_check24Hours2.default.FSSTDialog($('.requestRow').first(), function () {});\nexpect(global.sitsDialogTitleReceived).to.equal('24hourstitle');\nexpect(global.sitsDialogMessageReceived).to.equal('24hoursmessage');\nexpect(typeof global.sitsDialogActionsReceived['Yes'] == 'function').to.be.true;\nexpect(typeof global.sitsDialogActionsReceived['No'] == 'function').to.be.true;",
                "err": {},
                "isRoot": false,
                "uuid": "354ce757-f202-4ab0-a59a-3dc9173939a9",
                "parentUUID": "3fe5f0a1-82ed-4830-a5f7-b1512a2213d4",
                "isHook": false,
                "skipped": false
              },
              {
                "title": "closes dialog if exit is chosen in staff name prompt dialog",
                "fullTitle": "check 24 Hours tests check whether in 24 hours closes dialog if exit is chosen in staff name prompt dialog",
                "timedOut": false,
                "duration": 0,
                "state": "passed",
                "speed": "fast",
                "pass": true,
                "fail": false,
                "pending": false,
                "code": "(0, _check24Hours.staffNamePromptExit)({ title: 'namePrompt' }, $('<div><input type=\"checkbox\" class=\"selected\"/></div>'));\nexpect(global.sitsDialogClosedTitle).to.equal('namePrompt');",
                "err": {},
                "isRoot": false,
                "uuid": "fa831486-d6db-4f53-9206-c9337669edae",
                "parentUUID": "3fe5f0a1-82ed-4830-a5f7-b1512a2213d4",
                "isHook": false,
                "skipped": false
              },
              {
                "title": "closes dialog if exit is chosen in staff name prompt dialog",
                "fullTitle": "check 24 Hours tests check whether in 24 hours closes dialog if exit is chosen in staff name prompt dialog",
                "timedOut": false,
                "duration": 10,
                "state": "passed",
                "speed": "fast",
                "pass": true,
                "fail": false,
                "pending": false,
                "code": "var saved = (0, _check24Hours.staffNamePromptSave)({ title: 'namePrompt' }, $('<div><input type=\"checkbox\" class=\"selected\"/></div>'), function () {});\nexpect(global.sitsDialogClosedTitle).to.equal('namePrompt');\nexpect(saved).to.be.true;",
                "err": {},
                "isRoot": false,
                "uuid": "922da023-e30f-4693-92c6-41574d2f501c",
                "parentUUID": "3fe5f0a1-82ed-4830-a5f7-b1512a2213d4",
                "isHook": false,
                "skipped": false
              },
              {
                "title": "closes the fsst dialog if no is selected and deselects the row",
                "fullTitle": "check 24 Hours tests check whether in 24 hours closes the fsst dialog if no is selected and deselects the row",
                "timedOut": false,
                "duration": 0,
                "state": "passed",
                "speed": "fast",
                "pass": true,
                "fail": false,
                "pending": false,
                "code": "_check24Hours.fsstDialogNoResponse;",
                "err": {},
                "isRoot": false,
                "uuid": "29529a45-fc1e-4e19-b98e-0dab86679aa1",
                "parentUUID": "3fe5f0a1-82ed-4830-a5f7-b1512a2213d4",
                "isHook": false,
                "skipped": false
              },
              {
                "title": "closes the fsst dialog if no is selected and deselects the row",
                "fullTitle": "check 24 Hours tests check whether in 24 hours closes the fsst dialog if no is selected and deselects the row",
                "timedOut": false,
                "duration": 10,
                "state": "passed",
                "speed": "fast",
                "pass": true,
                "fail": false,
                "pending": false,
                "code": "var row = $('.requestRow').first();\nrow.find('.selected').first().prop('checked', true);\n(0, _check24Hours.fsstDialogNoResponse)({ title: 'noresponse' }, row);\nexpect(global.sitsDialogClosedTitle).to.equal('noresponse');\nexpect(row.find('.selected').first().prop('checked')).to.be.false;",
                "err": {},
                "isRoot": false,
                "uuid": "9593b07a-3052-48d4-bccf-391c3c86a68f",
                "parentUUID": "3fe5f0a1-82ed-4830-a5f7-b1512a2213d4",
                "isHook": false,
                "skipped": false
              },
              {
                "title": "closes the fsst dialog and calls staff name prompt",
                "fullTitle": "check 24 Hours tests check whether in 24 hours closes the fsst dialog and calls staff name prompt",
                "timedOut": false,
                "duration": 0,
                "state": "passed",
                "speed": "fast",
                "pass": true,
                "fail": false,
                "pending": false,
                "code": "var result = (0, _check24Hours.fsstDialogYesResponse)({ title: 'yesresponse' });\nexpect(global.sitsDialogClosedTitle).to.equal('yesresponse');",
                "err": {},
                "isRoot": false,
                "uuid": "6bc78392-8c40-4716-99ad-4a9e18b8d1fa",
                "parentUUID": "3fe5f0a1-82ed-4830-a5f7-b1512a2213d4",
                "isHook": false,
                "skipped": false
              }
            ],
            "pending": [],
            "root": false,
            "_timeout": 2000,
            "file": "\\test\\assessments\\assessments.check24Hours.test.js",
            "uuid": "3fe5f0a1-82ed-4830-a5f7-b1512a2213d4",
            "failedHooks": [],
            "fullFile": "C:\\Users\\pc1091\\Workspace\\RESDNPM\\test\\assessments\\assessments.check24Hours.test.js",
            "passes": [
              {
                "title": "ignores assessments over 24 hours away",
                "fullTitle": "check 24 Hours tests check whether in 24 hours ignores assessments over 24 hours away",
                "timedOut": false,
                "duration": 6,
                "state": "passed",
                "speed": "fast",
                "pass": true,
                "fail": false,
                "pending": false,
                "code": "expect(_check24Hours2.default.validate24Hours($('.requestRow').first())).to.equal(false);",
                "err": {},
                "isRoot": false,
                "uuid": "21ed6072-b631-4824-9c49-186326c6d6f3",
                "parentUUID": "3fe5f0a1-82ed-4830-a5f7-b1512a2213d4",
                "isHook": false,
                "skipped": false
              },
              {
                "title": "detects if an assessment is within 24 hours",
                "fullTitle": "check 24 Hours tests check whether in 24 hours detects if an assessment is within 24 hours",
                "timedOut": false,
                "duration": 1,
                "state": "passed",
                "speed": "fast",
                "pass": true,
                "fail": false,
                "pending": false,
                "code": "$('.dueDate').first().html(formatDate(new Date()));\nexpect(_check24Hours2.default.validate24Hours($('.requestRow').first())).to.equal(true);",
                "err": {},
                "isRoot": false,
                "uuid": "7750a33c-fb1b-42b8-b3aa-e0a7c25329e9",
                "parentUUID": "3fe5f0a1-82ed-4830-a5f7-b1512a2213d4",
                "isHook": false,
                "skipped": false
              },
              {
                "title": "prompts for fsst name if necessary",
                "fullTitle": "check 24 Hours tests check whether in 24 hours prompts for fsst name if necessary",
                "timedOut": false,
                "duration": 0,
                "state": "passed",
                "speed": "fast",
                "pass": true,
                "fail": false,
                "pending": false,
                "code": "$('body').append('<input id=\"fsstInput\" value=\"Test Staff\" />');\n_check24Hours2.default.FSSTDialog($('.requestRow').first(), function () {});\nexpect(global.sitsDialogTitleReceived).to.equal('24hourstitle');\nexpect(global.sitsDialogMessageReceived).to.equal('24hoursmessage');\nexpect(typeof global.sitsDialogActionsReceived['Yes'] == 'function').to.be.true;\nexpect(typeof global.sitsDialogActionsReceived['No'] == 'function').to.be.true;",
                "err": {},
                "isRoot": false,
                "uuid": "354ce757-f202-4ab0-a59a-3dc9173939a9",
                "parentUUID": "3fe5f0a1-82ed-4830-a5f7-b1512a2213d4",
                "isHook": false,
                "skipped": false
              },
              {
                "title": "closes dialog if exit is chosen in staff name prompt dialog",
                "fullTitle": "check 24 Hours tests check whether in 24 hours closes dialog if exit is chosen in staff name prompt dialog",
                "timedOut": false,
                "duration": 0,
                "state": "passed",
                "speed": "fast",
                "pass": true,
                "fail": false,
                "pending": false,
                "code": "(0, _check24Hours.staffNamePromptExit)({ title: 'namePrompt' }, $('<div><input type=\"checkbox\" class=\"selected\"/></div>'));\nexpect(global.sitsDialogClosedTitle).to.equal('namePrompt');",
                "err": {},
                "isRoot": false,
                "uuid": "fa831486-d6db-4f53-9206-c9337669edae",
                "parentUUID": "3fe5f0a1-82ed-4830-a5f7-b1512a2213d4",
                "isHook": false,
                "skipped": false
              },
              {
                "title": "closes dialog if exit is chosen in staff name prompt dialog",
                "fullTitle": "check 24 Hours tests check whether in 24 hours closes dialog if exit is chosen in staff name prompt dialog",
                "timedOut": false,
                "duration": 10,
                "state": "passed",
                "speed": "fast",
                "pass": true,
                "fail": false,
                "pending": false,
                "code": "var saved = (0, _check24Hours.staffNamePromptSave)({ title: 'namePrompt' }, $('<div><input type=\"checkbox\" class=\"selected\"/></div>'), function () {});\nexpect(global.sitsDialogClosedTitle).to.equal('namePrompt');\nexpect(saved).to.be.true;",
                "err": {},
                "isRoot": false,
                "uuid": "922da023-e30f-4693-92c6-41574d2f501c",
                "parentUUID": "3fe5f0a1-82ed-4830-a5f7-b1512a2213d4",
                "isHook": false,
                "skipped": false
              },
              {
                "title": "closes the fsst dialog if no is selected and deselects the row",
                "fullTitle": "check 24 Hours tests check whether in 24 hours closes the fsst dialog if no is selected and deselects the row",
                "timedOut": false,
                "duration": 0,
                "state": "passed",
                "speed": "fast",
                "pass": true,
                "fail": false,
                "pending": false,
                "code": "_check24Hours.fsstDialogNoResponse;",
                "err": {},
                "isRoot": false,
                "uuid": "29529a45-fc1e-4e19-b98e-0dab86679aa1",
                "parentUUID": "3fe5f0a1-82ed-4830-a5f7-b1512a2213d4",
                "isHook": false,
                "skipped": false
              },
              {
                "title": "closes the fsst dialog if no is selected and deselects the row",
                "fullTitle": "check 24 Hours tests check whether in 24 hours closes the fsst dialog if no is selected and deselects the row",
                "timedOut": false,
                "duration": 10,
                "state": "passed",
                "speed": "fast",
                "pass": true,
                "fail": false,
                "pending": false,
                "code": "var row = $('.requestRow').first();\nrow.find('.selected').first().prop('checked', true);\n(0, _check24Hours.fsstDialogNoResponse)({ title: 'noresponse' }, row);\nexpect(global.sitsDialogClosedTitle).to.equal('noresponse');\nexpect(row.find('.selected').first().prop('checked')).to.be.false;",
                "err": {},
                "isRoot": false,
                "uuid": "9593b07a-3052-48d4-bccf-391c3c86a68f",
                "parentUUID": "3fe5f0a1-82ed-4830-a5f7-b1512a2213d4",
                "isHook": false,
                "skipped": false
              },
              {
                "title": "closes the fsst dialog and calls staff name prompt",
                "fullTitle": "check 24 Hours tests check whether in 24 hours closes the fsst dialog and calls staff name prompt",
                "timedOut": false,
                "duration": 0,
                "state": "passed",
                "speed": "fast",
                "pass": true,
                "fail": false,
                "pending": false,
                "code": "var result = (0, _check24Hours.fsstDialogYesResponse)({ title: 'yesresponse' });\nexpect(global.sitsDialogClosedTitle).to.equal('yesresponse');",
                "err": {},
                "isRoot": false,
                "uuid": "6bc78392-8c40-4716-99ad-4a9e18b8d1fa",
                "parentUUID": "3fe5f0a1-82ed-4830-a5f7-b1512a2213d4",
                "isHook": false,
                "skipped": false
              }
            ],
            "failures": [],
            "skipped": [],
            "hasTests": true,
            "hasFailedHooks": false,
            "hasSuites": false,
            "totalTests": 8,
            "totalPasses": 8,
            "totalFailures": 0,
            "totalPending": 0,
            "totalSkipped": 0,
            "hasPasses": true,
            "hasFailures": false,
            "hasPending": false,
            "hasSkipped": false,
            "duration": 27,
            "rootEmpty": false
          }
        ],
        "tests": [],
        "pending": [],
        "root": false,
        "_timeout": 2000,
        "file": "\\test\\assessments\\assessments.check24Hours.test.js",
        "uuid": "04054df1-d48e-4c5d-a064-10e39532e0a3",
        "failedHooks": [],
        "fullFile": "C:\\Users\\pc1091\\Workspace\\RESDNPM\\test\\assessments\\assessments.check24Hours.test.js",
        "passes": [],
        "failures": [],
        "skipped": [],
        "hasTests": false,
        "hasFailedHooks": false,
        "hasSuites": true,
        "totalTests": 0,
        "totalPasses": 0,
        "totalFailures": 0,
        "totalPending": 0,
        "totalSkipped": 0,
        "hasPasses": false,
        "hasFailures": false,
        "hasPending": false,
        "hasSkipped": false,
        "duration": 0,
        "rootEmpty": false
      },
      {
        "title": "Assessments Event handlers Tests",
        "suites": [],
        "tests": [
          {
            "title": "binds event handlers",
            "fullTitle": "Assessments Event handlers Tests binds event handlers",
            "timedOut": false,
            "duration": 64,
            "state": "passed",
            "speed": "medium",
            "pass": true,
            "fail": false,
            "pending": false,
            "code": "Object.keys(_eventHandlers2.default).map(function (a) {\n\treturn _eventHandlers2.default[a]();\n});\n$('input[data-continue]').prop('disabled', false);\n$('input[data-continue]').click();\n$('.save').click();\nexpect($('.save').val()).to.equal('Saving...');",
            "err": {},
            "isRoot": false,
            "uuid": "f9d51c8d-dc8b-4758-bb6f-e9c9eda16b6a",
            "parentUUID": "ed43f4e2-caef-4edb-9148-0e169439fe95",
            "isHook": false,
            "skipped": false
          },
          {
            "title": "callback calls success message and updates save button text",
            "fullTitle": "Assessments Event handlers Tests callback calls success message and updates save button text",
            "timedOut": false,
            "duration": 10,
            "state": "passed",
            "speed": "fast",
            "pass": true,
            "fail": false,
            "pending": false,
            "code": "var successMessage = '';\n(0, _eventHandlers.rowSaveCallback)($('.requestRow').first(), { success: function success() {\n\t\tsuccessMessage = 'done';\n\t} });\nexpect(successMessage).to.equal('done');\nexpect($('.requestRow').first().find('.save').val() === 'Saved!').to.be.true;",
            "err": {},
            "isRoot": false,
            "uuid": "f85a4ea0-c207-4902-bb19-94337277206d",
            "parentUUID": "ed43f4e2-caef-4edb-9148-0e169439fe95",
            "isHook": false,
            "skipped": false
          }
        ],
        "pending": [],
        "root": false,
        "_timeout": 2000,
        "file": "\\test\\assessments\\assessments.eventHandlers.test.js",
        "uuid": "ed43f4e2-caef-4edb-9148-0e169439fe95",
        "failedHooks": [],
        "fullFile": "C:\\Users\\pc1091\\Workspace\\RESDNPM\\test\\assessments\\assessments.eventHandlers.test.js",
        "passes": [
          {
            "title": "binds event handlers",
            "fullTitle": "Assessments Event handlers Tests binds event handlers",
            "timedOut": false,
            "duration": 64,
            "state": "passed",
            "speed": "medium",
            "pass": true,
            "fail": false,
            "pending": false,
            "code": "Object.keys(_eventHandlers2.default).map(function (a) {\n\treturn _eventHandlers2.default[a]();\n});\n$('input[data-continue]').prop('disabled', false);\n$('input[data-continue]').click();\n$('.save').click();\nexpect($('.save').val()).to.equal('Saving...');",
            "err": {},
            "isRoot": false,
            "uuid": "f9d51c8d-dc8b-4758-bb6f-e9c9eda16b6a",
            "parentUUID": "ed43f4e2-caef-4edb-9148-0e169439fe95",
            "isHook": false,
            "skipped": false
          },
          {
            "title": "callback calls success message and updates save button text",
            "fullTitle": "Assessments Event handlers Tests callback calls success message and updates save button text",
            "timedOut": false,
            "duration": 10,
            "state": "passed",
            "speed": "fast",
            "pass": true,
            "fail": false,
            "pending": false,
            "code": "var successMessage = '';\n(0, _eventHandlers.rowSaveCallback)($('.requestRow').first(), { success: function success() {\n\t\tsuccessMessage = 'done';\n\t} });\nexpect(successMessage).to.equal('done');\nexpect($('.requestRow').first().find('.save').val() === 'Saved!').to.be.true;",
            "err": {},
            "isRoot": false,
            "uuid": "f85a4ea0-c207-4902-bb19-94337277206d",
            "parentUUID": "ed43f4e2-caef-4edb-9148-0e169439fe95",
            "isHook": false,
            "skipped": false
          }
        ],
        "failures": [],
        "skipped": [],
        "hasTests": true,
        "hasFailedHooks": false,
        "hasSuites": false,
        "totalTests": 2,
        "totalPasses": 2,
        "totalFailures": 0,
        "totalPending": 0,
        "totalSkipped": 0,
        "hasPasses": true,
        "hasFailures": false,
        "hasPending": false,
        "hasSkipped": false,
        "duration": 74,
        "rootEmpty": false
      },
      {
        "title": "Assessments Validation Tests",
        "suites": [
          {
            "title": "countRows",
            "suites": [],
            "tests": [
              {
                "title": "counts rows that are checked",
                "fullTitle": "Assessments Validation Tests countRows counts rows that are checked",
                "timedOut": false,
                "duration": 45,
                "state": "passed",
                "speed": "medium",
                "pass": true,
                "fail": false,
                "pending": false,
                "code": "var result = _rowsSelected2.default.validRowsSelected('#topLevel');\nexpect(result).to.equal(1);",
                "err": {},
                "isRoot": false,
                "uuid": "dfd68752-c454-4664-ae2a-361ca09a4757",
                "parentUUID": "3e462286-9d97-4a24-b183-f7a1144cbc4b",
                "isHook": false,
                "skipped": false
              },
              {
                "title": "doesn't count rows that are unchecked",
                "fullTitle": "Assessments Validation Tests countRows doesn't count rows that are unchecked",
                "timedOut": false,
                "duration": 2,
                "state": "passed",
                "speed": "fast",
                "pass": true,
                "fail": false,
                "pending": false,
                "code": "$('.requestRow').first().find('.selected').prop('checked', false);\nvar result = _rowsSelected2.default.validRowsSelected('#topLevel');\nexpect(result).to.equal(0);",
                "err": {},
                "isRoot": false,
                "uuid": "2b338e98-3893-4817-bd78-52cd2eba39ed",
                "parentUUID": "3e462286-9d97-4a24-b183-f7a1144cbc4b",
                "isHook": false,
                "skipped": false
              },
              {
                "title": "doesn't count a checked row if it is invalid",
                "fullTitle": "Assessments Validation Tests countRows doesn't count a checked row if it is invalid",
                "timedOut": false,
                "duration": 15,
                "state": "passed",
                "speed": "fast",
                "pass": true,
                "fail": false,
                "pending": false,
                "code": "$('.requestRow').first().find('.selected').prop('checked', true);\n$('.requestRow').first().find('.dissertation').first().val('');\nvar result = _rowsSelected2.default.validRowsSelected('#topLevel');\nexpect(result).to.equal(0);",
                "err": {},
                "isRoot": false,
                "uuid": "4720b383-98f6-4ac6-8469-bffcf8d23bbb",
                "parentUUID": "3e462286-9d97-4a24-b183-f7a1144cbc4b",
                "isHook": false,
                "skipped": false
              }
            ],
            "pending": [],
            "root": false,
            "_timeout": 2000,
            "file": "\\test\\assessments\\assessments.rowsSelected.spec.js",
            "uuid": "3e462286-9d97-4a24-b183-f7a1144cbc4b",
            "failedHooks": [],
            "fullFile": "C:\\Users\\pc1091\\Workspace\\RESDNPM\\test\\assessments\\assessments.rowsSelected.spec.js",
            "passes": [
              {
                "title": "counts rows that are checked",
                "fullTitle": "Assessments Validation Tests countRows counts rows that are checked",
                "timedOut": false,
                "duration": 45,
                "state": "passed",
                "speed": "medium",
                "pass": true,
                "fail": false,
                "pending": false,
                "code": "var result = _rowsSelected2.default.validRowsSelected('#topLevel');\nexpect(result).to.equal(1);",
                "err": {},
                "isRoot": false,
                "uuid": "dfd68752-c454-4664-ae2a-361ca09a4757",
                "parentUUID": "3e462286-9d97-4a24-b183-f7a1144cbc4b",
                "isHook": false,
                "skipped": false
              },
              {
                "title": "doesn't count rows that are unchecked",
                "fullTitle": "Assessments Validation Tests countRows doesn't count rows that are unchecked",
                "timedOut": false,
                "duration": 2,
                "state": "passed",
                "speed": "fast",
                "pass": true,
                "fail": false,
                "pending": false,
                "code": "$('.requestRow').first().find('.selected').prop('checked', false);\nvar result = _rowsSelected2.default.validRowsSelected('#topLevel');\nexpect(result).to.equal(0);",
                "err": {},
                "isRoot": false,
                "uuid": "2b338e98-3893-4817-bd78-52cd2eba39ed",
                "parentUUID": "3e462286-9d97-4a24-b183-f7a1144cbc4b",
                "isHook": false,
                "skipped": false
              },
              {
                "title": "doesn't count a checked row if it is invalid",
                "fullTitle": "Assessments Validation Tests countRows doesn't count a checked row if it is invalid",
                "timedOut": false,
                "duration": 15,
                "state": "passed",
                "speed": "fast",
                "pass": true,
                "fail": false,
                "pending": false,
                "code": "$('.requestRow').first().find('.selected').prop('checked', true);\n$('.requestRow').first().find('.dissertation').first().val('');\nvar result = _rowsSelected2.default.validRowsSelected('#topLevel');\nexpect(result).to.equal(0);",
                "err": {},
                "isRoot": false,
                "uuid": "4720b383-98f6-4ac6-8469-bffcf8d23bbb",
                "parentUUID": "3e462286-9d97-4a24-b183-f7a1144cbc4b",
                "isHook": false,
                "skipped": false
              }
            ],
            "failures": [],
            "skipped": [],
            "hasTests": true,
            "hasFailedHooks": false,
            "hasSuites": false,
            "totalTests": 3,
            "totalPasses": 3,
            "totalFailures": 0,
            "totalPending": 0,
            "totalSkipped": 0,
            "hasPasses": true,
            "hasFailures": false,
            "hasPending": false,
            "hasSkipped": false,
            "duration": 62,
            "rootEmpty": false
          },
          {
            "title": "updateCounters",
            "suites": [],
            "tests": [
              {
                "title": "updates the display",
                "fullTitle": "Assessments Validation Tests updateCounters updates the display",
                "timedOut": false,
                "duration": 9,
                "state": "passed",
                "speed": "fast",
                "pass": true,
                "fail": false,
                "pending": false,
                "code": "_rowsSelected2.default.updateCounters();\nexpect($('#selectedRows').html()).to.equal('0');",
                "err": {},
                "isRoot": false,
                "uuid": "fd129a13-a848-4628-aecf-7eb3e724ea82",
                "parentUUID": "f3ebe458-b6b1-41fd-8402-ad3797e10fd4",
                "isHook": false,
                "skipped": false
              },
              {
                "title": "updates the display with > 0",
                "fullTitle": "Assessments Validation Tests updateCounters updates the display with > 0",
                "timedOut": false,
                "duration": 10,
                "state": "passed",
                "speed": "fast",
                "pass": true,
                "fail": false,
                "pending": false,
                "code": "$('.requestRow').first().find('.dissertation').first().val('Y');\n_rowsSelected2.default.updateCounters();\nexpect($('#selectedRows').html()).to.equal('1');",
                "err": {},
                "isRoot": false,
                "uuid": "5b60805d-c9eb-40f9-8030-69cff4c5d605",
                "parentUUID": "f3ebe458-b6b1-41fd-8402-ad3797e10fd4",
                "isHook": false,
                "skipped": false
              }
            ],
            "pending": [],
            "root": false,
            "_timeout": 2000,
            "file": "\\test\\assessments\\assessments.rowsSelected.spec.js",
            "uuid": "f3ebe458-b6b1-41fd-8402-ad3797e10fd4",
            "failedHooks": [],
            "fullFile": "C:\\Users\\pc1091\\Workspace\\RESDNPM\\test\\assessments\\assessments.rowsSelected.spec.js",
            "passes": [
              {
                "title": "updates the display",
                "fullTitle": "Assessments Validation Tests updateCounters updates the display",
                "timedOut": false,
                "duration": 9,
                "state": "passed",
                "speed": "fast",
                "pass": true,
                "fail": false,
                "pending": false,
                "code": "_rowsSelected2.default.updateCounters();\nexpect($('#selectedRows').html()).to.equal('0');",
                "err": {},
                "isRoot": false,
                "uuid": "fd129a13-a848-4628-aecf-7eb3e724ea82",
                "parentUUID": "f3ebe458-b6b1-41fd-8402-ad3797e10fd4",
                "isHook": false,
                "skipped": false
              },
              {
                "title": "updates the display with > 0",
                "fullTitle": "Assessments Validation Tests updateCounters updates the display with > 0",
                "timedOut": false,
                "duration": 10,
                "state": "passed",
                "speed": "fast",
                "pass": true,
                "fail": false,
                "pending": false,
                "code": "$('.requestRow').first().find('.dissertation').first().val('Y');\n_rowsSelected2.default.updateCounters();\nexpect($('#selectedRows').html()).to.equal('1');",
                "err": {},
                "isRoot": false,
                "uuid": "5b60805d-c9eb-40f9-8030-69cff4c5d605",
                "parentUUID": "f3ebe458-b6b1-41fd-8402-ad3797e10fd4",
                "isHook": false,
                "skipped": false
              }
            ],
            "failures": [],
            "skipped": [],
            "hasTests": true,
            "hasFailedHooks": false,
            "hasSuites": false,
            "totalTests": 2,
            "totalPasses": 2,
            "totalFailures": 0,
            "totalPending": 0,
            "totalSkipped": 0,
            "hasPasses": true,
            "hasFailures": false,
            "hasPending": false,
            "hasSkipped": false,
            "duration": 19,
            "rootEmpty": false
          }
        ],
        "tests": [],
        "pending": [],
        "root": false,
        "_timeout": 2000,
        "file": "\\test\\assessments\\assessments.rowsSelected.spec.js",
        "uuid": "cb6da9bf-bc34-4f48-9224-c1bd1569a8db",
        "failedHooks": [],
        "fullFile": "C:\\Users\\pc1091\\Workspace\\RESDNPM\\test\\assessments\\assessments.rowsSelected.spec.js",
        "passes": [],
        "failures": [],
        "skipped": [],
        "hasTests": false,
        "hasFailedHooks": false,
        "hasSuites": true,
        "totalTests": 0,
        "totalPasses": 0,
        "totalFailures": 0,
        "totalPending": 0,
        "totalSkipped": 0,
        "hasPasses": false,
        "hasFailures": false,
        "hasPending": false,
        "hasSkipped": false,
        "duration": 0,
        "rootEmpty": false
      },
      {
        "title": "Assessments Validation Tests",
        "suites": [
          {
            "title": "validate page",
            "suites": [],
            "tests": [
              {
                "title": "passes a valid page",
                "fullTitle": "Assessments Validation Tests validate page passes a valid page",
                "timedOut": false,
                "duration": 45,
                "state": "passed",
                "speed": "medium",
                "pass": true,
                "fail": false,
                "pending": false,
                "code": "expect(_validation2.default.validatePage()).to.equal(true);",
                "err": {},
                "isRoot": false,
                "uuid": "cf357740-ec93-4f52-9827-fc28d5cb4b65",
                "parentUUID": "4b89b5b2-bf6e-41a3-b8b2-729fd0b009b5",
                "isHook": false,
                "skipped": false
              },
              {
                "title": "it warns if no rows selected",
                "fullTitle": "Assessments Validation Tests validate page it warns if no rows selected",
                "timedOut": false,
                "duration": 12,
                "state": "passed",
                "speed": "fast",
                "pass": true,
                "fail": false,
                "pending": false,
                "code": "var row = $('.requestRow').first();\nrow.find('.selected').first().prop('checked', false).change();\nvar results = [];\n_validation2.default.validatePage(false, resdErrors, { warning: function warning(a) {\n\t\t\t\t\t\t\t\treturn results.push(a);\n\t\t\t\t} });\nexpect(results.indexOf(\"NO_TASKS_SELECTED\") > -1).to.equal(true);",
                "err": {},
                "isRoot": false,
                "uuid": "cae7edb3-0210-4660-84ba-a1420e326ee6",
                "parentUUID": "4b89b5b2-bf6e-41a3-b8b2-729fd0b009b5",
                "isHook": false,
                "skipped": false
              },
              {
                "title": "fails an invalid page",
                "fullTitle": "Assessments Validation Tests validate page fails an invalid page",
                "timedOut": false,
                "duration": 16,
                "state": "passed",
                "speed": "fast",
                "pass": true,
                "fail": false,
                "pending": false,
                "code": "var row = $('.requestRow').first();\nrow.find('.taskType').first().val(\"\").keyup();\nexpect(_validation2.default.validatePage(false, resdErrors, { warning: function warning(a) {} })).to.equal(false);",
                "err": {},
                "isRoot": false,
                "uuid": "343e04f5-756f-4eb1-90f5-4a4a8bd0fd1f",
                "parentUUID": "4b89b5b2-bf6e-41a3-b8b2-729fd0b009b5",
                "isHook": false,
                "skipped": false
              },
              {
                "title": "displays an unsaved row message if the row is valid but not saved",
                "fullTitle": "Assessments Validation Tests validate page displays an unsaved row message if the row is valid but not saved",
                "timedOut": false,
                "duration": 21,
                "state": "passed",
                "speed": "fast",
                "pass": true,
                "fail": false,
                "pending": false,
                "code": "var row = $('.requestRow').first();\nrow.find('.taskType').first().val(\"1\");\nrow.find('.selected').first().prop(\"checked\", true).change();\nvar results = [];\n_validation2.default.validatePage(false, resdErrors, { warning: function warning(a) {\n\t\t\t\t\t\t\t\treturn results.push(a);\n\t\t\t\t} });\nexpect(results.indexOf(\"UNSAVED_TASK\") > -1).to.equal(true);\nexpect($('.save').first().val()).to.equal('Save Changes');",
                "err": {},
                "isRoot": false,
                "uuid": "f8a02e94-274b-475b-94b3-4092991d8589",
                "parentUUID": "4b89b5b2-bf6e-41a3-b8b2-729fd0b009b5",
                "isHook": false,
                "skipped": false
              }
            ],
            "pending": [],
            "root": false,
            "_timeout": 2000,
            "file": "\\test\\assessments\\assessments.validation.spec.js",
            "uuid": "4b89b5b2-bf6e-41a3-b8b2-729fd0b009b5",
            "failedHooks": [],
            "fullFile": "C:\\Users\\pc1091\\Workspace\\RESDNPM\\test\\assessments\\assessments.validation.spec.js",
            "passes": [
              {
                "title": "passes a valid page",
                "fullTitle": "Assessments Validation Tests validate page passes a valid page",
                "timedOut": false,
                "duration": 45,
                "state": "passed",
                "speed": "medium",
                "pass": true,
                "fail": false,
                "pending": false,
                "code": "expect(_validation2.default.validatePage()).to.equal(true);",
                "err": {},
                "isRoot": false,
                "uuid": "cf357740-ec93-4f52-9827-fc28d5cb4b65",
                "parentUUID": "4b89b5b2-bf6e-41a3-b8b2-729fd0b009b5",
                "isHook": false,
                "skipped": false
              },
              {
                "title": "it warns if no rows selected",
                "fullTitle": "Assessments Validation Tests validate page it warns if no rows selected",
                "timedOut": false,
                "duration": 12,
                "state": "passed",
                "speed": "fast",
                "pass": true,
                "fail": false,
                "pending": false,
                "code": "var row = $('.requestRow').first();\nrow.find('.selected').first().prop('checked', false).change();\nvar results = [];\n_validation2.default.validatePage(false, resdErrors, { warning: function warning(a) {\n\t\t\t\t\t\t\t\treturn results.push(a);\n\t\t\t\t} });\nexpect(results.indexOf(\"NO_TASKS_SELECTED\") > -1).to.equal(true);",
                "err": {},
                "isRoot": false,
                "uuid": "cae7edb3-0210-4660-84ba-a1420e326ee6",
                "parentUUID": "4b89b5b2-bf6e-41a3-b8b2-729fd0b009b5",
                "isHook": false,
                "skipped": false
              },
              {
                "title": "fails an invalid page",
                "fullTitle": "Assessments Validation Tests validate page fails an invalid page",
                "timedOut": false,
                "duration": 16,
                "state": "passed",
                "speed": "fast",
                "pass": true,
                "fail": false,
                "pending": false,
                "code": "var row = $('.requestRow').first();\nrow.find('.taskType').first().val(\"\").keyup();\nexpect(_validation2.default.validatePage(false, resdErrors, { warning: function warning(a) {} })).to.equal(false);",
                "err": {},
                "isRoot": false,
                "uuid": "343e04f5-756f-4eb1-90f5-4a4a8bd0fd1f",
                "parentUUID": "4b89b5b2-bf6e-41a3-b8b2-729fd0b009b5",
                "isHook": false,
                "skipped": false
              },
              {
                "title": "displays an unsaved row message if the row is valid but not saved",
                "fullTitle": "Assessments Validation Tests validate page displays an unsaved row message if the row is valid but not saved",
                "timedOut": false,
                "duration": 21,
                "state": "passed",
                "speed": "fast",
                "pass": true,
                "fail": false,
                "pending": false,
                "code": "var row = $('.requestRow').first();\nrow.find('.taskType').first().val(\"1\");\nrow.find('.selected').first().prop(\"checked\", true).change();\nvar results = [];\n_validation2.default.validatePage(false, resdErrors, { warning: function warning(a) {\n\t\t\t\t\t\t\t\treturn results.push(a);\n\t\t\t\t} });\nexpect(results.indexOf(\"UNSAVED_TASK\") > -1).to.equal(true);\nexpect($('.save').first().val()).to.equal('Save Changes');",
                "err": {},
                "isRoot": false,
                "uuid": "f8a02e94-274b-475b-94b3-4092991d8589",
                "parentUUID": "4b89b5b2-bf6e-41a3-b8b2-729fd0b009b5",
                "isHook": false,
                "skipped": false
              }
            ],
            "failures": [],
            "skipped": [],
            "hasTests": true,
            "hasFailedHooks": false,
            "hasSuites": false,
            "totalTests": 4,
            "totalPasses": 4,
            "totalFailures": 0,
            "totalPending": 0,
            "totalSkipped": 0,
            "hasPasses": true,
            "hasFailures": false,
            "hasPending": false,
            "hasSkipped": false,
            "duration": 94,
            "rootEmpty": false
          },
          {
            "title": "testing assessment validation",
            "suites": [],
            "tests": [
              {
                "title": "fails an invalid assessment row",
                "fullTitle": "Assessments Validation Tests testing assessment validation fails an invalid assessment row",
                "timedOut": false,
                "duration": 11,
                "state": "passed",
                "speed": "fast",
                "pass": true,
                "fail": false,
                "pending": false,
                "code": "var row = $('.requestRow').first();\nrow.find('.taskType').first().val(\"\");\nvar result = _validation2.default.validateRow($('.requestRow').first());\nexpect(result).to.equal(false);",
                "err": {},
                "isRoot": false,
                "uuid": "c1f6b94c-ae92-43e0-bf12-8a4f26a38f0e",
                "parentUUID": "2af53ef1-0247-4c27-a5c9-afc5472366ed",
                "isHook": false,
                "skipped": false
              },
              {
                "title": "passes a vaid assessment row",
                "fullTitle": "Assessments Validation Tests testing assessment validation passes a vaid assessment row",
                "timedOut": false,
                "duration": 8,
                "state": "passed",
                "speed": "fast",
                "pass": true,
                "fail": false,
                "pending": false,
                "code": "var row = $('.requestRow').first();\nrow.find('.taskType').first().val(\"1\");\nvar result = _validation2.default.validateRow(row);\nexpect(result).to.equal(true);",
                "err": {},
                "isRoot": false,
                "uuid": "5ace5402-a6c1-4124-bfb7-4f833c482315",
                "parentUUID": "2af53ef1-0247-4c27-a5c9-afc5472366ed",
                "isHook": false,
                "skipped": false
              }
            ],
            "pending": [],
            "root": false,
            "_timeout": 2000,
            "file": "\\test\\assessments\\assessments.validation.spec.js",
            "uuid": "2af53ef1-0247-4c27-a5c9-afc5472366ed",
            "failedHooks": [],
            "fullFile": "C:\\Users\\pc1091\\Workspace\\RESDNPM\\test\\assessments\\assessments.validation.spec.js",
            "passes": [
              {
                "title": "fails an invalid assessment row",
                "fullTitle": "Assessments Validation Tests testing assessment validation fails an invalid assessment row",
                "timedOut": false,
                "duration": 11,
                "state": "passed",
                "speed": "fast",
                "pass": true,
                "fail": false,
                "pending": false,
                "code": "var row = $('.requestRow').first();\nrow.find('.taskType').first().val(\"\");\nvar result = _validation2.default.validateRow($('.requestRow').first());\nexpect(result).to.equal(false);",
                "err": {},
                "isRoot": false,
                "uuid": "c1f6b94c-ae92-43e0-bf12-8a4f26a38f0e",
                "parentUUID": "2af53ef1-0247-4c27-a5c9-afc5472366ed",
                "isHook": false,
                "skipped": false
              },
              {
                "title": "passes a vaid assessment row",
                "fullTitle": "Assessments Validation Tests testing assessment validation passes a vaid assessment row",
                "timedOut": false,
                "duration": 8,
                "state": "passed",
                "speed": "fast",
                "pass": true,
                "fail": false,
                "pending": false,
                "code": "var row = $('.requestRow').first();\nrow.find('.taskType').first().val(\"1\");\nvar result = _validation2.default.validateRow(row);\nexpect(result).to.equal(true);",
                "err": {},
                "isRoot": false,
                "uuid": "5ace5402-a6c1-4124-bfb7-4f833c482315",
                "parentUUID": "2af53ef1-0247-4c27-a5c9-afc5472366ed",
                "isHook": false,
                "skipped": false
              }
            ],
            "failures": [],
            "skipped": [],
            "hasTests": true,
            "hasFailedHooks": false,
            "hasSuites": false,
            "totalTests": 2,
            "totalPasses": 2,
            "totalFailures": 0,
            "totalPending": 0,
            "totalSkipped": 0,
            "hasPasses": true,
            "hasFailures": false,
            "hasPending": false,
            "hasSkipped": false,
            "duration": 19,
            "rootEmpty": false
          }
        ],
        "tests": [],
        "pending": [],
        "root": false,
        "_timeout": 2000,
        "file": "\\test\\assessments\\assessments.validation.spec.js",
        "uuid": "14b28eea-6a0f-4939-af3f-a6180c3eebd9",
        "failedHooks": [],
        "fullFile": "C:\\Users\\pc1091\\Workspace\\RESDNPM\\test\\assessments\\assessments.validation.spec.js",
        "passes": [],
        "failures": [],
        "skipped": [],
        "hasTests": false,
        "hasFailedHooks": false,
        "hasSuites": true,
        "totalTests": 0,
        "totalPasses": 0,
        "totalFailures": 0,
        "totalPending": 0,
        "totalSkipped": 0,
        "hasPasses": false,
        "hasFailures": false,
        "hasPending": false,
        "hasSkipped": false,
        "duration": 0,
        "rootEmpty": false
      },
      {
        "title": "save Task",
        "suites": [],
        "tests": [
          {
            "title": "saves the task",
            "fullTitle": "save Task saves the task",
            "timedOut": false,
            "duration": 8,
            "state": "passed",
            "speed": "fast",
            "pass": true,
            "fail": false,
            "pending": false,
            "code": "(0, _saveTask2.default)($('.requestRow').first());\n\t\texpect($('.save').val()).to.equal('Saving...');",
            "err": {},
            "isRoot": false,
            "uuid": "526f4257-a818-4c7f-be87-b6c4ade7079a",
            "parentUUID": "30a7863c-aadb-4852-a077-f7e4578275f4",
            "isHook": false,
            "skipped": false
          }
        ],
        "pending": [],
        "root": false,
        "_timeout": 2000,
        "file": "\\test\\assessments\\saveTask.spec.js",
        "uuid": "30a7863c-aadb-4852-a077-f7e4578275f4",
        "failedHooks": [],
        "fullFile": "C:\\Users\\pc1091\\Workspace\\RESDNPM\\test\\assessments\\saveTask.spec.js",
        "passes": [
          {
            "title": "saves the task",
            "fullTitle": "save Task saves the task",
            "timedOut": false,
            "duration": 8,
            "state": "passed",
            "speed": "fast",
            "pass": true,
            "fail": false,
            "pending": false,
            "code": "(0, _saveTask2.default)($('.requestRow').first());\n\t\texpect($('.save').val()).to.equal('Saving...');",
            "err": {},
            "isRoot": false,
            "uuid": "526f4257-a818-4c7f-be87-b6c4ade7079a",
            "parentUUID": "30a7863c-aadb-4852-a077-f7e4578275f4",
            "isHook": false,
            "skipped": false
          }
        ],
        "failures": [],
        "skipped": [],
        "hasTests": true,
        "hasFailedHooks": false,
        "hasSuites": false,
        "totalTests": 1,
        "totalPasses": 1,
        "totalFailures": 0,
        "totalPending": 0,
        "totalSkipped": 0,
        "hasPasses": true,
        "hasFailures": false,
        "hasPending": false,
        "hasSkipped": false,
        "duration": 8,
        "rootEmpty": false
      },
      {
        "title": "Confirmation Validation Tests",
        "suites": [],
        "tests": [
          {
            "title": "returns both errors if no tasks and not accepted regs",
            "fullTitle": "Confirmation Validation Tests returns both errors if no tasks and not accepted regs",
            "timedOut": false,
            "duration": 2,
            "state": "passed",
            "speed": "fast",
            "pass": true,
            "fail": false,
            "pending": false,
            "code": "expect(_validation2.default.validatePage(true).length).to.equal(2);",
            "err": {},
            "isRoot": false,
            "uuid": "61f4e321-304c-4ae4-8223-ffb6e9b495bc",
            "parentUUID": "f4be0a9f-a3a5-4ad2-8b91-8de4f942898a",
            "isHook": false,
            "skipped": false
          },
          {
            "title": "returns a not accepted error if the checkbox is not selected",
            "fullTitle": "Confirmation Validation Tests returns a not accepted error if the checkbox is not selected",
            "timedOut": false,
            "duration": 2,
            "state": "passed",
            "speed": "fast",
            "pass": true,
            "fail": false,
            "pending": false,
            "code": "$('#container').append('<div class=\"requestRow\"></div>');\nexpect(_validation2.default.validatePage(true).length).to.equal(1);\nvar error = '';\n_validation2.default.validatePage(false, { warning: function warning(a) {\n\t\t\t\t\t\t\t\terror = a;\n\t\t\t\t} });\nexpect(error).to.equal('pleaseAcceptError');\nerror = '';\n$('[data-accept]').prop('checked', true);\n_validation2.default.validatePage(false, { warning: function warning(a) {\n\t\t\t\t\t\t\t\terror = a;\n\t\t\t\t} });\nexpect(error).to.equal('');",
            "err": {},
            "isRoot": false,
            "uuid": "94378c90-e6d3-4390-91cc-4234ceabd7ad",
            "parentUUID": "f4be0a9f-a3a5-4ad2-8b91-8de4f942898a",
            "isHook": false,
            "skipped": false
          }
        ],
        "pending": [],
        "root": false,
        "_timeout": 2000,
        "file": "\\test\\confirmation\\validation.tests.js",
        "uuid": "f4be0a9f-a3a5-4ad2-8b91-8de4f942898a",
        "failedHooks": [],
        "fullFile": "C:\\Users\\pc1091\\Workspace\\RESDNPM\\test\\confirmation\\validation.tests.js",
        "passes": [
          {
            "title": "returns both errors if no tasks and not accepted regs",
            "fullTitle": "Confirmation Validation Tests returns both errors if no tasks and not accepted regs",
            "timedOut": false,
            "duration": 2,
            "state": "passed",
            "speed": "fast",
            "pass": true,
            "fail": false,
            "pending": false,
            "code": "expect(_validation2.default.validatePage(true).length).to.equal(2);",
            "err": {},
            "isRoot": false,
            "uuid": "61f4e321-304c-4ae4-8223-ffb6e9b495bc",
            "parentUUID": "f4be0a9f-a3a5-4ad2-8b91-8de4f942898a",
            "isHook": false,
            "skipped": false
          },
          {
            "title": "returns a not accepted error if the checkbox is not selected",
            "fullTitle": "Confirmation Validation Tests returns a not accepted error if the checkbox is not selected",
            "timedOut": false,
            "duration": 2,
            "state": "passed",
            "speed": "fast",
            "pass": true,
            "fail": false,
            "pending": false,
            "code": "$('#container').append('<div class=\"requestRow\"></div>');\nexpect(_validation2.default.validatePage(true).length).to.equal(1);\nvar error = '';\n_validation2.default.validatePage(false, { warning: function warning(a) {\n\t\t\t\t\t\t\t\terror = a;\n\t\t\t\t} });\nexpect(error).to.equal('pleaseAcceptError');\nerror = '';\n$('[data-accept]').prop('checked', true);\n_validation2.default.validatePage(false, { warning: function warning(a) {\n\t\t\t\t\t\t\t\terror = a;\n\t\t\t\t} });\nexpect(error).to.equal('');",
            "err": {},
            "isRoot": false,
            "uuid": "94378c90-e6d3-4390-91cc-4234ceabd7ad",
            "parentUUID": "f4be0a9f-a3a5-4ad2-8b91-8de4f942898a",
            "isHook": false,
            "skipped": false
          }
        ],
        "failures": [],
        "skipped": [],
        "hasTests": true,
        "hasFailedHooks": false,
        "hasSuites": false,
        "totalTests": 2,
        "totalPasses": 2,
        "totalFailures": 0,
        "totalPending": 0,
        "totalSkipped": 0,
        "hasPasses": true,
        "hasFailures": false,
        "hasPending": false,
        "hasSkipped": false,
        "duration": 4,
        "rootEmpty": false
      },
      {
        "title": "Guidance Validation Tests",
        "suites": [
          {
            "title": "lc validation - valid",
            "suites": [],
            "tests": [
              {
                "title": "correctly detects whether to run learning contract radio validation",
                "fullTitle": "Guidance Validation Tests lc validation - valid correctly detects whether to run learning contract radio validation",
                "timedOut": false,
                "duration": 0,
                "state": "passed",
                "speed": "fast",
                "pass": true,
                "fail": false,
                "pending": false,
                "code": "expect(_validation2.default.applyToggleCheck()).to.equal(true);",
                "err": {},
                "isRoot": false,
                "uuid": "95cf910d-1aa0-4a69-966b-46d086d8caaf",
                "parentUUID": "191429ab-56d5-430b-bba2-63e574114c2a",
                "isHook": false,
                "skipped": false
              },
              {
                "title": "renders the submit button as disabled when a selection has not been made",
                "fullTitle": "Guidance Validation Tests lc validation - valid renders the submit button as disabled when a selection has not been made",
                "timedOut": false,
                "duration": 1,
                "state": "passed",
                "speed": "fast",
                "pass": true,
                "fail": false,
                "pending": false,
                "code": "_validation2.default.initToggleCheck();\nexpect($('input[value=\"Next\"]').first().prop('disabled')).to.equal(true);",
                "err": {},
                "isRoot": false,
                "uuid": "5f1b103b-2c62-4dac-b7fc-b789bef525ae",
                "parentUUID": "191429ab-56d5-430b-bba2-63e574114c2a",
                "isHook": false,
                "skipped": false
              },
              {
                "title": "enables the next button when a selection is made",
                "fullTitle": "Guidance Validation Tests lc validation - valid enables the next button when a selection is made",
                "timedOut": false,
                "duration": 0,
                "state": "passed",
                "speed": "fast",
                "pass": true,
                "fail": false,
                "pending": false,
                "code": "$('input[data-applylc]').first().prop('checked', true);\n            _validation2.default.initToggleCheck();\n            expect($('input[value=\"Next\"]').first().prop('disabled')).to.equal(false);",
                "err": {},
                "isRoot": false,
                "uuid": "0ce59e6e-7059-4e32-9991-e2cb155c7725",
                "parentUUID": "191429ab-56d5-430b-bba2-63e574114c2a",
                "isHook": false,
                "skipped": false
              }
            ],
            "pending": [],
            "root": false,
            "_timeout": 2000,
            "file": "\\test\\guidance\\guidance.validation.test.js",
            "uuid": "191429ab-56d5-430b-bba2-63e574114c2a",
            "failedHooks": [],
            "fullFile": "C:\\Users\\pc1091\\Workspace\\RESDNPM\\test\\guidance\\guidance.validation.test.js",
            "passes": [
              {
                "title": "correctly detects whether to run learning contract radio validation",
                "fullTitle": "Guidance Validation Tests lc validation - valid correctly detects whether to run learning contract radio validation",
                "timedOut": false,
                "duration": 0,
                "state": "passed",
                "speed": "fast",
                "pass": true,
                "fail": false,
                "pending": false,
                "code": "expect(_validation2.default.applyToggleCheck()).to.equal(true);",
                "err": {},
                "isRoot": false,
                "uuid": "95cf910d-1aa0-4a69-966b-46d086d8caaf",
                "parentUUID": "191429ab-56d5-430b-bba2-63e574114c2a",
                "isHook": false,
                "skipped": false
              },
              {
                "title": "renders the submit button as disabled when a selection has not been made",
                "fullTitle": "Guidance Validation Tests lc validation - valid renders the submit button as disabled when a selection has not been made",
                "timedOut": false,
                "duration": 1,
                "state": "passed",
                "speed": "fast",
                "pass": true,
                "fail": false,
                "pending": false,
                "code": "_validation2.default.initToggleCheck();\nexpect($('input[value=\"Next\"]').first().prop('disabled')).to.equal(true);",
                "err": {},
                "isRoot": false,
                "uuid": "5f1b103b-2c62-4dac-b7fc-b789bef525ae",
                "parentUUID": "191429ab-56d5-430b-bba2-63e574114c2a",
                "isHook": false,
                "skipped": false
              },
              {
                "title": "enables the next button when a selection is made",
                "fullTitle": "Guidance Validation Tests lc validation - valid enables the next button when a selection is made",
                "timedOut": false,
                "duration": 0,
                "state": "passed",
                "speed": "fast",
                "pass": true,
                "fail": false,
                "pending": false,
                "code": "$('input[data-applylc]').first().prop('checked', true);\n            _validation2.default.initToggleCheck();\n            expect($('input[value=\"Next\"]').first().prop('disabled')).to.equal(false);",
                "err": {},
                "isRoot": false,
                "uuid": "0ce59e6e-7059-4e32-9991-e2cb155c7725",
                "parentUUID": "191429ab-56d5-430b-bba2-63e574114c2a",
                "isHook": false,
                "skipped": false
              }
            ],
            "failures": [],
            "skipped": [],
            "hasTests": true,
            "hasFailedHooks": false,
            "hasSuites": false,
            "totalTests": 3,
            "totalPasses": 3,
            "totalFailures": 0,
            "totalPending": 0,
            "totalSkipped": 0,
            "hasPasses": true,
            "hasFailures": false,
            "hasPending": false,
            "hasSkipped": false,
            "duration": 1,
            "rootEmpty": false
          }
        ],
        "tests": [],
        "pending": [],
        "root": false,
        "_timeout": 2000,
        "file": "\\test\\guidance\\guidance.validation.test.js",
        "uuid": "e0f886ee-092c-4e44-8713-7f105aa24c3d",
        "failedHooks": [],
        "fullFile": "C:\\Users\\pc1091\\Workspace\\RESDNPM\\test\\guidance\\guidance.validation.test.js",
        "passes": [],
        "failures": [],
        "skipped": [],
        "hasTests": false,
        "hasFailedHooks": false,
        "hasSuites": true,
        "totalTests": 0,
        "totalPasses": 0,
        "totalFailures": 0,
        "totalPending": 0,
        "totalSkipped": 0,
        "hasPasses": false,
        "hasFailures": false,
        "hasPending": false,
        "hasSkipped": false,
        "duration": 0,
        "rootEmpty": false
      },
      {
        "title": "Guidance Validation Tests - not apply",
        "suites": [
          {
            "title": "lc validation - valid",
            "suites": [],
            "tests": [
              {
                "title": "correctly detects whether to run learning contract radio validation",
                "fullTitle": "Guidance Validation Tests - not apply lc validation - valid correctly detects whether to run learning contract radio validation",
                "timedOut": false,
                "duration": 0,
                "state": "passed",
                "speed": "fast",
                "pass": true,
                "fail": false,
                "pending": false,
                "code": "expect(_validation2.default.applyToggleCheck()).to.equal(false);",
                "err": {},
                "isRoot": false,
                "uuid": "5b144c75-2d39-4c44-a9f7-8a962be90603",
                "parentUUID": "2b7b364c-6ba6-4ce9-873b-eb9fb78dd397",
                "isHook": false,
                "skipped": false
              },
              {
                "title": "doesn't bind toggle checks if not applicable",
                "fullTitle": "Guidance Validation Tests - not apply lc validation - valid doesn't bind toggle checks if not applicable",
                "timedOut": false,
                "duration": 0,
                "state": "passed",
                "speed": "fast",
                "pass": true,
                "fail": false,
                "pending": false,
                "code": "expect(_validation2.default.initToggleCheck()).to.equal(false);",
                "err": {},
                "isRoot": false,
                "uuid": "a3760138-d501-4ffe-86b7-314dfc2f4e6b",
                "parentUUID": "2b7b364c-6ba6-4ce9-873b-eb9fb78dd397",
                "isHook": false,
                "skipped": false
              }
            ],
            "pending": [],
            "root": false,
            "_timeout": 2000,
            "file": "\\test\\guidance\\guidance.validation.test.Na.js",
            "uuid": "2b7b364c-6ba6-4ce9-873b-eb9fb78dd397",
            "failedHooks": [],
            "fullFile": "C:\\Users\\pc1091\\Workspace\\RESDNPM\\test\\guidance\\guidance.validation.test.Na.js",
            "passes": [
              {
                "title": "correctly detects whether to run learning contract radio validation",
                "fullTitle": "Guidance Validation Tests - not apply lc validation - valid correctly detects whether to run learning contract radio validation",
                "timedOut": false,
                "duration": 0,
                "state": "passed",
                "speed": "fast",
                "pass": true,
                "fail": false,
                "pending": false,
                "code": "expect(_validation2.default.applyToggleCheck()).to.equal(false);",
                "err": {},
                "isRoot": false,
                "uuid": "5b144c75-2d39-4c44-a9f7-8a962be90603",
                "parentUUID": "2b7b364c-6ba6-4ce9-873b-eb9fb78dd397",
                "isHook": false,
                "skipped": false
              },
              {
                "title": "doesn't bind toggle checks if not applicable",
                "fullTitle": "Guidance Validation Tests - not apply lc validation - valid doesn't bind toggle checks if not applicable",
                "timedOut": false,
                "duration": 0,
                "state": "passed",
                "speed": "fast",
                "pass": true,
                "fail": false,
                "pending": false,
                "code": "expect(_validation2.default.initToggleCheck()).to.equal(false);",
                "err": {},
                "isRoot": false,
                "uuid": "a3760138-d501-4ffe-86b7-314dfc2f4e6b",
                "parentUUID": "2b7b364c-6ba6-4ce9-873b-eb9fb78dd397",
                "isHook": false,
                "skipped": false
              }
            ],
            "failures": [],
            "skipped": [],
            "hasTests": true,
            "hasFailedHooks": false,
            "hasSuites": false,
            "totalTests": 2,
            "totalPasses": 2,
            "totalFailures": 0,
            "totalPending": 0,
            "totalSkipped": 0,
            "hasPasses": true,
            "hasFailures": false,
            "hasPending": false,
            "hasSkipped": false,
            "duration": 0,
            "rootEmpty": false
          }
        ],
        "tests": [],
        "pending": [],
        "root": false,
        "_timeout": 2000,
        "file": "\\test\\guidance\\guidance.validation.test.Na.js",
        "uuid": "7905be2e-2f24-4e5f-a151-fd758d056f9e",
        "failedHooks": [],
        "fullFile": "C:\\Users\\pc1091\\Workspace\\RESDNPM\\test\\guidance\\guidance.validation.test.Na.js",
        "passes": [],
        "failures": [],
        "skipped": [],
        "hasTests": false,
        "hasFailedHooks": false,
        "hasSuites": true,
        "totalTests": 0,
        "totalPasses": 0,
        "totalFailures": 0,
        "totalPending": 0,
        "totalSkipped": 0,
        "hasPasses": false,
        "hasFailures": false,
        "hasPending": false,
        "hasSkipped": false,
        "duration": 0,
        "rootEmpty": false
      },
      {
        "title": "process Validation Tests",
        "suites": [],
        "tests": [
          {
            "title": "validates the page",
            "fullTitle": "process Validation Tests validates the page",
            "timedOut": false,
            "duration": 4,
            "state": "passed",
            "speed": "fast",
            "pass": true,
            "fail": false,
            "pending": false,
            "code": "global.$.prototype.datepicker = function (name, opts) {};\n_validation2.default.validatePage();\n//expect($('.sv-mandatory').length).to.equal(0);",
            "err": {},
            "isRoot": false,
            "uuid": "fc5e5455-3679-4576-8365-7da090e35dca",
            "parentUUID": "ce2a42ac-26b5-4d01-9e32-bdc1f391e82e",
            "isHook": false,
            "skipped": false
          },
          {
            "title": "clears out inputs if decline is selected",
            "fullTitle": "process Validation Tests clears out inputs if decline is selected",
            "timedOut": false,
            "duration": 5,
            "state": "passed",
            "speed": "fast",
            "pass": true,
            "fail": false,
            "pending": false,
            "code": "var row = $('.requestRow');\n$(row).find('[data-decision]').val(2);\n_validation2.default.validatePage();\nexpect($(row).find('[data-extensionlength] option:selected').val()).to.equal('');\nexpect($(row).find('[data-extensionduedate]').first().val()).to.equal('');",
            "err": {},
            "isRoot": false,
            "uuid": "0082f273-375a-4e68-be1b-9b94d4773819",
            "parentUUID": "ce2a42ac-26b5-4d01-9e32-bdc1f391e82e",
            "isHook": false,
            "skipped": false
          },
          {
            "title": "makes a stage 2 date mandatory if the option is selected",
            "fullTitle": "process Validation Tests makes a stage 2 date mandatory if the option is selected",
            "timedOut": false,
            "duration": 6,
            "state": "passed",
            "speed": "fast",
            "pass": true,
            "fail": false,
            "pending": false,
            "code": "var row = $('.requestRow');\nvar stage2length = $(row).next('.stage2Row').find('[data-extensionlength]');\nvar stage2duedate = $(row).next('.stage2Row').find('[data-extensionduedate]');\nstage2length.val(0);\n(0, _validation.extensionLength)(stage2length.find('option:selected'), stage2duedate);\nexpect(stage2duedate.prop('disabled')).to.be.false;\nstage2duedate.val('01/May/2017');\n(0, _validation.extensionLength)(stage2length.find('option:selected'), stage2duedate);\nexpect(stage2duedate.prop('disabled')).to.be.false;\n_validation2.default.validatePage();\nstage2length.val('');\n(0, _validation.extensionLength)(stage2length.find('option:selected'), stage2duedate);\nexpect(stage2duedate.prop('disabled')).to.be.true;",
            "err": {},
            "isRoot": false,
            "uuid": "eb094305-a145-449a-b006-dbf8a8326900",
            "parentUUID": "ce2a42ac-26b5-4d01-9e32-bdc1f391e82e",
            "isHook": false,
            "skipped": false
          }
        ],
        "pending": [],
        "root": false,
        "_timeout": 2000,
        "file": "\\test\\process\\process.validation.tests.js",
        "uuid": "ce2a42ac-26b5-4d01-9e32-bdc1f391e82e",
        "failedHooks": [],
        "fullFile": "C:\\Users\\pc1091\\Workspace\\RESDNPM\\test\\process\\process.validation.tests.js",
        "passes": [
          {
            "title": "validates the page",
            "fullTitle": "process Validation Tests validates the page",
            "timedOut": false,
            "duration": 4,
            "state": "passed",
            "speed": "fast",
            "pass": true,
            "fail": false,
            "pending": false,
            "code": "global.$.prototype.datepicker = function (name, opts) {};\n_validation2.default.validatePage();\n//expect($('.sv-mandatory').length).to.equal(0);",
            "err": {},
            "isRoot": false,
            "uuid": "fc5e5455-3679-4576-8365-7da090e35dca",
            "parentUUID": "ce2a42ac-26b5-4d01-9e32-bdc1f391e82e",
            "isHook": false,
            "skipped": false
          },
          {
            "title": "clears out inputs if decline is selected",
            "fullTitle": "process Validation Tests clears out inputs if decline is selected",
            "timedOut": false,
            "duration": 5,
            "state": "passed",
            "speed": "fast",
            "pass": true,
            "fail": false,
            "pending": false,
            "code": "var row = $('.requestRow');\n$(row).find('[data-decision]').val(2);\n_validation2.default.validatePage();\nexpect($(row).find('[data-extensionlength] option:selected').val()).to.equal('');\nexpect($(row).find('[data-extensionduedate]').first().val()).to.equal('');",
            "err": {},
            "isRoot": false,
            "uuid": "0082f273-375a-4e68-be1b-9b94d4773819",
            "parentUUID": "ce2a42ac-26b5-4d01-9e32-bdc1f391e82e",
            "isHook": false,
            "skipped": false
          },
          {
            "title": "makes a stage 2 date mandatory if the option is selected",
            "fullTitle": "process Validation Tests makes a stage 2 date mandatory if the option is selected",
            "timedOut": false,
            "duration": 6,
            "state": "passed",
            "speed": "fast",
            "pass": true,
            "fail": false,
            "pending": false,
            "code": "var row = $('.requestRow');\nvar stage2length = $(row).next('.stage2Row').find('[data-extensionlength]');\nvar stage2duedate = $(row).next('.stage2Row').find('[data-extensionduedate]');\nstage2length.val(0);\n(0, _validation.extensionLength)(stage2length.find('option:selected'), stage2duedate);\nexpect(stage2duedate.prop('disabled')).to.be.false;\nstage2duedate.val('01/May/2017');\n(0, _validation.extensionLength)(stage2length.find('option:selected'), stage2duedate);\nexpect(stage2duedate.prop('disabled')).to.be.false;\n_validation2.default.validatePage();\nstage2length.val('');\n(0, _validation.extensionLength)(stage2length.find('option:selected'), stage2duedate);\nexpect(stage2duedate.prop('disabled')).to.be.true;",
            "err": {},
            "isRoot": false,
            "uuid": "eb094305-a145-449a-b006-dbf8a8326900",
            "parentUUID": "ce2a42ac-26b5-4d01-9e32-bdc1f391e82e",
            "isHook": false,
            "skipped": false
          }
        ],
        "failures": [],
        "skipped": [],
        "hasTests": true,
        "hasFailedHooks": false,
        "hasSuites": false,
        "totalTests": 3,
        "totalPasses": 3,
        "totalFailures": 0,
        "totalPending": 0,
        "totalSkipped": 0,
        "hasPasses": true,
        "hasFailures": false,
        "hasPending": false,
        "hasSkipped": false,
        "duration": 15,
        "rootEmpty": false
      },
      {
        "title": "Characters Remaining Tests",
        "suites": [],
        "tests": [
          {
            "title": "Updates on input",
            "fullTitle": "Characters Remaining Tests Updates on input",
            "timedOut": false,
            "duration": 0,
            "state": "passed",
            "speed": "fast",
            "pass": true,
            "fail": false,
            "pending": false,
            "code": "$('#input').text('12345');\n$('#input').keyup();\nexpect($('#output').html()).to.equal(\"5\");",
            "err": {},
            "isRoot": false,
            "uuid": "f28c845d-651c-4240-8381-3d081d5ee212",
            "parentUUID": "e83bbeba-fee4-44b1-a22a-6e4547f2f0bc",
            "isHook": false,
            "skipped": false
          },
          {
            "title": "doesn't allow minus figures",
            "fullTitle": "Characters Remaining Tests doesn't allow minus figures",
            "timedOut": false,
            "duration": 0,
            "state": "passed",
            "speed": "fast",
            "pass": true,
            "fail": false,
            "pending": false,
            "code": "$('#input').text('12345678910');\n$('#input').keyup();\nexpect($('#output').html()).to.equal(\"0\");",
            "err": {},
            "isRoot": false,
            "uuid": "9525caf2-34ff-4214-bfef-6127fefb1def",
            "parentUUID": "e83bbeba-fee4-44b1-a22a-6e4547f2f0bc",
            "isHook": false,
            "skipped": false
          },
          {
            "title": "trims input",
            "fullTitle": "Characters Remaining Tests trims input",
            "timedOut": false,
            "duration": 1,
            "state": "passed",
            "speed": "fast",
            "pass": true,
            "fail": false,
            "pending": false,
            "code": "$('#input').text('123456789123345segegege10');\n$('#input').keyup();\nexpect($('#input').text()).to.equal(\"1234567891\");",
            "err": {},
            "isRoot": false,
            "uuid": "00ff13bc-925e-4e32-9cad-91994639b498",
            "parentUUID": "e83bbeba-fee4-44b1-a22a-6e4547f2f0bc",
            "isHook": false,
            "skipped": false
          }
        ],
        "pending": [],
        "root": false,
        "_timeout": 2000,
        "file": "\\test\\shared\\charactersRemaining.test.js",
        "uuid": "e83bbeba-fee4-44b1-a22a-6e4547f2f0bc",
        "failedHooks": [],
        "fullFile": "C:\\Users\\pc1091\\Workspace\\RESDNPM\\test\\shared\\charactersRemaining.test.js",
        "passes": [
          {
            "title": "Updates on input",
            "fullTitle": "Characters Remaining Tests Updates on input",
            "timedOut": false,
            "duration": 0,
            "state": "passed",
            "speed": "fast",
            "pass": true,
            "fail": false,
            "pending": false,
            "code": "$('#input').text('12345');\n$('#input').keyup();\nexpect($('#output').html()).to.equal(\"5\");",
            "err": {},
            "isRoot": false,
            "uuid": "f28c845d-651c-4240-8381-3d081d5ee212",
            "parentUUID": "e83bbeba-fee4-44b1-a22a-6e4547f2f0bc",
            "isHook": false,
            "skipped": false
          },
          {
            "title": "doesn't allow minus figures",
            "fullTitle": "Characters Remaining Tests doesn't allow minus figures",
            "timedOut": false,
            "duration": 0,
            "state": "passed",
            "speed": "fast",
            "pass": true,
            "fail": false,
            "pending": false,
            "code": "$('#input').text('12345678910');\n$('#input').keyup();\nexpect($('#output').html()).to.equal(\"0\");",
            "err": {},
            "isRoot": false,
            "uuid": "9525caf2-34ff-4214-bfef-6127fefb1def",
            "parentUUID": "e83bbeba-fee4-44b1-a22a-6e4547f2f0bc",
            "isHook": false,
            "skipped": false
          },
          {
            "title": "trims input",
            "fullTitle": "Characters Remaining Tests trims input",
            "timedOut": false,
            "duration": 1,
            "state": "passed",
            "speed": "fast",
            "pass": true,
            "fail": false,
            "pending": false,
            "code": "$('#input').text('123456789123345segegege10');\n$('#input').keyup();\nexpect($('#input').text()).to.equal(\"1234567891\");",
            "err": {},
            "isRoot": false,
            "uuid": "00ff13bc-925e-4e32-9cad-91994639b498",
            "parentUUID": "e83bbeba-fee4-44b1-a22a-6e4547f2f0bc",
            "isHook": false,
            "skipped": false
          }
        ],
        "failures": [],
        "skipped": [],
        "hasTests": true,
        "hasFailedHooks": false,
        "hasSuites": false,
[...]
      "skipped": false
    },
    {
      "title": "correctly detects whether to run learning contract radio validation",
      "fullTitle": "lc validation - valid correctly detects whether to run learning contract radio validation",
      "timedOut": false,
      "duration": 0,
      "state": "passed",
      "speed": "fast",
      "pass": true,
      "fail": false,
      "pending": false,
      "code": "expect(_validation2.default.applyToggleCheck()).to.equal(false);",
      "err": {},
      "isRoot": false,
      "uuid": "5b144c75-2d39-4c44-a9f7-8a962be90603",
      "parentUUID": "2b7b364c-6ba6-4ce9-873b-eb9fb78dd397",
      "isHook": false,
      "skipped": false
    },
    {
      "title": "doesn't bind toggle checks if not applicable",
      "fullTitle": "lc validation - valid doesn't bind toggle checks if not applicable",
      "timedOut": false,
      "duration": 0,
      "state": "passed",
      "speed": "fast",
      "pass": true,
      "fail": false,
      "pending": false,
      "code": "expect(_validation2.default.initToggleCheck()).to.equal(false);",
      "err": {},
      "isRoot": false,
      "uuid": "a3760138-d501-4ffe-86b7-314dfc2f4e6b",
      "parentUUID": "2b7b364c-6ba6-4ce9-873b-eb9fb78dd397",
      "isHook": false,
      "skipped": false
    },
    {
      "title": "validates the page",
      "fullTitle": "process Validation Tests validates the page",
      "timedOut": false,
      "duration": 4,
      "state": "passed",
      "speed": "fast",
      "pass": true,
      "fail": false,
      "pending": false,
      "code": "global.$.prototype.datepicker = function (name, opts) {};\n_validation2.default.validatePage();\n//expect($('.sv-mandatory').length).to.equal(0);",
      "err": {},
      "isRoot": false,
      "uuid": "fc5e5455-3679-4576-8365-7da090e35dca",
      "parentUUID": "ce2a42ac-26b5-4d01-9e32-bdc1f391e82e",
      "isHook": false,
      "skipped": false
    },
    {
      "title": "clears out inputs if decline is selected",
      "fullTitle": "process Validation Tests clears out inputs if decline is selected",
      "timedOut": false,
      "duration": 5,
      "state": "passed",
      "speed": "fast",
      "pass": true,
      "fail": false,
      "pending": false,
      "code": "var row = $('.requestRow');\n$(row).find('[data-decision]').val(2);\n_validation2.default.validatePage();\nexpect($(row).find('[data-extensionlength] option:selected').val()).to.equal('');\nexpect($(row).find('[data-extensionduedate]').first().val()).to.equal('');",
      "err": {},
      "isRoot": false,
      "uuid": "0082f273-375a-4e68-be1b-9b94d4773819",
      "parentUUID": "ce2a42ac-26b5-4d01-9e32-bdc1f391e82e",
      "isHook": false,
      "skipped": false
    },
    {
      "title": "makes a stage 2 date mandatory if the option is selected",
      "fullTitle": "process Validation Tests makes a stage 2 date mandatory if the option is selected",
      "timedOut": false,
      "duration": 6,
      "state": "passed",
      "speed": "fast",
      "pass": true,
      "fail": false,
      "pending": false,
      "code": "var row = $('.requestRow');\nvar stage2length = $(row).next('.stage2Row').find('[data-extensionlength]');\nvar stage2duedate = $(row).next('.stage2Row').find('[data-extensionduedate]');\nstage2length.val(0);\n(0, _validation.extensionLength)(stage2length.find('option:selected'), stage2duedate);\nexpect(stage2duedate.prop('disabled')).to.be.false;\nstage2duedate.val('01/May/2017');\n(0, _validation.extensionLength)(stage2length.find('option:selected'), stage2duedate);\nexpect(stage2duedate.prop('disabled')).to.be.false;\n_validation2.default.validatePage();\nstage2length.val('');\n(0, _validation.extensionLength)(stage2length.find('option:selected'), stage2duedate);\nexpect(stage2duedate.prop('disabled')).to.be.true;",
      "err": {},
      "isRoot": false,
      "uuid": "eb094305-a145-449a-b006-dbf8a8326900",
      "parentUUID": "ce2a42ac-26b5-4d01-9e32-bdc1f391e82e",
      "isHook": false,
      "skipped": false
    },
    {
      "title": "Updates on input",
      "fullTitle": "Characters Remaining Tests Updates on input",
      "timedOut": false,
      "duration": 0,
      "state": "passed",
      "speed": "fast",
      "pass": true,
      "fail": false,
      "pending": false,
      "code": "$('#input').text('12345');\n$('#input').keyup();\nexpect($('#output').html()).to.equal(\"5\");",
      "err": {},
      "isRoot": false,
      "uuid": "f28c845d-651c-4240-8381-3d081d5ee212",
      "parentUUID": "e83bbeba-fee4-44b1-a22a-6e4547f2f0bc",
      "isHook": false,
      "skipped": false
    },
    {
      "title": "doesn't allow minus figures",
      "fullTitle": "Characters Remaining Tests doesn't allow minus figures",
      "timedOut": false,
      "duration": 0,
      "state": "passed",
      "speed": "fast",
      "pass": true,
      "fail": false,
      "pending": false,
      "code": "$('#input').text('12345678910');\n$('#input').keyup();\nexpect($('#output').html()).to.equal(\"0\");",
      "err": {},
      "isRoot": false,
      "uuid": "9525caf2-34ff-4214-bfef-6127fefb1def",
      "parentUUID": "e83bbeba-fee4-44b1-a22a-6e4547f2f0bc",
      "isHook": false,
      "skipped": false
    },
    {
      "title": "trims input",
      "fullTitle": "Characters Remaining Tests trims input",
      "timedOut": false,
      "duration": 1,
      "state": "passed",
      "speed": "fast",
      "pass": true,
      "fail": false,
      "pending": false,
      "code": "$('#input').text('123456789123345segegege10');\n$('#input').keyup();\nexpect($('#input').text()).to.equal(\"1234567891\");",
      "err": {},
      "isRoot": false,
      "uuid": "00ff13bc-925e-4e32-9cad-91994639b498",
      "parentUUID": "e83bbeba-fee4-44b1-a22a-6e4547f2f0bc",
      "isHook": false,
      "skipped": false
    },
    {
      "title": "sends the message",
      "fullTitle": "Submit Form sends the message",
      "timedOut": false,
      "duration": 2,
      "state": "passed",
      "speed": "fast",
      "pass": true,
      "fail": false,
      "pending": false,
      "code": "var posted = false;\nvar actionReceived = '';\nvar dataReceived = '';\nglobal.$.post = function (action, data, callback) {\n\tactionReceived = action;\n\tdataReceived = data;\n\tcallback();\n};\n(0, _submitFormAsync2.default)(function () {\n\tposted = true;\n});\nexpect(posted).to.equal(true);\nexpect(dataReceived).to.not.equal('');\nexpect(actionReceived).to.equal('test');",
      "err": {},
      "isRoot": false,
      "uuid": "bf34499c-284b-4518-a7fd-a7520b4a0926",
      "parentUUID": "4234c125-6f1a-4105-b626-534fb5d5f2e5",
      "isHook": false,
      "skipped": false
    },
    {
      "title": "invalidates a blank input",
      "fullTitle": "Validator Tests invalidates a blank input",
      "timedOut": false,
      "duration": 0,
      "state": "passed",
      "speed": "fast",
      "pass": true,
      "fail": false,
      "pending": false,
      "code": "_validator2.default.validateInputs([$('input').first()]);\nexpect($('input.sv-mandatory').length).to.equal(1);",
      "err": {},
      "isRoot": false,
      "uuid": "bbe08000-cf3d-4a39-8ae4-09de86edeed1",
      "parentUUID": "abeecc61-9baa-46a4-b5f1-1e69f5596936",
      "isHook": false,
      "skipped": false
    },
    {
      "title": "validates a filled in input",
      "fullTitle": "Validator Tests validates a filled in input",
      "timedOut": false,
      "duration": 0,
      "state": "passed",
      "speed": "fast",
      "pass": true,
      "fail": false,
      "pending": false,
      "code": "_validator2.default.validateInputs([$('input').first().val('yes')]);\nexpect($('input.sv-mandatory').length).to.equal(0);",
      "err": {},
      "isRoot": false,
      "uuid": "2ad38988-fac6-469e-bb41-871b185f6c9e",
      "parentUUID": "abeecc61-9baa-46a4-b5f1-1e69f5596936",
      "isHook": false,
      "skipped": false
    },
    {
      "title": "invalidates a select showing \"Please select\"",
      "fullTitle": "Validator Tests invalidates a select showing \"Please select\"",
      "timedOut": false,
      "duration": 1,
      "state": "passed",
      "speed": "fast",
      "pass": true,
      "fail": false,
      "pending": false,
      "code": "_validator2.default.validateSelects([$('select option:selected').first()]);\nexpect($('select.sv-mandatory').length).to.equal(1);",
      "err": {},
      "isRoot": false,
      "uuid": "5d7d16f4-52ea-4579-be59-f390c2e4a8a5",
      "parentUUID": "abeecc61-9baa-46a4-b5f1-1e69f5596936",
      "isHook": false,
      "skipped": false
    },
    {
      "title": "validates a valid select",
      "fullTitle": "Validator Tests validates a valid select",
      "timedOut": false,
      "duration": 0,
      "state": "passed",
      "speed": "fast",
      "pass": true,
      "fail": false,
      "pending": false,
      "code": "_validator2.default.validateSelects([$('select').first().val(\"1\").find('option:selected').first()]);\nexpect($('select.sv-mandatory').length).to.equal(0);",
      "err": {},
      "isRoot": false,
      "uuid": "10582258-2b30-4e72-af37-2c3cb7f5eb91",
      "parentUUID": "abeecc61-9baa-46a4-b5f1-1e69f5596936",
      "isHook": false,
      "skipped": false
    },
    {
      "title": "Binds a delete function",
      "fullTitle": "Student View Binds a delete function",
      "timedOut": false,
      "duration": 1,
      "state": "passed",
      "speed": "fast",
      "pass": true,
      "fail": false,
      "pending": false,
      "code": "_eventHandlers2.default.deleteButtonClicked();\n$('#deleteRequest').click();\nexpect(global.sitsDialogTitleReceived).to.equal('delete title');",
      "err": {},
      "isRoot": false,
      "uuid": "e5813615-2b23-4b80-8075-3c998cca64a5",
      "parentUUID": "cca53ee8-c8f7-4fed-9b57-0fb0857b857a",
      "isHook": false,
      "skipped": false
    },
    {
      "title": "deletes a request by performing an ajax call",
      "fullTitle": "Student View deletes a request by performing an ajax call",
      "timedOut": false,
      "duration": 1,
      "state": "passed",
      "speed": "fast",
      "pass": true,
      "fail": false,
      "pending": false,
      "code": "var getsCalled = 0;\nvar hrefReceived = '';\nvar callbackCalled = false;\n$.get = function (url, callback) {\n\threfReceived = url;\n\tgetsCalled++;\n\tcallback();\n};\n(0, _deleteRequest2.default)('#deleteRequest', function () {\n\tcallbackCalled = true;\n});\nexpect($('#deleteRequest').prop('disabled')).to.equal(true);\nexpect(getsCalled).to.equal(1);\nexpect(callbackCalled).to.be.true;\nexpect(hrefReceived).to.equal('delete');\ncallbackCalled = false;\n(0, _deleteRequest2.default)('#deleteRequest', 'no callback');\nexpect(callbackCalled).to.be.false;",
      "err": {},
      "isRoot": false,
      "uuid": "bd9abab5-cd9d-4226-8c9e-c33a445538a3",
      "parentUUID": "cca53ee8-c8f7-4fed-9b57-0fb0857b857a",
      "isHook": false,
      "skipped": false
    },
    {
      "title": "refreshes data and shows if data is returned",
      "fullTitle": "Student View refreshes data and shows if data is returned",
      "timedOut": false,
      "duration": 23,
      "state": "passed",
      "speed": "fast",
      "pass": true,
      "fail": false,
      "pending": false,
      "code": "//empty table data;\n$('#openRequests tbody').html('');\nvar hrefReceived = '';\n$.get = function (href, callback) {\n\threfReceived = href;\n\tcallback('requestRow');\n};\n(0, _refreshData2.default)();\nexpect(hrefReceived).to.equal('ajaxurl');\nexpect($('#openRequests tbody').html()).to.equal('requestRow');\nexpect($('#openRequests').css('display')).to.not.equal('none');",
      "err": {},
      "isRoot": false,
      "uuid": "43ff31f0-dc30-4e9b-9fcd-bb0b68b7d6a4",
      "parentUUID": "cca53ee8-c8f7-4fed-9b57-0fb0857b857a",
      "isHook": false,
      "skipped": false
    },
    {
      "title": "refreshes data and hides request row if none returned",
      "fullTitle": "Student View refreshes data and hides request row if none returned",
      "timedOut": false,
      "duration": 19,
      "state": "passed",
      "speed": "fast",
      "pass": true,
      "fail": false,
      "pending": false,
      "code": "//empty table data;\n$('#openRequests tbody').html('');\n$.get = function (href, callback) {\n\tcallback('noreqs');\n};\n(0, _refreshData2.default)();\nexpect($('#openRequests').css('display')).to.equal('none');",
      "err": {},
      "isRoot": false,
      "uuid": "091ad594-b557-41f8-b382-908dd8e32dc5",
      "parentUUID": "cca53ee8-c8f7-4fed-9b57-0fb0857b857a",
      "isHook": false,
      "skipped": false
    },
    {
      "title": "The uploader doesn't hide as there is still evidence that will need to be deleted",
      "fullTitle": "Summary Screen The uploader doesn't hide as there is still evidence that will need to be deleted",
      "timedOut": false,
      "duration": 29,
      "state": "passed",
      "speed": "fast",
      "pass": true,
      "fail": false,
      "pending": false,
      "code": "$('input[data-evidenceavailable]').prop('checked', true);\n(0, _evidenceMode2.default)({ warning: function warning() {} });\nexpect($('[id^=\"PLUP_uploader\"]').css('display')).to.equal('block');",
      "err": {},
      "isRoot": false,
      "uuid": "dbfadb10-a251-49c4-ad5f-f8042f79b74c",
      "parentUUID": "c396b230-a971-4f5d-9daa-c249642f9ae8",
      "isHook": false,
      "skipped": false
    },
    {
      "title": "Hides the uploader if the \"no  evidence available\" tick box is ticked",
      "fullTitle": "Summary Screen Hides the uploader if the \"no  evidence available\" tick box is ticked",
      "timedOut": false,
      "duration": 30,
      "state": "passed",
      "speed": "fast",
      "pass": true,
      "fail": false,
      "pending": false,
      "code": "$('input[data-evidenceavailable]').prop('checked', true);\n(0, _evidenceMode2.default)();\nexpect($('[id^=\"PLUP_uploader\"]').css('display')).to.equal('none');",
      "err": {},
      "isRoot": false,
      "uuid": "03210769-09e9-4cfa-85ff-5c381352b02f",
      "parentUUID": "4f2ab1aa-8c78-4655-a938-5cd9dbe506be",
      "isHook": false,
      "skipped": false
    },
    {
      "title": "Show the uploader if the reverse is true",
      "fullTitle": "Summary Screen Show the uploader if the reverse is true",
      "timedOut": false,
      "duration": 59,
      "state": "passed",
      "speed": "medium",
      "pass": true,
      "fail": false,
      "pending": false,
      "code": "$('input[data-evidenceavailable]').prop('checked', false);\n(0, _evidenceMode2.default)();\n//wait for fade in\nsetTimeout(function () {\n\texpect($('[id^=\"PLUP_uploader\"]').css('display')).to.equal('block');\n}, 1000);",
      "err": {},
      "isRoot": false,
      "uuid": "eada2802-7344-4aa7-b2d2-8b641ccf70b1",
      "parentUUID": "4f2ab1aa-8c78-4655-a938-5cd9dbe506be",
      "isHook": false,
      "skipped": false
    },
    {
      "title": "Show the uploader if the reverse is true",
      "fullTitle": "Summary Screen Show the uploader if the reverse is true",
      "timedOut": false,
      "duration": 4,
      "state": "passed",
      "speed": "fast",
      "pass": true,
      "fail": false,
      "pending": false,
      "code": "$('input[data-evidenceavailable]').prop('checked', true);\n$('input[data-evidencereason]').val('');\n(0, _evidenceMode2.default)();\n//wait for fade in\nsetTimeout(function () {\n\texpect($('[id^=\"PLUP_uploader\"]').css('display')).to.equal('none');\n}, 1000);",
      "err": {},
      "isRoot": false,
      "uuid": "1a656d64-c606-47cc-80d6-9efa0271a762",
      "parentUUID": "4f2ab1aa-8c78-4655-a938-5cd9dbe506be",
      "isHook": false,
      "skipped": false
    },
    {
      "title": "validates a valid page",
      "fullTitle": "Summary Screen validates a valid page",
      "timedOut": false,
      "duration": 0,
      "state": "passed",
      "speed": "fast",
      "pass": true,
      "fail": false,
      "pending": false,
      "code": "expect(_validation2.default.validatePage()).to.be.true;",
      "err": {},
      "isRoot": false,
      "uuid": "70e9bc05-284d-4586-9f5e-fa8a040a1a41",
      "parentUUID": "106ea5ed-3b66-4d48-9ebd-c71693369e31",
      "isHook": false,
      "skipped": false
    },
    {
      "title": "fails a validation if summary is missing",
      "fullTitle": "Summary Screen fails a validation if summary is missing",
      "timedOut": false,
      "duration": 3,
      "state": "passed",
      "speed": "fast",
      "pass": true,
      "fail": false,
      "pending": false,
      "code": "global.staff = undefined; //remove staff override switch\n$('textarea').first().text('');\n_validation2.default.validatePage();\nexpect($('.sv-mandatory').length).to.equal(1); // :visible selector broken but",
      "err": {},
      "isRoot": false,
      "uuid": "7f95f033-f977-4cab-8101-5e74dfc5cd98",
      "parentUUID": "106ea5ed-3b66-4d48-9ebd-c71693369e31",
      "isHook": false,
      "skipped": false
    },
    {
      "title": "validates a valid page",
      "fullTitle": "Summary Screen validates a valid page",
      "timedOut": false,
      "duration": 2,
      "state": "passed",
      "speed": "fast",
      "pass": true,
      "fail": false,
      "pending": false,
      "code": "expect(_validation2.default.validatePage()).to.be.true;",
      "err": {},
      "isRoot": false,
      "uuid": "f67bb043-68a0-4715-b0b1-84c9089c324f",
      "parentUUID": "f5122fd0-f6c7-4e79-8022-ae106a3ab178",
      "isHook": false,
      "skipped": false
    },
    {
      "title": "sets the next button to enabled  if the page is valid and nothing is uploading",
      "fullTitle": "Summary Screen sets the next button to enabled  if the page is valid and nothing is uploading",
      "timedOut": false,
      "duration": 2,
      "state": "passed",
      "speed": "fast",
      "pass": true,
      "fail": false,
      "pending": false,
      "code": "//set window pluploader to ready (mock)\nglobal.uploader = { a: { state: 1 } };\n_validation2.default.setNextButtonState();\nexpect($('input[value=\"Next\"]').prop('disabled')).to.be.false; // :visible selector broken but",
      "err": {},
      "isRoot": false,
      "uuid": "009b1c67-e48a-4ed3-b4d2-f06a93b74e2e",
      "parentUUID": "f5122fd0-f6c7-4e79-8022-ae106a3ab178",
      "isHook": false,
      "skipped": false
    },
    {
      "title": "sets the next button to disabled  if the page is valid and evidence is uploading",
      "fullTitle": "Summary Screen sets the next button to disabled  if the page is valid and evidence is uploading",
      "timedOut": false,
      "duration": 1,
      "state": "passed",
      "speed": "fast",
      "pass": true,
      "fail": false,
      "pending": false,
      "code": "//set window pluploader to ready (mock)\nglobal.uploader = { a: { state: 2 } };\n_validation2.default.setNextButtonState();\nexpect($('input[value=\"Next\"]').prop('disabled')).to.be.true; // :visible selector broken but",
      "err": {},
      "isRoot": false,
      "uuid": "ac61843b-f64a-4386-94c0-dba47b81fa10",
      "parentUUID": "f5122fd0-f6c7-4e79-8022-ae106a3ab178",
      "isHook": false,
      "skipped": false
    },
    {
      "title": "fails a validation if summary is missing",
      "fullTitle": "Summary Screen fails a validation if summary is missing",
      "timedOut": false,
      "duration": 2,
      "state": "passed",
      "speed": "fast",
      "pass": true,
      "fail": false,
      "pending": false,
      "code": "global.staff = undefined; //remove staff override switch\n$('textarea').first().text('');\n_validation2.default.validatePage();\nexpect($('.sv-mandatory').length).to.equal(1); // :visible selector broken but",
      "err": {},
      "isRoot": false,
      "uuid": "d19b563e-efb6-4c1d-a5e6-ba29ec3f34a9",
      "parentUUID": "f5122fd0-f6c7-4e79-8022-ae106a3ab178",
      "isHook": false,
      "skipped": false
    }
  ],
  "allFailures": [],
  "copyrightYear": 2017
}