{
  "stats": {
    "suites": 24,
    "tests": 54,
    "passes": 54,
    "pending": 0,
    "failures": 0,
    "start": "2017-05-26T07:49:24.842Z",
    "end": "2017-05-26T07:49:25.863Z",
    "duration": 1021,
    "testsRegistered": 54,
    "passPercent": 100,
    "pendingPercent": 0,
    "other": 0,
    "hasOther": false,
    "skipped": 0,
    "hasSkipped": false,
    "passPercentClass": "success",
    "pendingPercentClass": "danger"
  },
  "suites": {
    "title": "",
    "suites": [
      {
        "title": "check 24 Hours tests",
        "suites": [
          {
            "title": "check whether in 24 hours",
            "suites": [],
            "tests": [
              {
                "title": "ignores assessments over 24 hours away",
                "fullTitle": "check 24 Hours tests check whether in 24 hours ignores assessments over 24 hours away",
                "timedOut": false,
                "duration": 6,
                "state": "passed",
                "speed": "fast",
                "pass": true,
                "fail": false,
                "pending": false,
                "code": "expect(_check24Hours2.default.validate24Hours($('.requestRow').first())).to.equal(false);",
                "err": {},
                "isRoot": false,
                "uuid": "1be8da00-b52f-4672-8a83-88238777a77d",
                "parentUUID": "a88d15b0-6ec2-4dcb-a6d5-cc207a1b52a6",
                "isHook": false,
                "skipped": false
              },
              {
                "title": "detects if an assessment is within 24 hours",
                "fullTitle": "check 24 Hours tests check whether in 24 hours detects if an assessment is within 24 hours",
                "timedOut": false,
                "duration": 0,
                "state": "passed",
                "speed": "fast",
                "pass": true,
                "fail": false,
                "pending": false,
                "code": "$('.dueDate').first().html(formatDate(new Date()));\nexpect(_check24Hours2.default.validate24Hours($('.requestRow').first())).to.equal(true);",
                "err": {},
                "isRoot": false,
                "uuid": "f9df8abd-5725-4095-b8bc-c707c5119e02",
                "parentUUID": "a88d15b0-6ec2-4dcb-a6d5-cc207a1b52a6",
                "isHook": false,
                "skipped": false
              },
              {
                "title": "prompts for fsst name if necessary",
                "fullTitle": "check 24 Hours tests check whether in 24 hours prompts for fsst name if necessary",
                "timedOut": false,
                "duration": 0,
                "state": "passed",
                "speed": "fast",
                "pass": true,
                "fail": false,
                "pending": false,
                "code": "$('body').append('<input id=\"fsstInput\" value=\"Test Staff\" />');\n_check24Hours2.default.FSSTDialog($('.requestRow').first(), function () {});\nexpect(global.sitsDialogTitleReceived).to.equal('24hourstitle');\nexpect(global.sitsDialogMessageReceived).to.equal('24hoursmessage');\nexpect(typeof global.sitsDialogActionsReceived['Yes'] == 'function').to.be.true;\nexpect(typeof global.sitsDialogActionsReceived['No'] == 'function').to.be.true;",
                "err": {},
                "isRoot": false,
                "uuid": "dff49ec4-fd76-4f6f-ba37-a5bc6e850bf5",
                "parentUUID": "a88d15b0-6ec2-4dcb-a6d5-cc207a1b52a6",
                "isHook": false,
                "skipped": false
              },
              {
                "title": "closes dialog if exit is chosen in staff name prompt dialog",
                "fullTitle": "check 24 Hours tests check whether in 24 hours closes dialog if exit is chosen in staff name prompt dialog",
                "timedOut": false,
                "duration": 0,
                "state": "passed",
                "speed": "fast",
                "pass": true,
                "fail": false,
                "pending": false,
                "code": "(0, _check24Hours.staffNamePromptExit)({ title: 'namePrompt' }, $('<div><input type=\"checkbox\" class=\"selected\"/></div>'));\nexpect(global.sitsDialogClosedTitle).to.equal('namePrompt');",
                "err": {},
                "isRoot": false,
                "uuid": "9e79d234-968d-4806-944b-75db18d83b6f",
                "parentUUID": "a88d15b0-6ec2-4dcb-a6d5-cc207a1b52a6",
                "isHook": false,
                "skipped": false
              },
              {
                "title": "closes dialog if exit is chosen in staff name prompt dialog",
                "fullTitle": "check 24 Hours tests check whether in 24 hours closes dialog if exit is chosen in staff name prompt dialog",
                "timedOut": false,
                "duration": 16,
                "state": "passed",
                "speed": "fast",
                "pass": true,
                "fail": false,
                "pending": false,
                "code": "var saved = (0, _check24Hours.staffNamePromptSave)({ title: 'namePrompt' }, $('<div><input type=\"checkbox\" class=\"selected\"/></div>'), function () {});\nexpect(global.sitsDialogClosedTitle).to.equal('namePrompt');\nexpect(saved).to.be.true;",
                "err": {},
                "isRoot": false,
                "uuid": "fcd27a11-1596-44dd-8a59-a286c09ba47a",
                "parentUUID": "a88d15b0-6ec2-4dcb-a6d5-cc207a1b52a6",
                "isHook": false,
                "skipped": false
              },
              {
                "title": "closes the fsst dialog if no is selected and deselects the row",
                "fullTitle": "check 24 Hours tests check whether in 24 hours closes the fsst dialog if no is selected and deselects the row",
                "timedOut": false,
                "duration": 0,
                "state": "passed",
                "speed": "fast",
                "pass": true,
                "fail": false,
                "pending": false,
                "code": "_check24Hours.fsstDialogNoResponse;",
                "err": {},
                "isRoot": false,
                "uuid": "550debb4-1037-49f3-a76b-e930610545a8",
                "parentUUID": "a88d15b0-6ec2-4dcb-a6d5-cc207a1b52a6",
                "isHook": false,
                "skipped": false
              },
              {
                "title": "closes the fsst dialog if no is selected and deselects the row",
                "fullTitle": "check 24 Hours tests check whether in 24 hours closes the fsst dialog if no is selected and deselects the row",
                "timedOut": false,
                "duration": 0,
                "state": "passed",
                "speed": "fast",
                "pass": true,
                "fail": false,
                "pending": false,
                "code": "var row = $('.requestRow').first();\nrow.find('.selected').first().prop('checked', true);\n(0, _check24Hours.fsstDialogNoResponse)({ title: 'noresponse' }, row);\nexpect(global.sitsDialogClosedTitle).to.equal('noresponse');\nexpect(row.find('.selected').first().prop('checked')).to.be.false;",
                "err": {},
                "isRoot": false,
                "uuid": "af909d0d-9baf-4674-a2ee-b9893dabf7af",
                "parentUUID": "a88d15b0-6ec2-4dcb-a6d5-cc207a1b52a6",
                "isHook": false,
                "skipped": false
              },
              {
                "title": "closes the fsst dialog and calls staff name prompt",
                "fullTitle": "check 24 Hours tests check whether in 24 hours closes the fsst dialog and calls staff name prompt",
                "timedOut": false,
                "duration": 0,
                "state": "passed",
                "speed": "fast",
                "pass": true,
                "fail": false,
                "pending": false,
                "code": "var result = (0, _check24Hours.fsstDialogYesResponse)({ title: 'yesresponse' });\nexpect(global.sitsDialogClosedTitle).to.equal('yesresponse');",
                "err": {},
                "isRoot": false,
                "uuid": "52a7b5bb-077d-4943-ac31-d6092c1e2ae3",
                "parentUUID": "a88d15b0-6ec2-4dcb-a6d5-cc207a1b52a6",
                "isHook": false,
                "skipped": false
              }
            ],
            "pending": [],
            "root": false,
            "_timeout": 2000,
            "file": "\\test\\assessments\\assessments.check24Hours.test.js",
            "uuid": "a88d15b0-6ec2-4dcb-a6d5-cc207a1b52a6",
            "failedHooks": [],
            "fullFile": "C:\\Users\\pc1091\\Workspace\\RESDNPM\\test\\assessments\\assessments.check24Hours.test.js",
            "passes": [
              {
                "title": "ignores assessments over 24 hours away",
                "fullTitle": "check 24 Hours tests check whether in 24 hours ignores assessments over 24 hours away",
                "timedOut": false,
                "duration": 6,
                "state": "passed",
                "speed": "fast",
                "pass": true,
                "fail": false,
                "pending": false,
                "code": "expect(_check24Hours2.default.validate24Hours($('.requestRow').first())).to.equal(false);",
                "err": {},
                "isRoot": false,
                "uuid": "1be8da00-b52f-4672-8a83-88238777a77d",
                "parentUUID": "a88d15b0-6ec2-4dcb-a6d5-cc207a1b52a6",
                "isHook": false,
                "skipped": false
              },
              {
                "title": "detects if an assessment is within 24 hours",
                "fullTitle": "check 24 Hours tests check whether in 24 hours detects if an assessment is within 24 hours",
                "timedOut": false,
                "duration": 0,
                "state": "passed",
                "speed": "fast",
                "pass": true,
                "fail": false,
                "pending": false,
                "code": "$('.dueDate').first().html(formatDate(new Date()));\nexpect(_check24Hours2.default.validate24Hours($('.requestRow').first())).to.equal(true);",
                "err": {},
                "isRoot": false,
                "uuid": "f9df8abd-5725-4095-b8bc-c707c5119e02",
                "parentUUID": "a88d15b0-6ec2-4dcb-a6d5-cc207a1b52a6",
                "isHook": false,
                "skipped": false
              },
              {
                "title": "prompts for fsst name if necessary",
                "fullTitle": "check 24 Hours tests check whether in 24 hours prompts for fsst name if necessary",
                "timedOut": false,
                "duration": 0,
                "state": "passed",
                "speed": "fast",
                "pass": true,
                "fail": false,
                "pending": false,
                "code": "$('body').append('<input id=\"fsstInput\" value=\"Test Staff\" />');\n_check24Hours2.default.FSSTDialog($('.requestRow').first(), function () {});\nexpect(global.sitsDialogTitleReceived).to.equal('24hourstitle');\nexpect(global.sitsDialogMessageReceived).to.equal('24hoursmessage');\nexpect(typeof global.sitsDialogActionsReceived['Yes'] == 'function').to.be.true;\nexpect(typeof global.sitsDialogActionsReceived['No'] == 'function').to.be.true;",
                "err": {},
                "isRoot": false,
                "uuid": "dff49ec4-fd76-4f6f-ba37-a5bc6e850bf5",
                "parentUUID": "a88d15b0-6ec2-4dcb-a6d5-cc207a1b52a6",
                "isHook": false,
                "skipped": false
              },
              {
                "title": "closes dialog if exit is chosen in staff name prompt dialog",
                "fullTitle": "check 24 Hours tests check whether in 24 hours closes dialog if exit is chosen in staff name prompt dialog",
                "timedOut": false,
                "duration": 0,
                "state": "passed",
                "speed": "fast",
                "pass": true,
                "fail": false,
                "pending": false,
                "code": "(0, _check24Hours.staffNamePromptExit)({ title: 'namePrompt' }, $('<div><input type=\"checkbox\" class=\"selected\"/></div>'));\nexpect(global.sitsDialogClosedTitle).to.equal('namePrompt');",
                "err": {},
                "isRoot": false,
                "uuid": "9e79d234-968d-4806-944b-75db18d83b6f",
                "parentUUID": "a88d15b0-6ec2-4dcb-a6d5-cc207a1b52a6",
                "isHook": false,
                "skipped": false
              },
              {
                "title": "closes dialog if exit is chosen in staff name prompt dialog",
                "fullTitle": "check 24 Hours tests check whether in 24 hours closes dialog if exit is chosen in staff name prompt dialog",
                "timedOut": false,
                "duration": 16,
                "state": "passed",
                "speed": "fast",
                "pass": true,
                "fail": false,
                "pending": false,
                "code": "var saved = (0, _check24Hours.staffNamePromptSave)({ title: 'namePrompt' }, $('<div><input type=\"checkbox\" class=\"selected\"/></div>'), function () {});\nexpect(global.sitsDialogClosedTitle).to.equal('namePrompt');\nexpect(saved).to.be.true;",
                "err": {},
                "isRoot": false,
                "uuid": "fcd27a11-1596-44dd-8a59-a286c09ba47a",
                "parentUUID": "a88d15b0-6ec2-4dcb-a6d5-cc207a1b52a6",
                "isHook": false,
                "skipped": false
              },
              {
                "title": "closes the fsst dialog if no is selected and deselects the row",
                "fullTitle": "check 24 Hours tests check whether in 24 hours closes the fsst dialog if no is selected and deselects the row",
                "timedOut": false,
                "duration": 0,
                "state": "passed",
                "speed": "fast",
                "pass": true,
                "fail": false,
                "pending": false,
                "code": "_check24Hours.fsstDialogNoResponse;",
                "err": {},
                "isRoot": false,
                "uuid": "550debb4-1037-49f3-a76b-e930610545a8",
                "parentUUID": "a88d15b0-6ec2-4dcb-a6d5-cc207a1b52a6",
                "isHook": false,
                "skipped": false
              },
              {
                "title": "closes the fsst dialog if no is selected and deselects the row",
                "fullTitle": "check 24 Hours tests check whether in 24 hours closes the fsst dialog if no is selected and deselects the row",
                "timedOut": false,
                "duration": 0,
                "state": "passed",
                "speed": "fast",
                "pass": true,
                "fail": false,
                "pending": false,
                "code": "var row = $('.requestRow').first();\nrow.find('.selected').first().prop('checked', true);\n(0, _check24Hours.fsstDialogNoResponse)({ title: 'noresponse' }, row);\nexpect(global.sitsDialogClosedTitle).to.equal('noresponse');\nexpect(row.find('.selected').first().prop('checked')).to.be.false;",
                "err": {},
                "isRoot": false,
                "uuid": "af909d0d-9baf-4674-a2ee-b9893dabf7af",
                "parentUUID": "a88d15b0-6ec2-4dcb-a6d5-cc207a1b52a6",
                "isHook": false,
                "skipped": false
              },
              {
                "title": "closes the fsst dialog and calls staff name prompt",
                "fullTitle": "check 24 Hours tests check whether in 24 hours closes the fsst dialog and calls staff name prompt",
                "timedOut": false,
                "duration": 0,
                "state": "passed",
                "speed": "fast",
                "pass": true,
                "fail": false,
                "pending": false,
                "code": "var result = (0, _check24Hours.fsstDialogYesResponse)({ title: 'yesresponse' });\nexpect(global.sitsDialogClosedTitle).to.equal('yesresponse');",
                "err": {},
                "isRoot": false,
                "uuid": "52a7b5bb-077d-4943-ac31-d6092c1e2ae3",
                "parentUUID": "a88d15b0-6ec2-4dcb-a6d5-cc207a1b52a6",
                "isHook": false,
                "skipped": false
              }
            ],
            "failures": [],
            "skipped": [],
            "hasTests": true,
            "hasFailedHooks": false,
            "hasSuites": false,
            "totalTests": 8,
            "totalPasses": 8,
            "totalFailures": 0,
            "totalPending": 0,
            "totalSkipped": 0,
            "hasPasses": true,
            "hasFailures": false,
            "hasPending": false,
            "hasSkipped": false,
            "duration": 22,
            "rootEmpty": false
          }
        ],
        "tests": [],
        "pending": [],
        "root": false,
        "_timeout": 2000,
        "file": "\\test\\assessments\\assessments.check24Hours.test.js",
        "uuid": "0ad1617c-b07c-4cfa-b0ce-87025027710c",
        "failedHooks": [],
        "fullFile": "C:\\Users\\pc1091\\Workspace\\RESDNPM\\test\\assessments\\assessments.check24Hours.test.js",
        "passes": [],
        "failures": [],
        "skipped": [],
        "hasTests": false,
        "hasFailedHooks": false,
        "hasSuites": true,
        "totalTests": 0,
        "totalPasses": 0,
        "totalFailures": 0,
        "totalPending": 0,
        "totalSkipped": 0,
        "hasPasses": false,
        "hasFailures": false,
        "hasPending": false,
        "hasSkipped": false,
        "duration": 0,
        "rootEmpty": false
      },
      {
        "title": "Assessments Event handlers Tests",
        "suites": [],
        "tests": [
          {
            "title": "binds event handlers",
            "fullTitle": "Assessments Event handlers Tests binds event handlers",
            "timedOut": false,
            "duration": 69,
            "state": "passed",
            "speed": "medium",
            "pass": true,
            "fail": false,
            "pending": false,
            "code": "Object.keys(_eventHandlers2.default).map(function (a) {\n\treturn _eventHandlers2.default[a]();\n});\n$('input[data-continue]').prop('disabled', false);\n$('input[data-continue]').click();\n$('.save').click();\nexpect($('.save').val()).to.equal('Saving...');",
            "err": {},
            "isRoot": false,
            "uuid": "9d3a84c0-c582-4da1-92a0-c938c1143183",
            "parentUUID": "61145d38-3cc3-4cda-bf26-aacff99b736a",
            "isHook": false,
            "skipped": false
          },
          {
            "title": "callback calls success message and updates save button text",
            "fullTitle": "Assessments Event handlers Tests callback calls success message and updates save button text",
            "timedOut": false,
            "duration": 16,
            "state": "passed",
            "speed": "fast",
            "pass": true,
            "fail": false,
            "pending": false,
            "code": "var successMessage = '';\n(0, _eventHandlers.rowSaveCallback)($('.requestRow').first(), { success: function success() {\n\t\tsuccessMessage = 'done';\n\t} });\nexpect(successMessage).to.equal('done');\nexpect($('.requestRow').first().find('.save').val() === 'Saved!').to.be.true;",
            "err": {},
            "isRoot": false,
            "uuid": "fac4592f-5d8c-42f5-a8b1-e422e1149f2c",
            "parentUUID": "61145d38-3cc3-4cda-bf26-aacff99b736a",
            "isHook": false,
            "skipped": false
          }
        ],
        "pending": [],
        "root": false,
        "_timeout": 2000,
        "file": "\\test\\assessments\\assessments.eventHandlers.test.js",
        "uuid": "61145d38-3cc3-4cda-bf26-aacff99b736a",
        "failedHooks": [],
        "fullFile": "C:\\Users\\pc1091\\Workspace\\RESDNPM\\test\\assessments\\assessments.eventHandlers.test.js",
        "passes": [
          {
            "title": "binds event handlers",
            "fullTitle": "Assessments Event handlers Tests binds event handlers",
            "timedOut": false,
            "duration": 69,
            "state": "passed",
            "speed": "medium",
            "pass": true,
            "fail": false,
            "pending": false,
            "code": "Object.keys(_eventHandlers2.default).map(function (a) {\n\treturn _eventHandlers2.default[a]();\n});\n$('input[data-continue]').prop('disabled', false);\n$('input[data-continue]').click();\n$('.save').click();\nexpect($('.save').val()).to.equal('Saving...');",
            "err": {},
            "isRoot": false,
            "uuid": "9d3a84c0-c582-4da1-92a0-c938c1143183",
            "parentUUID": "61145d38-3cc3-4cda-bf26-aacff99b736a",
            "isHook": false,
            "skipped": false
          },
          {
            "title": "callback calls success message and updates save button text",
            "fullTitle": "Assessments Event handlers Tests callback calls success message and updates save button text",
            "timedOut": false,
            "duration": 16,
            "state": "passed",
            "speed": "fast",
            "pass": true,
            "fail": false,
            "pending": false,
            "code": "var successMessage = '';\n(0, _eventHandlers.rowSaveCallback)($('.requestRow').first(), { success: function success() {\n\t\tsuccessMessage = 'done';\n\t} });\nexpect(successMessage).to.equal('done');\nexpect($('.requestRow').first().find('.save').val() === 'Saved!').to.be.true;",
            "err": {},
            "isRoot": false,
            "uuid": "fac4592f-5d8c-42f5-a8b1-e422e1149f2c",
            "parentUUID": "61145d38-3cc3-4cda-bf26-aacff99b736a",
            "isHook": false,
            "skipped": false
          }
        ],
        "failures": [],
        "skipped": [],
        "hasTests": true,
        "hasFailedHooks": false,
        "hasSuites": false,
        "totalTests": 2,
        "totalPasses": 2,
        "totalFailures": 0,
        "totalPending": 0,
        "totalSkipped": 0,
        "hasPasses": true,
        "hasFailures": false,
        "hasPending": false,
        "hasSkipped": false,
        "duration": 85,
        "rootEmpty": false
      },
      {
        "title": "Assessments Validation Tests",
        "suites": [
          {
            "title": "countRows",
            "suites": [],
            "tests": [
              {
                "title": "counts rows that are checked",
                "fullTitle": "Assessments Validation Tests countRows counts rows that are checked",
                "timedOut": false,
                "duration": 60,
                "state": "passed",
                "speed": "medium",
                "pass": true,
                "fail": false,
                "pending": false,
                "code": "var result = _rowsSelected2.default.validRowsSelected('#topLevel');\nexpect(result).to.equal(1);",
                "err": {},
                "isRoot": false,
                "uuid": "f7c36914-737c-46d6-abed-cb536107c469",
                "parentUUID": "0d6c91e1-6a7b-43a8-a564-56cd83e53332",
                "isHook": false,
                "skipped": false
              },
              {
                "title": "doesn't count rows that are unchecked",
                "fullTitle": "Assessments Validation Tests countRows doesn't count rows that are unchecked",
                "timedOut": false,
                "duration": 2,
                "state": "passed",
                "speed": "fast",
                "pass": true,
                "fail": false,
                "pending": false,
                "code": "$('.requestRow').first().find('.selected').prop('checked', false);\nvar result = _rowsSelected2.default.validRowsSelected('#topLevel');\nexpect(result).to.equal(0);",
                "err": {},
                "isRoot": false,
                "uuid": "d155bdbb-f156-4230-b694-a2773a36bc49",
                "parentUUID": "0d6c91e1-6a7b-43a8-a564-56cd83e53332",
                "isHook": false,
                "skipped": false
              },
              {
                "title": "doesn't count a checked row if it is invalid",
                "fullTitle": "Assessments Validation Tests countRows doesn't count a checked row if it is invalid",
                "timedOut": false,
                "duration": 23,
                "state": "passed",
                "speed": "fast",
                "pass": true,
                "fail": false,
                "pending": false,
                "code": "$('.requestRow').first().find('.selected').prop('checked', true);\n$('.requestRow').first().find('.dissertation').first().val('');\nvar result = _rowsSelected2.default.validRowsSelected('#topLevel');\nexpect(result).to.equal(0);",
                "err": {},
                "isRoot": false,
                "uuid": "803b20f7-cbb0-4e02-99e6-15e5a61367ab",
                "parentUUID": "0d6c91e1-6a7b-43a8-a564-56cd83e53332",
                "isHook": false,
                "skipped": false
              }
            ],
            "pending": [],
            "root": false,
            "_timeout": 2000,
            "file": "\\test\\assessments\\assessments.rowsSelected.spec.js",
            "uuid": "0d6c91e1-6a7b-43a8-a564-56cd83e53332",
            "failedHooks": [],
            "fullFile": "C:\\Users\\pc1091\\Workspace\\RESDNPM\\test\\assessments\\assessments.rowsSelected.spec.js",
            "passes": [
              {
                "title": "counts rows that are checked",
                "fullTitle": "Assessments Validation Tests countRows counts rows that are checked",
                "timedOut": false,
                "duration": 60,
                "state": "passed",
                "speed": "medium",
                "pass": true,
                "fail": false,
                "pending": false,
                "code": "var result = _rowsSelected2.default.validRowsSelected('#topLevel');\nexpect(result).to.equal(1);",
                "err": {},
                "isRoot": false,
                "uuid": "f7c36914-737c-46d6-abed-cb536107c469",
                "parentUUID": "0d6c91e1-6a7b-43a8-a564-56cd83e53332",
                "isHook": false,
                "skipped": false
              },
              {
                "title": "doesn't count rows that are unchecked",
                "fullTitle": "Assessments Validation Tests countRows doesn't count rows that are unchecked",
                "timedOut": false,
                "duration": 2,
                "state": "passed",
                "speed": "fast",
                "pass": true,
                "fail": false,
                "pending": false,
                "code": "$('.requestRow').first().find('.selected').prop('checked', false);\nvar result = _rowsSelected2.default.validRowsSelected('#topLevel');\nexpect(result).to.equal(0);",
                "err": {},
                "isRoot": false,
                "uuid": "d155bdbb-f156-4230-b694-a2773a36bc49",
                "parentUUID": "0d6c91e1-6a7b-43a8-a564-56cd83e53332",
                "isHook": false,
                "skipped": false
              },
              {
                "title": "doesn't count a checked row if it is invalid",
                "fullTitle": "Assessments Validation Tests countRows doesn't count a checked row if it is invalid",
                "timedOut": false,
                "duration": 23,
                "state": "passed",
                "speed": "fast",
                "pass": true,
                "fail": false,
                "pending": false,
                "code": "$('.requestRow').first().find('.selected').prop('checked', true);\n$('.requestRow').first().find('.dissertation').first().val('');\nvar result = _rowsSelected2.default.validRowsSelected('#topLevel');\nexpect(result).to.equal(0);",
                "err": {},
                "isRoot": false,
                "uuid": "803b20f7-cbb0-4e02-99e6-15e5a61367ab",
                "parentUUID": "0d6c91e1-6a7b-43a8-a564-56cd83e53332",
                "isHook": false,
                "skipped": false
              }
            ],
            "failures": [],
            "skipped": [],
            "hasTests": true,
            "hasFailedHooks": false,
            "hasSuites": false,
            "totalTests": 3,
            "totalPasses": 3,
            "totalFailures": 0,
            "totalPending": 0,
            "totalSkipped": 0,
            "hasPasses": true,
            "hasFailures": false,
            "hasPending": false,
            "hasSkipped": false,
            "duration": 85,
            "rootEmpty": false
          },
          {
            "title": "updateCounters",
            "suites": [],
            "tests": [
              {
                "title": "updates the display",
                "fullTitle": "Assessments Validation Tests updateCounters updates the display",
                "timedOut": false,
                "duration": 13,
                "state": "passed",
                "speed": "fast",
                "pass": true,
                "fail": false,
                "pending": false,
                "code": "_rowsSelected2.default.updateCounters();\nexpect($('#selectedRows').html()).to.equal('0');",
                "err": {},
                "isRoot": false,
                "uuid": "c272b200-78c7-4097-911e-69912d76b77a",
                "parentUUID": "cc63cb89-8d30-4384-a7be-0e0924165e4e",
                "isHook": false,
                "skipped": false
              },
              {
                "title": "updates the display with > 0",
                "fullTitle": "Assessments Validation Tests updateCounters updates the display with > 0",
                "timedOut": false,
                "duration": 14,
                "state": "passed",
                "speed": "fast",
                "pass": true,
                "fail": false,
                "pending": false,
                "code": "$('.requestRow').first().find('.dissertation').first().val('Y');\n_rowsSelected2.default.updateCounters();\nexpect($('#selectedRows').html()).to.equal('1');",
                "err": {},
                "isRoot": false,
                "uuid": "8dbfecbb-2e78-48e7-92f4-28d8adea7bf5",
                "parentUUID": "cc63cb89-8d30-4384-a7be-0e0924165e4e",
                "isHook": false,
                "skipped": false
              }
            ],
            "pending": [],
            "root": false,
            "_timeout": 2000,
            "file": "\\test\\assessments\\assessments.rowsSelected.spec.js",
            "uuid": "cc63cb89-8d30-4384-a7be-0e0924165e4e",
            "failedHooks": [],
            "fullFile": "C:\\Users\\pc1091\\Workspace\\RESDNPM\\test\\assessments\\assessments.rowsSelected.spec.js",
            "passes": [
              {
                "title": "updates the display",
                "fullTitle": "Assessments Validation Tests updateCounters updates the display",
                "timedOut": false,
                "duration": 13,
                "state": "passed",
                "speed": "fast",
                "pass": true,
                "fail": false,
                "pending": false,
                "code": "_rowsSelected2.default.updateCounters();\nexpect($('#selectedRows').html()).to.equal('0');",
                "err": {},
                "isRoot": false,
                "uuid": "c272b200-78c7-4097-911e-69912d76b77a",
                "parentUUID": "cc63cb89-8d30-4384-a7be-0e0924165e4e",
                "isHook": false,
                "skipped": false
              },
              {
                "title": "updates the display with > 0",
                "fullTitle": "Assessments Validation Tests updateCounters updates the display with > 0",
                "timedOut": false,
                "duration": 14,
                "state": "passed",
                "speed": "fast",
                "pass": true,
                "fail": false,
                "pending": false,
                "code": "$('.requestRow').first().find('.dissertation').first().val('Y');\n_rowsSelected2.default.updateCounters();\nexpect($('#selectedRows').html()).to.equal('1');",
                "err": {},
                "isRoot": false,
                "uuid": "8dbfecbb-2e78-48e7-92f4-28d8adea7bf5",
                "parentUUID": "cc63cb89-8d30-4384-a7be-0e0924165e4e",
                "isHook": false,
                "skipped": false
              }
            ],
            "failures": [],
            "skipped": [],
            "hasTests": true,
            "hasFailedHooks": false,
            "hasSuites": false,
            "totalTests": 2,
            "totalPasses": 2,
            "totalFailures": 0,
            "totalPending": 0,
            "totalSkipped": 0,
            "hasPasses": true,
            "hasFailures": false,
            "hasPending": false,
            "hasSkipped": false,
            "duration": 27,
            "rootEmpty": false
          }
        ],
        "tests": [],
        "pending": [],
        "root": false,
        "_timeout": 2000,
        "file": "\\test\\assessments\\assessments.rowsSelected.spec.js",
        "uuid": "c4b820f6-4ad9-4510-b324-4bff35c2c319",
        "failedHooks": [],
        "fullFile": "C:\\Users\\pc1091\\Workspace\\RESDNPM\\test\\assessments\\assessments.rowsSelected.spec.js",
        "passes": [],
        "failures": [],
        "skipped": [],
        "hasTests": false,
        "hasFailedHooks": false,
        "hasSuites": true,
        "totalTests": 0,
        "totalPasses": 0,
        "totalFailures": 0,
        "totalPending": 0,
        "totalSkipped": 0,
        "hasPasses": false,
        "hasFailures": false,
        "hasPending": false,
        "hasSkipped": false,
        "duration": 0,
        "rootEmpty": false
      },
      {
        "title": "Assessments Validation Tests",
        "suites": [
          {
            "title": "validate page",
            "suites": [],
            "tests": [
              {
                "title": "passes a valid page",
                "fullTitle": "Assessments Validation Tests validate page passes a valid page",
                "timedOut": false,
                "duration": 55,
                "state": "passed",
                "speed": "medium",
                "pass": true,
                "fail": false,
                "pending": false,
                "code": "expect(_validation2.default.validatePage()).to.equal(true);",
                "err": {},
                "isRoot": false,
                "uuid": "3e1d4704-7b16-4eb3-be21-f32882a9bd58",
                "parentUUID": "b73ec78e-3bb3-4548-b3e3-147be0afff26",
                "isHook": false,
                "skipped": false
              },
              {
                "title": "it warns if no rows selected",
                "fullTitle": "Assessments Validation Tests validate page it warns if no rows selected",
                "timedOut": false,
                "duration": 24,
                "state": "passed",
                "speed": "fast",
                "pass": true,
                "fail": false,
                "pending": false,
                "code": "var row = $('.requestRow').first();\nrow.find('.selected').first().prop('checked', false).change();\nvar results = [];\n_validation2.default.validatePage(false, resdErrors, { warning: function warning(a) {\n\t\t\t\t\t\t\t\treturn results.push(a);\n\t\t\t\t} });\nexpect(results.indexOf(\"NO_TASKS_SELECTED\") > -1).to.equal(true);",
                "err": {},
                "isRoot": false,
                "uuid": "386bc797-e7b9-4fec-81f9-fb0663f76e63",
                "parentUUID": "b73ec78e-3bb3-4548-b3e3-147be0afff26",
                "isHook": false,
                "skipped": false
              },
              {
                "title": "fails an invalid page",
                "fullTitle": "Assessments Validation Tests validate page fails an invalid page",
                "timedOut": false,
                "duration": 11,
                "state": "passed",
                "speed": "fast",
                "pass": true,
                "fail": false,
                "pending": false,
                "code": "var row = $('.requestRow').first();\nrow.find('.taskType').first().val(\"\").keyup();\nexpect(_validation2.default.validatePage(false, resdErrors, { warning: function warning(a) {} })).to.equal(false);",
                "err": {},
                "isRoot": false,
                "uuid": "133084b0-ee05-478d-81b7-96d89967a8de",
                "parentUUID": "b73ec78e-3bb3-4548-b3e3-147be0afff26",
                "isHook": false,
                "skipped": false
              },
              {
                "title": "displays an unsaved row message if the row is valid but not saved",
                "fullTitle": "Assessments Validation Tests validate page displays an unsaved row message if the row is valid but not saved",
                "timedOut": false,
                "duration": 18,
                "state": "passed",
                "speed": "fast",
                "pass": true,
                "fail": false,
                "pending": false,
                "code": "var row = $('.requestRow').first();\nrow.find('.taskType').first().val(\"1\");\nrow.find('.selected').first().prop(\"checked\", true).change();\nvar results = [];\n_validation2.default.validatePage(false, resdErrors, { warning: function warning(a) {\n\t\t\t\t\t\t\t\treturn results.push(a);\n\t\t\t\t} });\nexpect(results.indexOf(\"UNSAVED_TASK\") > -1).to.equal(true);\nexpect($('.save').first().val()).to.equal('Save Changes');",
                "err": {},
                "isRoot": false,
                "uuid": "e8a77fe7-741d-4184-b324-5fd0febafa1c",
                "parentUUID": "b73ec78e-3bb3-4548-b3e3-147be0afff26",
                "isHook": false,
                "skipped": false
              }
            ],
            "pending": [],
            "root": false,
            "_timeout": 2000,
            "file": "\\test\\assessments\\assessments.validation.spec.js",
            "uuid": "b73ec78e-3bb3-4548-b3e3-147be0afff26",
            "failedHooks": [],
            "fullFile": "C:\\Users\\pc1091\\Workspace\\RESDNPM\\test\\assessments\\assessments.validation.spec.js",
            "passes": [
              {
                "title": "passes a valid page",
                "fullTitle": "Assessments Validation Tests validate page passes a valid page",
                "timedOut": false,
                "duration": 55,
                "state": "passed",
                "speed": "medium",
                "pass": true,
                "fail": false,
                "pending": false,
                "code": "expect(_validation2.default.validatePage()).to.equal(true);",
                "err": {},
                "isRoot": false,
                "uuid": "3e1d4704-7b16-4eb3-be21-f32882a9bd58",
                "parentUUID": "b73ec78e-3bb3-4548-b3e3-147be0afff26",
                "isHook": false,
                "skipped": false
              },
              {
                "title": "it warns if no rows selected",
                "fullTitle": "Assessments Validation Tests validate page it warns if no rows selected",
                "timedOut": false,
                "duration": 24,
                "state": "passed",
                "speed": "fast",
                "pass": true,
                "fail": false,
                "pending": false,
                "code": "var row = $('.requestRow').first();\nrow.find('.selected').first().prop('checked', false).change();\nvar results = [];\n_validation2.default.validatePage(false, resdErrors, { warning: function warning(a) {\n\t\t\t\t\t\t\t\treturn results.push(a);\n\t\t\t\t} });\nexpect(results.indexOf(\"NO_TASKS_SELECTED\") > -1).to.equal(true);",
                "err": {},
                "isRoot": false,
                "uuid": "386bc797-e7b9-4fec-81f9-fb0663f76e63",
                "parentUUID": "b73ec78e-3bb3-4548-b3e3-147be0afff26",
                "isHook": false,
                "skipped": false
              },
              {
                "title": "fails an invalid page",
                "fullTitle": "Assessments Validation Tests validate page fails an invalid page",
                "timedOut": false,
                "duration": 11,
                "state": "passed",
                "speed": "fast",
                "pass": true,
                "fail": false,
                "pending": false,
                "code": "var row = $('.requestRow').first();\nrow.find('.taskType').first().val(\"\").keyup();\nexpect(_validation2.default.validatePage(false, resdErrors, { warning: function warning(a) {} })).to.equal(false);",
                "err": {},
                "isRoot": false,
                "uuid": "133084b0-ee05-478d-81b7-96d89967a8de",
                "parentUUID": "b73ec78e-3bb3-4548-b3e3-147be0afff26",
                "isHook": false,
                "skipped": false
              },
              {
                "title": "displays an unsaved row message if the row is valid but not saved",
                "fullTitle": "Assessments Validation Tests validate page displays an unsaved row message if the row is valid but not saved",
                "timedOut": false,
                "duration": 18,
                "state": "passed",
                "speed": "fast",
                "pass": true,
                "fail": false,
                "pending": false,
                "code": "var row = $('.requestRow').first();\nrow.find('.taskType').first().val(\"1\");\nrow.find('.selected').first().prop(\"checked\", true).change();\nvar results = [];\n_validation2.default.validatePage(false, resdErrors, { warning: function warning(a) {\n\t\t\t\t\t\t\t\treturn results.push(a);\n\t\t\t\t} });\nexpect(results.indexOf(\"UNSAVED_TASK\") > -1).to.equal(true);\nexpect($('.save').first().val()).to.equal('Save Changes');",
                "err": {},
                "isRoot": false,
                "uuid": "e8a77fe7-741d-4184-b324-5fd0febafa1c",
                "parentUUID": "b73ec78e-3bb3-4548-b3e3-147be0afff26",
                "isHook": false,
                "skipped": false
              }
            ],
            "failures": [],
            "skipped": [],
            "hasTests": true,
            "hasFailedHooks": false,
            "hasSuites": false,
            "totalTests": 4,
            "totalPasses": 4,
            "totalFailures": 0,
            "totalPending": 0,
            "totalSkipped": 0,
            "hasPasses": true,
            "hasFailures": false,
            "hasPending": false,
            "hasSkipped": false,
            "duration": 108,
            "rootEmpty": false
          },
          {
            "title": "testing assessment validation",
            "suites": [],
            "tests": [
              {
                "title": "fails an invalid assessment row",
                "fullTitle": "Assessments Validation Tests testing assessment validation fails an invalid assessment row",
                "timedOut": false,
                "duration": 9,
                "state": "passed",
                "speed": "fast",
                "pass": true,
                "fail": false,
                "pending": false,
                "code": "var row = $('.requestRow').first();\nrow.find('.taskType').first().val(\"\");\nvar result = _validation2.default.validateRow($('.requestRow').first());\nexpect(result).to.equal(false);",
                "err": {},
                "isRoot": false,
                "uuid": "a5be0e8c-f85b-425e-b62d-3f6d18f8a6ff",
                "parentUUID": "fb8d1ee2-cc57-4a8f-9fe7-8bb8bac91c3a",
                "isHook": false,
                "skipped": false
              },
              {
                "title": "passes a vaid assessment row",
                "fullTitle": "Assessments Validation Tests testing assessment validation passes a vaid assessment row",
                "timedOut": false,
                "duration": 8,
                "state": "passed",
                "speed": "fast",
                "pass": true,
                "fail": false,
                "pending": false,
                "code": "var row = $('.requestRow').first();\nrow.find('.taskType').first().val(\"1\");\nvar result = _validation2.default.validateRow(row);\nexpect(result).to.equal(true);",
                "err": {},
                "isRoot": false,
                "uuid": "f7e31289-55b2-4ccd-a461-05dacea237a8",
                "parentUUID": "fb8d1ee2-cc57-4a8f-9fe7-8bb8bac91c3a",
                "isHook": false,
                "skipped": false
              }
            ],
            "pending": [],
            "root": false,
            "_timeout": 2000,
            "file": "\\test\\assessments\\assessments.validation.spec.js",
            "uuid": "fb8d1ee2-cc57-4a8f-9fe7-8bb8bac91c3a",
            "failedHooks": [],
            "fullFile": "C:\\Users\\pc1091\\Workspace\\RESDNPM\\test\\assessments\\assessments.validation.spec.js",
            "passes": [
              {
                "title": "fails an invalid assessment row",
                "fullTitle": "Assessments Validation Tests testing assessment validation fails an invalid assessment row",
                "timedOut": false,
                "duration": 9,
                "state": "passed",
                "speed": "fast",
                "pass": true,
                "fail": false,
                "pending": false,
                "code": "var row = $('.requestRow').first();\nrow.find('.taskType').first().val(\"\");\nvar result = _validation2.default.validateRow($('.requestRow').first());\nexpect(result).to.equal(false);",
                "err": {},
                "isRoot": false,
                "uuid": "a5be0e8c-f85b-425e-b62d-3f6d18f8a6ff",
                "parentUUID": "fb8d1ee2-cc57-4a8f-9fe7-8bb8bac91c3a",
                "isHook": false,
                "skipped": false
              },
              {
                "title": "passes a vaid assessment row",
                "fullTitle": "Assessments Validation Tests testing assessment validation passes a vaid assessment row",
                "timedOut": false,
                "duration": 8,
                "state": "passed",
                "speed": "fast",
                "pass": true,
                "fail": false,
                "pending": false,
                "code": "var row = $('.requestRow').first();\nrow.find('.taskType').first().val(\"1\");\nvar result = _validation2.default.validateRow(row);\nexpect(result).to.equal(true);",
                "err": {},
                "isRoot": false,
                "uuid": "f7e31289-55b2-4ccd-a461-05dacea237a8",
                "parentUUID": "fb8d1ee2-cc57-4a8f-9fe7-8bb8bac91c3a",
                "isHook": false,
                "skipped": false
              }
            ],
            "failures": [],
            "skipped": [],
            "hasTests": true,
            "hasFailedHooks": false,
            "hasSuites": false,
            "totalTests": 2,
            "totalPasses": 2,
            "totalFailures": 0,
            "totalPending": 0,
            "totalSkipped": 0,
            "hasPasses": true,
            "hasFailures": false,
            "hasPending": false,
            "hasSkipped": false,
            "duration": 17,
            "rootEmpty": false
          }
        ],
        "tests": [],
        "pending": [],
        "root": false,
        "_timeout": 2000,
        "file": "\\test\\assessments\\assessments.validation.spec.js",
        "uuid": "d5171c00-85a5-41e0-af3b-65e8da67d1d2",
        "failedHooks": [],
        "fullFile": "C:\\Users\\pc1091\\Workspace\\RESDNPM\\test\\assessments\\assessments.validation.spec.js",
        "passes": [],
        "failures": [],
        "skipped": [],
        "hasTests": false,
        "hasFailedHooks": false,
        "hasSuites": true,
        "totalTests": 0,
        "totalPasses": 0,
        "totalFailures": 0,
        "totalPending": 0,
        "totalSkipped": 0,
        "hasPasses": false,
        "hasFailures": false,
        "hasPending": false,
        "hasSkipped": false,
        "duration": 0,
        "rootEmpty": false
      },
      {
        "title": "save Task",
        "suites": [],
        "tests": [
          {
            "title": "saves the task",
            "fullTitle": "save Task saves the task",
            "timedOut": false,
            "duration": 10,
            "state": "passed",
            "speed": "fast",
            "pass": true,
            "fail": false,
            "pending": false,
            "code": "(0, _saveTask2.default)($('.requestRow').first());\n\t\texpect($('.save').val()).to.equal('Saving...');",
            "err": {},
            "isRoot": false,
            "uuid": "2e1d1b70-1f42-4c2d-bd90-6b715efcda56",
            "parentUUID": "6ed54bee-1b90-4b07-8645-08b02e49acb3",
            "isHook": false,
            "skipped": false
          }
        ],
        "pending": [],
        "root": false,
        "_timeout": 2000,
        "file": "\\test\\assessments\\saveTask.spec.js",
        "uuid": "6ed54bee-1b90-4b07-8645-08b02e49acb3",
        "failedHooks": [],
        "fullFile": "C:\\Users\\pc1091\\Workspace\\RESDNPM\\test\\assessments\\saveTask.spec.js",
        "passes": [
          {
            "title": "saves the task",
            "fullTitle": "save Task saves the task",
            "timedOut": false,
            "duration": 10,
            "state": "passed",
            "speed": "fast",
            "pass": true,
            "fail": false,
            "pending": false,
            "code": "(0, _saveTask2.default)($('.requestRow').first());\n\t\texpect($('.save').val()).to.equal('Saving...');",
            "err": {},
            "isRoot": false,
            "uuid": "2e1d1b70-1f42-4c2d-bd90-6b715efcda56",
            "parentUUID": "6ed54bee-1b90-4b07-8645-08b02e49acb3",
            "isHook": false,
            "skipped": false
          }
        ],
        "failures": [],
        "skipped": [],
        "hasTests": true,
        "hasFailedHooks": false,
        "hasSuites": false,
        "totalTests": 1,
        "totalPasses": 1,
        "totalFailures": 0,
        "totalPending": 0,
        "totalSkipped": 0,
        "hasPasses": true,
        "hasFailures": false,
        "hasPending": false,
        "hasSkipped": false,
        "duration": 10,
        "rootEmpty": false
      },
      {
        "title": "Confirmation Validation Tests",
        "suites": [],
        "tests": [
          {
            "title": "returns both errors if no tasks and not accepted regs",
            "fullTitle": "Confirmation Validation Tests returns both errors if no tasks and not accepted regs",
            "timedOut": false,
            "duration": 2,
            "state": "passed",
            "speed": "fast",
            "pass": true,
            "fail": false,
            "pending": false,
            "code": "expect(_validation2.default.validatePage(true).length).to.equal(2);",
            "err": {},
            "isRoot": false,
            "uuid": "70f21f23-b5c4-455a-80d3-2a041d37c3ed",
            "parentUUID": "5f3e573e-0b02-493b-9fe3-04479727b469",
            "isHook": false,
            "skipped": false
          },
          {
            "title": "returns a not accepted error if the checkbox is not selected",
            "fullTitle": "Confirmation Validation Tests returns a not accepted error if the checkbox is not selected",
            "timedOut": false,
            "duration": 1,
            "state": "passed",
            "speed": "fast",
            "pass": true,
            "fail": false,
            "pending": false,
            "code": "$('#container').append('<div class=\"requestRow\"></div>');\nexpect(_validation2.default.validatePage(true).length).to.equal(1);\nvar error = '';\n_validation2.default.validatePage(false, { warning: function warning(a) {\n\t\t\t\t\t\t\t\terror = a;\n\t\t\t\t} });\nexpect(error).to.equal('pleaseAcceptError');\nerror = '';\n$('[data-accept]').prop('checked', true);\n_validation2.default.validatePage(false, { warning: function warning(a) {\n\t\t\t\t\t\t\t\terror = a;\n\t\t\t\t} });\nexpect(error).to.equal('');",
            "err": {},
            "isRoot": false,
            "uuid": "75a8b6a4-57f1-435f-97a6-e9bad0f088d5",
            "parentUUID": "5f3e573e-0b02-493b-9fe3-04479727b469",
            "isHook": false,
            "skipped": false
          }
        ],
        "pending": [],
        "root": false,
        "_timeout": 2000,
        "file": "\\test\\confirmation\\validation.tests.js",
        "uuid": "5f3e573e-0b02-493b-9fe3-04479727b469",
        "failedHooks": [],
        "fullFile": "C:\\Users\\pc1091\\Workspace\\RESDNPM\\test\\confirmation\\validation.tests.js",
        "passes": [
          {
            "title": "returns both errors if no tasks and not accepted regs",
            "fullTitle": "Confirmation Validation Tests returns both errors if no tasks and not accepted regs",
            "timedOut": false,
            "duration": 2,
            "state": "passed",
            "speed": "fast",
            "pass": true,
            "fail": false,
            "pending": false,
            "code": "expect(_validation2.default.validatePage(true).length).to.equal(2);",
            "err": {},
            "isRoot": false,
            "uuid": "70f21f23-b5c4-455a-80d3-2a041d37c3ed",
            "parentUUID": "5f3e573e-0b02-493b-9fe3-04479727b469",
            "isHook": false,
            "skipped": false
          },
          {
            "title": "returns a not accepted error if the checkbox is not selected",
            "fullTitle": "Confirmation Validation Tests returns a not accepted error if the checkbox is not selected",
            "timedOut": false,
            "duration": 1,
            "state": "passed",
            "speed": "fast",
            "pass": true,
            "fail": false,
            "pending": false,
            "code": "$('#container').append('<div class=\"requestRow\"></div>');\nexpect(_validation2.default.validatePage(true).length).to.equal(1);\nvar error = '';\n_validation2.default.validatePage(false, { warning: function warning(a) {\n\t\t\t\t\t\t\t\terror = a;\n\t\t\t\t} });\nexpect(error).to.equal('pleaseAcceptError');\nerror = '';\n$('[data-accept]').prop('checked', true);\n_validation2.default.validatePage(false, { warning: function warning(a) {\n\t\t\t\t\t\t\t\terror = a;\n\t\t\t\t} });\nexpect(error).to.equal('');",
            "err": {},
            "isRoot": false,
            "uuid": "75a8b6a4-57f1-435f-97a6-e9bad0f088d5",
            "parentUUID": "5f3e573e-0b02-493b-9fe3-04479727b469",
            "isHook": false,
            "skipped": false
          }
        ],
        "failures": [],
        "skipped": [],
        "hasTests": true,
        "hasFailedHooks": false,
        "hasSuites": false,
        "totalTests": 2,
        "totalPasses": 2,
        "totalFailures": 0,
        "totalPending": 0,
        "totalSkipped": 0,
        "hasPasses": true,
        "hasFailures": false,
        "hasPending": false,
        "hasSkipped": false,
        "duration": 3,
        "rootEmpty": false
      },
      {
        "title": "Guidance Validation Tests - not apply",
        "suites": [
          {
            "title": "lc validation - valid",
            "suites": [],
            "tests": [
              {
                "title": "correctly detects whether to run learning contract radio validation",
                "fullTitle": "Guidance Validation Tests - not apply lc validation - valid correctly detects whether to run learning contract radio validation",
                "timedOut": false,
                "duration": 0,
                "state": "passed",
                "speed": "fast",
                "pass": true,
                "fail": false,
                "pending": false,
                "code": "expect(_validation2.default.applyToggleCheck()).to.equal(false);",
                "err": {},
                "isRoot": false,
                "uuid": "88d425c3-fd5f-4687-adb1-df20651ded04",
                "parentUUID": "d62e5962-87ef-4db4-967f-e1ff3e8a8fe2",
                "isHook": false,
                "skipped": false
              },
              {
                "title": "doesn't bind toggle checks if not applicable",
                "fullTitle": "Guidance Validation Tests - not apply lc validation - valid doesn't bind toggle checks if not applicable",
                "timedOut": false,
                "duration": 0,
                "state": "passed",
                "speed": "fast",
                "pass": true,
                "fail": false,
                "pending": false,
                "code": "expect(_validation2.default.initToggleCheck()).to.equal(false);",
                "err": {},
                "isRoot": false,
                "uuid": "22aba8eb-c999-46f3-a9bf-f5e030bcb3c3",
                "parentUUID": "d62e5962-87ef-4db4-967f-e1ff3e8a8fe2",
                "isHook": false,
                "skipped": false
              }
            ],
            "pending": [],
            "root": false,
            "_timeout": 2000,
            "file": "\\test\\guidance\\guidance.validation.test.Na.js",
            "uuid": "d62e5962-87ef-4db4-967f-e1ff3e8a8fe2",
            "failedHooks": [],
            "fullFile": "C:\\Users\\pc1091\\Workspace\\RESDNPM\\test\\guidance\\guidance.validation.test.Na.js",
            "passes": [
              {
                "title": "correctly detects whether to run learning contract radio validation",
                "fullTitle": "Guidance Validation Tests - not apply lc validation - valid correctly detects whether to run learning contract radio validation",
                "timedOut": false,
                "duration": 0,
                "state": "passed",
                "speed": "fast",
                "pass": true,
                "fail": false,
                "pending": false,
                "code": "expect(_validation2.default.applyToggleCheck()).to.equal(false);",
                "err": {},
                "isRoot": false,
                "uuid": "88d425c3-fd5f-4687-adb1-df20651ded04",
                "parentUUID": "d62e5962-87ef-4db4-967f-e1ff3e8a8fe2",
                "isHook": false,
                "skipped": false
              },
              {
                "title": "doesn't bind toggle checks if not applicable",
                "fullTitle": "Guidance Validation Tests - not apply lc validation - valid doesn't bind toggle checks if not applicable",
                "timedOut": false,
                "duration": 0,
                "state": "passed",
                "speed": "fast",
                "pass": true,
                "fail": false,
                "pending": false,
                "code": "expect(_validation2.default.initToggleCheck()).to.equal(false);",
                "err": {},
                "isRoot": false,
                "uuid": "22aba8eb-c999-46f3-a9bf-f5e030bcb3c3",
                "parentUUID": "d62e5962-87ef-4db4-967f-e1ff3e8a8fe2",
                "isHook": false,
                "skipped": false
              }
            ],
            "failures": [],
            "skipped": [],
            "hasTests": true,
            "hasFailedHooks": false,
            "hasSuites": false,
            "totalTests": 2,
            "totalPasses": 2,
            "totalFailures": 0,
            "totalPending": 0,
            "totalSkipped": 0,
            "hasPasses": true,
            "hasFailures": false,
            "hasPending": false,
            "hasSkipped": false,
            "duration": 0,
            "rootEmpty": false
          }
        ],
        "tests": [],
        "pending": [],
        "root": false,
        "_timeout": 2000,
        "file": "\\test\\guidance\\guidance.validation.test.Na.js",
        "uuid": "c1914520-e4f2-4274-8d7e-6db575c31a3e",
        "failedHooks": [],
        "fullFile": "C:\\Users\\pc1091\\Workspace\\RESDNPM\\test\\guidance\\guidance.validation.test.Na.js",
        "passes": [],
        "failures": [],
        "skipped": [],
        "hasTests": false,
        "hasFailedHooks": false,
        "hasSuites": true,
        "totalTests": 0,
        "totalPasses": 0,
        "totalFailures": 0,
        "totalPending": 0,
        "totalSkipped": 0,
        "hasPasses": false,
        "hasFailures": false,
        "hasPending": false,
        "hasSkipped": false,
        "duration": 0,
        "rootEmpty": false
      },
      {
        "title": "Guidance Validation Tests",
        "suites": [
          {
            "title": "lc validation - valid",
            "suites": [],
            "tests": [
              {
                "title": "correctly detects whether to run learning contract radio validation",
                "fullTitle": "Guidance Validation Tests lc validation - valid correctly detects whether to run learning contract radio validation",
                "timedOut": false,
                "duration": 0,
                "state": "passed",
                "speed": "fast",
                "pass": true,
                "fail": false,
                "pending": false,
                "code": "expect(_validation2.default.applyToggleCheck()).to.equal(true);",
                "err": {},
                "isRoot": false,
                "uuid": "20bf16da-39f9-4066-875a-ffd1fe9e5804",
                "parentUUID": "536f4350-cd94-42b8-a887-246692d753bf",
                "isHook": false,
                "skipped": false
              },
              {
                "title": "renders the submit button as disabled when a selection has not been made",
                "fullTitle": "Guidance Validation Tests lc validation - valid renders the submit button as disabled when a selection has not been made",
                "timedOut": false,
                "duration": 1,
                "state": "passed",
                "speed": "fast",
                "pass": true,
                "fail": false,
                "pending": false,
                "code": "_validation2.default.initToggleCheck();\nexpect($('input[value=\"Next\"]').first().prop('disabled')).to.equal(true);",
                "err": {},
                "isRoot": false,
                "uuid": "78a8e631-9d20-4b6c-9024-66d38aaffbdc",
                "parentUUID": "536f4350-cd94-42b8-a887-246692d753bf",
                "isHook": false,
                "skipped": false
              },
              {
                "title": "enables the next button when a selection is made",
                "fullTitle": "Guidance Validation Tests lc validation - valid enables the next button when a selection is made",
                "timedOut": false,
                "duration": 1,
                "state": "passed",
                "speed": "fast",
                "pass": true,
                "fail": false,
                "pending": false,
                "code": "$('input[data-applylc]').first().prop('checked', true);\n            _validation2.default.initToggleCheck();\n            expect($('input[value=\"Next\"]').first().prop('disabled')).to.equal(false);",
                "err": {},
                "isRoot": false,
                "uuid": "0fc3cc44-ae84-4507-a8d2-653b1621177a",
                "parentUUID": "536f4350-cd94-42b8-a887-246692d753bf",
                "isHook": false,
                "skipped": false
              }
            ],
            "pending": [],
            "root": false,
            "_timeout": 2000,
            "file": "\\test\\guidance\\guidance.validation.test.js",
            "uuid": "536f4350-cd94-42b8-a887-246692d753bf",
            "failedHooks": [],
            "fullFile": "C:\\Users\\pc1091\\Workspace\\RESDNPM\\test\\guidance\\guidance.validation.test.js",
            "passes": [
              {
                "title": "correctly detects whether to run learning contract radio validation",
                "fullTitle": "Guidance Validation Tests lc validation - valid correctly detects whether to run learning contract radio validation",
                "timedOut": false,
                "duration": 0,
                "state": "passed",
                "speed": "fast",
                "pass": true,
                "fail": false,
                "pending": false,
                "code": "expect(_validation2.default.applyToggleCheck()).to.equal(true);",
                "err": {},
                "isRoot": false,
                "uuid": "20bf16da-39f9-4066-875a-ffd1fe9e5804",
                "parentUUID": "536f4350-cd94-42b8-a887-246692d753bf",
                "isHook": false,
                "skipped": false
              },
              {
                "title": "renders the submit button as disabled when a selection has not been made",
                "fullTitle": "Guidance Validation Tests lc validation - valid renders the submit button as disabled when a selection has not been made",
                "timedOut": false,
                "duration": 1,
                "state": "passed",
                "speed": "fast",
                "pass": true,
                "fail": false,
                "pending": false,
                "code": "_validation2.default.initToggleCheck();\nexpect($('input[value=\"Next\"]').first().prop('disabled')).to.equal(true);",
                "err": {},
                "isRoot": false,
                "uuid": "78a8e631-9d20-4b6c-9024-66d38aaffbdc",
                "parentUUID": "536f4350-cd94-42b8-a887-246692d753bf",
                "isHook": false,
                "skipped": false
              },
              {
                "title": "enables the next button when a selection is made",
                "fullTitle": "Guidance Validation Tests lc validation - valid enables the next button when a selection is made",
                "timedOut": false,
                "duration": 1,
                "state": "passed",
                "speed": "fast",
                "pass": true,
                "fail": false,
                "pending": false,
                "code": "$('input[data-applylc]').first().prop('checked', true);\n            _validation2.default.initToggleCheck();\n            expect($('input[value=\"Next\"]').first().prop('disabled')).to.equal(false);",
                "err": {},
                "isRoot": false,
                "uuid": "0fc3cc44-ae84-4507-a8d2-653b1621177a",
                "parentUUID": "536f4350-cd94-42b8-a887-246692d753bf",
                "isHook": false,
                "skipped": false
              }
            ],
            "failures": [],
            "skipped": [],
            "hasTests": true,
            "hasFailedHooks": false,
            "hasSuites": false,
            "totalTests": 3,
            "totalPasses": 3,
            "totalFailures": 0,
            "totalPending": 0,
            "totalSkipped": 0,
            "hasPasses": true,
            "hasFailures": false,
            "hasPending": false,
            "hasSkipped": false,
            "duration": 2,
            "rootEmpty": false
          }
        ],
        "tests": [],
        "pending": [],
        "root": false,
        "_timeout": 2000,
        "file": "\\test\\guidance\\guidance.validation.test.js",
        "uuid": "95d68d77-e95d-4cd8-907c-8b694f430bc7",
        "failedHooks": [],
        "fullFile": "C:\\Users\\pc1091\\Workspace\\RESDNPM\\test\\guidance\\guidance.validation.test.js",
        "passes": [],
        "failures": [],
        "skipped": [],
        "hasTests": false,
        "hasFailedHooks": false,
        "hasSuites": true,
        "totalTests": 0,
        "totalPasses": 0,
        "totalFailures": 0,
        "totalPending": 0,
        "totalSkipped": 0,
        "hasPasses": false,
        "hasFailures": false,
        "hasPending": false,
        "hasSkipped": false,
        "duration": 0,
        "rootEmpty": false
      },
      {
        "title": "process Validation Tests",
        "suites": [],
        "tests": [
          {
            "title": "validates the page",
            "fullTitle": "process Validation Tests validates the page",
            "timedOut": false,
            "duration": 5,
            "state": "passed",
            "speed": "fast",
            "pass": true,
            "fail": false,
            "pending": false,
            "code": "global.$.prototype.datepicker = function (name, opts) {};\n_validation2.default.validatePage();\n//expect($('.sv-mandatory').length).to.equal(0);",
            "err": {},
            "isRoot": false,
            "uuid": "6b03b189-4cb7-420a-9ca2-212c12abffac",
            "parentUUID": "08c6954d-fdf5-4cf9-9302-578ad768785b",
            "isHook": false,
            "skipped": false
          },
          {
            "title": "clears out inputs if decline is selected",
            "fullTitle": "process Validation Tests clears out inputs if decline is selected",
            "timedOut": false,
            "duration": 6,
            "state": "passed",
            "speed": "fast",
            "pass": true,
            "fail": false,
            "pending": false,
            "code": "var row = $('.requestRow');\n$(row).find('[data-decision]').val(2);\n_validation2.default.validatePage();\nexpect($(row).find('[data-extensionlength] option:selected').val()).to.equal('');\nexpect($(row).find('[data-extensionduedate]').first().val()).to.equal('');",
            "err": {},
            "isRoot": false,
            "uuid": "23421d90-2439-4efb-894d-8f2cb1448c0e",
            "parentUUID": "08c6954d-fdf5-4cf9-9302-578ad768785b",
            "isHook": false,
            "skipped": false
          },
          {
            "title": "makes a stage 2 date mandatory if the option is selected",
            "fullTitle": "process Validation Tests makes a stage 2 date mandatory if the option is selected",
            "timedOut": false,
            "duration": 4,
            "state": "passed",
            "speed": "fast",
            "pass": true,
            "fail": false,
            "pending": false,
            "code": "var row = $('.requestRow');\nvar stage2length = $(row).next('.stage2Row').find('[data-extensionlength]');\nvar stage2duedate = $(row).next('.stage2Row').find('[data-extensionduedate]');\nstage2length.val(0);\n(0, _validation.extensionLength)(stage2length.find('option:selected'), stage2duedate);\nexpect(stage2duedate.prop('disabled')).to.be.false;\nstage2duedate.val('01/May/2017');\n(0, _validation.extensionLength)(stage2length.find('option:selected'), stage2duedate);\nexpect(stage2duedate.prop('disabled')).to.be.false;\n_validation2.default.validatePage();\nstage2length.val('');\n(0, _validation.extensionLength)(stage2length.find('option:selected'), stage2duedate);\nexpect(stage2duedate.prop('disabled')).to.be.true;",
            "err": {},
            "isRoot": false,
            "uuid": "02dd3317-89a6-4897-a57d-df90ecc2f3ad",
            "parentUUID": "08c6954d-fdf5-4cf9-9302-578ad768785b",
            "isHook": false,
            "skipped": false
          }
        ],
        "pending": [],
        "root": false,
        "_timeout": 2000,
        "file": "\\test\\process\\process.validation.tests.js",
        "uuid": "08c6954d-fdf5-4cf9-9302-578ad768785b",
        "failedHooks": [],
        "fullFile": "C:\\Users\\pc1091\\Workspace\\RESDNPM\\test\\process\\process.validation.tests.js",
        "passes": [
          {
            "title": "validates the page",
            "fullTitle": "process Validation Tests validates the page",
            "timedOut": false,
            "duration": 5,
            "state": "passed",
            "speed": "fast",
            "pass": true,
            "fail": false,
            "pending": false,
            "code": "global.$.prototype.datepicker = function (name, opts) {};\n_validation2.default.validatePage();\n//expect($('.sv-mandatory').length).to.equal(0);",
            "err": {},
            "isRoot": false,
            "uuid": "6b03b189-4cb7-420a-9ca2-212c12abffac",
            "parentUUID": "08c6954d-fdf5-4cf9-9302-578ad768785b",
            "isHook": false,
            "skipped": false
          },
          {
            "title": "clears out inputs if decline is selected",
            "fullTitle": "process Validation Tests clears out inputs if decline is selected",
            "timedOut": false,
            "duration": 6,
            "state": "passed",
            "speed": "fast",
            "pass": true,
            "fail": false,
            "pending": false,
            "code": "var row = $('.requestRow');\n$(row).find('[data-decision]').val(2);\n_validation2.default.validatePage();\nexpect($(row).find('[data-extensionlength] option:selected').val()).to.equal('');\nexpect($(row).find('[data-extensionduedate]').first().val()).to.equal('');",
            "err": {},
            "isRoot": false,
            "uuid": "23421d90-2439-4efb-894d-8f2cb1448c0e",
            "parentUUID": "08c6954d-fdf5-4cf9-9302-578ad768785b",
            "isHook": false,
            "skipped": false
          },
          {
            "title": "makes a stage 2 date mandatory if the option is selected",
            "fullTitle": "process Validation Tests makes a stage 2 date mandatory if the option is selected",
            "timedOut": false,
            "duration": 4,
            "state": "passed",
            "speed": "fast",
            "pass": true,
            "fail": false,
            "pending": false,
            "code": "var row = $('.requestRow');\nvar stage2length = $(row).next('.stage2Row').find('[data-extensionlength]');\nvar stage2duedate = $(row).next('.stage2Row').find('[data-extensionduedate]');\nstage2length.val(0);\n(0, _validation.extensionLength)(stage2length.find('option:selected'), stage2duedate);\nexpect(stage2duedate.prop('disabled')).to.be.false;\nstage2duedate.val('01/May/2017');\n(0, _validation.extensionLength)(stage2length.find('option:selected'), stage2duedate);\nexpect(stage2duedate.prop('disabled')).to.be.false;\n_validation2.default.validatePage();\nstage2length.val('');\n(0, _validation.extensionLength)(stage2length.find('option:selected'), stage2duedate);\nexpect(stage2duedate.prop('disabled')).to.be.true;",
            "err": {},
            "isRoot": false,
            "uuid": "02dd3317-89a6-4897-a57d-df90ecc2f3ad",
            "parentUUID": "08c6954d-fdf5-4cf9-9302-578ad768785b",
            "isHook": false,
            "skipped": false
          }
        ],
        "failures": [],
        "skipped": [],
        "hasTests": true,
        "hasFailedHooks": false,
        "hasSuites": false,
        "totalTests": 3,
        "totalPasses": 3,
        "totalFailures": 0,
        "totalPending": 0,
        "totalSkipped": 0,
        "hasPasses": true,
        "hasFailures": false,
        "hasPending": false,
        "hasSkipped": false,
        "duration": 15,
        "rootEmpty": false
      },
      {
        "title": "Characters Remaining Tests",
        "suites": [],
        "tests": [
          {
            "title": "Updates on input",
            "fullTitle": "Characters Remaining Tests Updates on input",
            "timedOut": false,
            "duration": 1,
            "state": "passed",
            "speed": "fast",
            "pass": true,
            "fail": false,
            "pending": false,
            "code": "$('#input').text('12345');\n$('#input').keyup();\nexpect($('#output').html()).to.equal(\"5\");",
            "err": {},
            "isRoot": false,
            "uuid": "5a97a51a-b42b-4a9c-9fbd-4a5638013de8",
            "parentUUID": "15192dad-dcc5-4f30-85f1-53bf1f9af6dc",
            "isHook": false,
            "skipped": false
          },
          {
            "title": "doesn't allow minus figures",
            "fullTitle": "Characters Remaining Tests doesn't allow minus figures",
            "timedOut": false,
            "duration": 1,
            "state": "passed",
            "speed": "fast",
            "pass": true,
            "fail": false,
            "pending": false,
            "code": "$('#input').text('12345678910');\n$('#input').keyup();\nexpect($('#output').html()).to.equal(\"0\");",
            "err": {},
            "isRoot": false,
            "uuid": "011881c7-b3f2-48ff-8e53-f98de58481ef",
            "parentUUID": "15192dad-dcc5-4f30-85f1-53bf1f9af6dc",
            "isHook": false,
            "skipped": false
          },
          {
            "title": "trims input",
            "fullTitle": "Characters Remaining Tests trims input",
            "timedOut": false,
            "duration": 0,
            "state": "passed",
            "speed": "fast",
            "pass": true,
            "fail": false,
            "pending": false,
            "code": "$('#input').text('123456789123345segegege10');\n$('#input').keyup();\nexpect($('#input').text()).to.equal(\"1234567891\");",
            "err": {},
            "isRoot": false,
            "uuid": "d4a72ecb-8578-4519-b3df-ce3f7399c31c",
            "parentUUID": "15192dad-dcc5-4f30-85f1-53bf1f9af6dc",
            "isHook": false,
            "skipped": false
          }
        ],
        "pending": [],
        "root": false,
        "_timeout": 2000,
        "file": "\\test\\shared\\charactersRemaining.test.js",
        "uuid": "15192dad-dcc5-4f30-85f1-53bf1f9af6dc",
        "failedHooks": [],
        "fullFile": "C:\\Users\\pc1091\\Workspace\\RESDNPM\\test\\shared\\charactersRemaining.test.js",
        "passes": [
          {
            "title": "Updates on input",
            "fullTitle": "Characters Remaining Tests Updates on input",
            "timedOut": false,
            "duration": 1,
            "state": "passed",
            "speed": "fast",
            "pass": true,
            "fail": false,
            "pending": false,
            "code": "$('#input').text('12345');\n$('#input').keyup();\nexpect($('#output').html()).to.equal(\"5\");",
            "err": {},
            "isRoot": false,
            "uuid": "5a97a51a-b42b-4a9c-9fbd-4a5638013de8",
            "parentUUID": "15192dad-dcc5-4f30-85f1-53bf1f9af6dc",
            "isHook": false,
            "skipped": false
          },
          {
            "title": "doesn't allow minus figures",
            "fullTitle": "Characters Remaining Tests doesn't allow minus figures",
            "timedOut": false,
            "duration": 1,
            "state": "passed",
            "speed": "fast",
            "pass": true,
            "fail": false,
            "pending": false,
            "code": "$('#input').text('12345678910');\n$('#input').keyup();\nexpect($('#output').html()).to.equal(\"0\");",
            "err": {},
            "isRoot": false,
            "uuid": "011881c7-b3f2-48ff-8e53-f98de58481ef",
            "parentUUID": "15192dad-dcc5-4f30-85f1-53bf1f9af6dc",
            "isHook": false,
            "skipped": false
          },
          {
            "title": "trims input",
            "fullTitle": "Characters Remaining Tests trims input",
            "timedOut": false,
            "duration": 0,
            "state": "passed",
            "speed": "fast",
            "pass": true,
            "fail": false,
            "pending": false,
            "code": "$('#input').text('123456789123345segegege10');\n$('#input').keyup();\nexpect($('#input').text()).to.equal(\"1234567891\");",
            "err": {},
            "isRoot": false,
            "uuid": "d4a72ecb-8578-4519-b3df-ce3f7399c31c",
            "parentUUID": "15192dad-dcc5-4f30-85f1-53bf1f9af6dc",
            "isHook": false,
            "skipped": false
          }
        ],
        "failures": [],
        "skipped": [],
        "hasTests": true,
        "hasFailedHooks": false,
        "hasSuites": false,
[...]
      "timedOut": false,
      "duration": 1,
      "state": "passed",
      "speed": "fast",
      "pass": true,
      "fail": false,
      "pending": false,
      "code": "_validation2.default.initToggleCheck();\nexpect($('input[value=\"Next\"]').first().prop('disabled')).to.equal(true);",
      "err": {},
      "isRoot": false,
      "uuid": "78a8e631-9d20-4b6c-9024-66d38aaffbdc",
      "parentUUID": "536f4350-cd94-42b8-a887-246692d753bf",
      "isHook": false,
      "skipped": false
    },
    {
      "title": "enables the next button when a selection is made",
      "fullTitle": "lc validation - valid enables the next button when a selection is made",
      "timedOut": false,
      "duration": 1,
      "state": "passed",
      "speed": "fast",
      "pass": true,
      "fail": false,
      "pending": false,
      "code": "$('input[data-applylc]').first().prop('checked', true);\n            _validation2.default.initToggleCheck();\n            expect($('input[value=\"Next\"]').first().prop('disabled')).to.equal(false);",
      "err": {},
      "isRoot": false,
      "uuid": "0fc3cc44-ae84-4507-a8d2-653b1621177a",
      "parentUUID": "536f4350-cd94-42b8-a887-246692d753bf",
      "isHook": false,
      "skipped": false
    },
    {
      "title": "validates the page",
      "fullTitle": "process Validation Tests validates the page",
      "timedOut": false,
      "duration": 5,
      "state": "passed",
      "speed": "fast",
      "pass": true,
      "fail": false,
      "pending": false,
      "code": "global.$.prototype.datepicker = function (name, opts) {};\n_validation2.default.validatePage();\n//expect($('.sv-mandatory').length).to.equal(0);",
      "err": {},
      "isRoot": false,
      "uuid": "6b03b189-4cb7-420a-9ca2-212c12abffac",
      "parentUUID": "08c6954d-fdf5-4cf9-9302-578ad768785b",
      "isHook": false,
      "skipped": false
    },
    {
      "title": "clears out inputs if decline is selected",
      "fullTitle": "process Validation Tests clears out inputs if decline is selected",
      "timedOut": false,
      "duration": 6,
      "state": "passed",
      "speed": "fast",
      "pass": true,
      "fail": false,
      "pending": false,
      "code": "var row = $('.requestRow');\n$(row).find('[data-decision]').val(2);\n_validation2.default.validatePage();\nexpect($(row).find('[data-extensionlength] option:selected').val()).to.equal('');\nexpect($(row).find('[data-extensionduedate]').first().val()).to.equal('');",
      "err": {},
      "isRoot": false,
      "uuid": "23421d90-2439-4efb-894d-8f2cb1448c0e",
      "parentUUID": "08c6954d-fdf5-4cf9-9302-578ad768785b",
      "isHook": false,
      "skipped": false
    },
    {
      "title": "makes a stage 2 date mandatory if the option is selected",
      "fullTitle": "process Validation Tests makes a stage 2 date mandatory if the option is selected",
      "timedOut": false,
      "duration": 4,
      "state": "passed",
      "speed": "fast",
      "pass": true,
      "fail": false,
      "pending": false,
      "code": "var row = $('.requestRow');\nvar stage2length = $(row).next('.stage2Row').find('[data-extensionlength]');\nvar stage2duedate = $(row).next('.stage2Row').find('[data-extensionduedate]');\nstage2length.val(0);\n(0, _validation.extensionLength)(stage2length.find('option:selected'), stage2duedate);\nexpect(stage2duedate.prop('disabled')).to.be.false;\nstage2duedate.val('01/May/2017');\n(0, _validation.extensionLength)(stage2length.find('option:selected'), stage2duedate);\nexpect(stage2duedate.prop('disabled')).to.be.false;\n_validation2.default.validatePage();\nstage2length.val('');\n(0, _validation.extensionLength)(stage2length.find('option:selected'), stage2duedate);\nexpect(stage2duedate.prop('disabled')).to.be.true;",
      "err": {},
      "isRoot": false,
      "uuid": "02dd3317-89a6-4897-a57d-df90ecc2f3ad",
      "parentUUID": "08c6954d-fdf5-4cf9-9302-578ad768785b",
      "isHook": false,
      "skipped": false
    },
    {
      "title": "Updates on input",
      "fullTitle": "Characters Remaining Tests Updates on input",
      "timedOut": false,
      "duration": 1,
      "state": "passed",
      "speed": "fast",
      "pass": true,
      "fail": false,
      "pending": false,
      "code": "$('#input').text('12345');\n$('#input').keyup();\nexpect($('#output').html()).to.equal(\"5\");",
      "err": {},
      "isRoot": false,
      "uuid": "5a97a51a-b42b-4a9c-9fbd-4a5638013de8",
      "parentUUID": "15192dad-dcc5-4f30-85f1-53bf1f9af6dc",
      "isHook": false,
      "skipped": false
    },
    {
      "title": "doesn't allow minus figures",
      "fullTitle": "Characters Remaining Tests doesn't allow minus figures",
      "timedOut": false,
      "duration": 1,
      "state": "passed",
      "speed": "fast",
      "pass": true,
      "fail": false,
      "pending": false,
      "code": "$('#input').text('12345678910');\n$('#input').keyup();\nexpect($('#output').html()).to.equal(\"0\");",
      "err": {},
      "isRoot": false,
      "uuid": "011881c7-b3f2-48ff-8e53-f98de58481ef",
      "parentUUID": "15192dad-dcc5-4f30-85f1-53bf1f9af6dc",
      "isHook": false,
      "skipped": false
    },
    {
      "title": "trims input",
      "fullTitle": "Characters Remaining Tests trims input",
      "timedOut": false,
      "duration": 0,
      "state": "passed",
      "speed": "fast",
      "pass": true,
      "fail": false,
      "pending": false,
      "code": "$('#input').text('123456789123345segegege10');\n$('#input').keyup();\nexpect($('#input').text()).to.equal(\"1234567891\");",
      "err": {},
      "isRoot": false,
      "uuid": "d4a72ecb-8578-4519-b3df-ce3f7399c31c",
      "parentUUID": "15192dad-dcc5-4f30-85f1-53bf1f9af6dc",
      "isHook": false,
      "skipped": false
    },
    {
      "title": "sends the message",
      "fullTitle": "Submit Form sends the message",
      "timedOut": false,
      "duration": 2,
      "state": "passed",
      "speed": "fast",
      "pass": true,
      "fail": false,
      "pending": false,
      "code": "var posted = false;\nvar actionReceived = '';\nvar dataReceived = '';\nglobal.$.post = function (action, data, callback) {\n\tactionReceived = action;\n\tdataReceived = data;\n\tcallback();\n};\n(0, _submitFormAsync2.default)(function () {\n\tposted = true;\n});\nexpect(posted).to.equal(true);\nexpect(dataReceived).to.not.equal('');\nexpect(actionReceived).to.equal('test');",
      "err": {},
      "isRoot": false,
      "uuid": "bd7f8e24-e835-4aa6-8174-1b94669c440e",
      "parentUUID": "8786f403-d620-4961-bdf1-0bade2f65ce7",
      "isHook": false,
      "skipped": false
    },
    {
      "title": "invalidates a blank input",
      "fullTitle": "Validator Tests invalidates a blank input",
      "timedOut": false,
      "duration": 1,
      "state": "passed",
      "speed": "fast",
      "pass": true,
      "fail": false,
      "pending": false,
      "code": "_validator2.default.validateInputs([$('input').first()]);\nexpect($('input.sv-mandatory').length).to.equal(1);",
      "err": {},
      "isRoot": false,
      "uuid": "bab8a6ff-50c6-4548-9653-d261b69ab72d",
      "parentUUID": "09ff4092-3d1a-4cb3-9d37-edbe676e8139",
      "isHook": false,
      "skipped": false
    },
    {
      "title": "validates a filled in input",
      "fullTitle": "Validator Tests validates a filled in input",
      "timedOut": false,
      "duration": 0,
      "state": "passed",
      "speed": "fast",
      "pass": true,
      "fail": false,
      "pending": false,
      "code": "_validator2.default.validateInputs([$('input').first().val('yes')]);\nexpect($('input.sv-mandatory').length).to.equal(0);",
      "err": {},
      "isRoot": false,
      "uuid": "7bae0330-0165-4e65-908d-cbefe3fab488",
      "parentUUID": "09ff4092-3d1a-4cb3-9d37-edbe676e8139",
      "isHook": false,
      "skipped": false
    },
    {
      "title": "invalidates a select showing \"Please select\"",
      "fullTitle": "Validator Tests invalidates a select showing \"Please select\"",
      "timedOut": false,
      "duration": 1,
      "state": "passed",
      "speed": "fast",
      "pass": true,
      "fail": false,
      "pending": false,
      "code": "_validator2.default.validateSelects([$('select option:selected').first()]);\nexpect($('select.sv-mandatory').length).to.equal(1);",
      "err": {},
      "isRoot": false,
      "uuid": "c0efda78-0168-4d26-ada0-f274e216caaa",
      "parentUUID": "09ff4092-3d1a-4cb3-9d37-edbe676e8139",
      "isHook": false,
      "skipped": false
    },
    {
      "title": "validates a valid select",
      "fullTitle": "Validator Tests validates a valid select",
      "timedOut": false,
      "duration": 1,
      "state": "passed",
      "speed": "fast",
      "pass": true,
      "fail": false,
      "pending": false,
      "code": "_validator2.default.validateSelects([$('select').first().val(\"1\").find('option:selected').first()]);\nexpect($('select.sv-mandatory').length).to.equal(0);",
      "err": {},
      "isRoot": false,
      "uuid": "b6e69620-0291-4e24-87b1-989ed8018e2c",
      "parentUUID": "09ff4092-3d1a-4cb3-9d37-edbe676e8139",
      "isHook": false,
      "skipped": false
    },
    {
      "title": "Binds a delete function",
      "fullTitle": "Student View Binds a delete function",
      "timedOut": false,
      "duration": 10,
      "state": "passed",
      "speed": "fast",
      "pass": true,
      "fail": false,
      "pending": false,
      "code": "_eventHandlers2.default.deleteButtonClicked();\n$('#deleteRequest').click();\nexpect(global.sitsDialogTitleReceived).to.equal('delete title');",
      "err": {},
      "isRoot": false,
      "uuid": "fa3b804d-b191-443c-adb1-f26ca1feb9b6",
      "parentUUID": "73313173-282d-4ade-9686-1a0b7576af5a",
      "isHook": false,
      "skipped": false
    },
    {
      "title": "deletes a request by performing an ajax call",
      "fullTitle": "Student View deletes a request by performing an ajax call",
      "timedOut": false,
      "duration": 1,
      "state": "passed",
      "speed": "fast",
      "pass": true,
      "fail": false,
      "pending": false,
      "code": "var getsCalled = 0;\nvar hrefReceived = '';\nvar callbackCalled = false;\n$.get = function (url, callback) {\n\threfReceived = url;\n\tgetsCalled++;\n\tcallback();\n};\n(0, _deleteRequest2.default)('#deleteRequest', function () {\n\tcallbackCalled = true;\n});\nexpect($('#deleteRequest').prop('disabled')).to.equal(true);\nexpect(getsCalled).to.equal(1);\nexpect(callbackCalled).to.be.true;\nexpect(hrefReceived).to.equal('delete');\ncallbackCalled = false;\n(0, _deleteRequest2.default)('#deleteRequest', 'no callback');\nexpect(callbackCalled).to.be.false;",
      "err": {},
      "isRoot": false,
      "uuid": "f9564f8c-c50d-424c-9e42-4b1899cf91a6",
      "parentUUID": "73313173-282d-4ade-9686-1a0b7576af5a",
      "isHook": false,
      "skipped": false
    },
    {
      "title": "refreshes data and shows if data is returned",
      "fullTitle": "Student View refreshes data and shows if data is returned",
      "timedOut": false,
      "duration": 23,
      "state": "passed",
      "speed": "fast",
      "pass": true,
      "fail": false,
      "pending": false,
      "code": "//empty table data;\n$('#openRequests tbody').html('');\nvar hrefReceived = '';\n$.get = function (href, callback) {\n\threfReceived = href;\n\tcallback('requestRow');\n};\n(0, _refreshData2.default)();\nexpect(hrefReceived).to.equal('ajaxurl');\nexpect($('#openRequests tbody').html()).to.equal('requestRow');\nexpect($('#openRequests').css('display')).to.not.equal('none');",
      "err": {},
      "isRoot": false,
      "uuid": "2f5d0ba3-a15a-4466-bb95-2875b9a0a7b6",
      "parentUUID": "73313173-282d-4ade-9686-1a0b7576af5a",
      "isHook": false,
      "skipped": false
    },
    {
      "title": "refreshes data and hides request row if none returned",
      "fullTitle": "Student View refreshes data and hides request row if none returned",
      "timedOut": false,
      "duration": 15,
      "state": "passed",
      "speed": "fast",
      "pass": true,
      "fail": false,
      "pending": false,
      "code": "//empty table data;\n$('#openRequests tbody').html('');\n$.get = function (href, callback) {\n\tcallback('noreqs');\n};\n(0, _refreshData2.default)();\nexpect($('#openRequests').css('display')).to.equal('none');",
      "err": {},
      "isRoot": false,
      "uuid": "2ced0480-238b-4b7d-bdf3-aa2c02d8aa5c",
      "parentUUID": "73313173-282d-4ade-9686-1a0b7576af5a",
      "isHook": false,
      "skipped": false
    },
    {
      "title": "The uploader doesn't hide as there is still evidence that will need to be deleted",
      "fullTitle": "Summary Screen The uploader doesn't hide as there is still evidence that will need to be deleted",
      "timedOut": false,
      "duration": 21,
      "state": "passed",
      "speed": "fast",
      "pass": true,
      "fail": false,
      "pending": false,
      "code": "$('input[data-evidenceavailable]').prop('checked', true);\n(0, _evidenceMode2.default)({ warning: function warning() {} });\nexpect($('[id^=\"PLUP_uploader\"]').css('display')).to.equal('block');",
      "err": {},
      "isRoot": false,
      "uuid": "b59d3a74-19fb-494e-a777-be6827ffbb13",
      "parentUUID": "0f1b6c00-0371-4efc-aa66-940884dc2ded",
      "isHook": false,
      "skipped": false
    },
    {
      "title": "Hides the uploader if the \"no  evidence available\" tick box is ticked",
      "fullTitle": "Summary Screen Hides the uploader if the \"no  evidence available\" tick box is ticked",
      "timedOut": false,
      "duration": 29,
      "state": "passed",
      "speed": "fast",
      "pass": true,
      "fail": false,
      "pending": false,
      "code": "$('input[data-evidenceavailable]').prop('checked', true);\n(0, _evidenceMode2.default)();\nexpect($('[id^=\"PLUP_uploader\"]').css('display')).to.equal('none');",
      "err": {},
      "isRoot": false,
      "uuid": "cfd309fd-a39b-413a-8d19-ccbd0b84f1f2",
      "parentUUID": "e21d8f4e-62d6-4442-8ed4-96ccd624f379",
      "isHook": false,
      "skipped": false
    },
    {
      "title": "Show the uploader if the reverse is true",
      "fullTitle": "Summary Screen Show the uploader if the reverse is true",
      "timedOut": false,
      "duration": 58,
      "state": "passed",
      "speed": "medium",
      "pass": true,
      "fail": false,
      "pending": false,
      "code": "$('input[data-evidenceavailable]').prop('checked', false);\n(0, _evidenceMode2.default)();\n//wait for fade in\nsetTimeout(function () {\n\texpect($('[id^=\"PLUP_uploader\"]').css('display')).to.equal('block');\n}, 1000);",
      "err": {},
      "isRoot": false,
      "uuid": "7eec671a-eb26-4b61-a739-51484201d2aa",
      "parentUUID": "e21d8f4e-62d6-4442-8ed4-96ccd624f379",
      "isHook": false,
      "skipped": false
    },
    {
      "title": "Show the uploader if the reverse is true",
      "fullTitle": "Summary Screen Show the uploader if the reverse is true",
      "timedOut": false,
      "duration": 0,
      "state": "passed",
      "speed": "fast",
      "pass": true,
      "fail": false,
      "pending": false,
      "code": "$('input[data-evidenceavailable]').prop('checked', true);\n$('input[data-evidencereason]').val('');\n(0, _evidenceMode2.default)();\n//wait for fade in\nsetTimeout(function () {\n\texpect($('[id^=\"PLUP_uploader\"]').css('display')).to.equal('none');\n}, 1000);",
      "err": {},
      "isRoot": false,
      "uuid": "3612f696-11ff-4f15-a273-72df2876931d",
      "parentUUID": "e21d8f4e-62d6-4442-8ed4-96ccd624f379",
      "isHook": false,
      "skipped": false
    },
    {
      "title": "validates a valid page",
      "fullTitle": "Summary Screen validates a valid page",
      "timedOut": false,
      "duration": 0,
      "state": "passed",
      "speed": "fast",
      "pass": true,
      "fail": false,
      "pending": false,
      "code": "expect(_validation2.default.validatePage()).to.be.true;",
      "err": {},
      "isRoot": false,
      "uuid": "a07f3c56-61e1-430c-8460-7162199f6b4c",
      "parentUUID": "6580531f-b917-4d31-acf8-587c6f704004",
      "isHook": false,
      "skipped": false
    },
    {
      "title": "fails a validation if summary is missing",
      "fullTitle": "Summary Screen fails a validation if summary is missing",
      "timedOut": false,
      "duration": 0,
      "state": "passed",
      "speed": "fast",
      "pass": true,
      "fail": false,
      "pending": false,
      "code": "global.staff = undefined; //remove staff override switch\n$('textarea').first().text('');\n_validation2.default.validatePage();\nexpect($('.sv-mandatory').length).to.equal(1); // :visible selector broken but",
      "err": {},
      "isRoot": false,
      "uuid": "7112cfa4-2527-420a-a021-80618bdb0183",
      "parentUUID": "6580531f-b917-4d31-acf8-587c6f704004",
      "isHook": false,
      "skipped": false
    },
    {
      "title": "validates a valid page",
      "fullTitle": "Summary Screen validates a valid page",
      "timedOut": false,
      "duration": 0,
      "state": "passed",
      "speed": "fast",
      "pass": true,
      "fail": false,
      "pending": false,
      "code": "expect(_validation2.default.validatePage()).to.be.true;",
      "err": {},
      "isRoot": false,
      "uuid": "b31febcd-446f-4632-b5be-381f217ac312",
      "parentUUID": "e71fc6d4-657e-4c1d-bfd7-455b201bbc77",
      "isHook": false,
      "skipped": false
    },
    {
      "title": "sets the next button to enabled  if the page is valid and nothing is uploading",
      "fullTitle": "Summary Screen sets the next button to enabled  if the page is valid and nothing is uploading",
      "timedOut": false,
      "duration": 17,
      "state": "passed",
      "speed": "fast",
      "pass": true,
      "fail": false,
      "pending": false,
      "code": "//set window pluploader to ready (mock)\nglobal.uploader = { a: { state: 1 } };\n_validation2.default.setNextButtonState();\nexpect($('input[value=\"Next\"]').prop('disabled')).to.be.false; // :visible selector broken but",
      "err": {},
      "isRoot": false,
      "uuid": "5953779f-f596-4328-b93a-161bb820525b",
      "parentUUID": "e71fc6d4-657e-4c1d-bfd7-455b201bbc77",
      "isHook": false,
      "skipped": false
    },
    {
      "title": "sets the next button to disabled  if the page is valid and evidence is uploading",
      "fullTitle": "Summary Screen sets the next button to disabled  if the page is valid and evidence is uploading",
      "timedOut": false,
      "duration": 2,
      "state": "passed",
      "speed": "fast",
      "pass": true,
      "fail": false,
      "pending": false,
      "code": "//set window pluploader to ready (mock)\nglobal.uploader = { a: { state: 2 } };\n_validation2.default.setNextButtonState();\nexpect($('input[value=\"Next\"]').prop('disabled')).to.be.true; // :visible selector broken but",
      "err": {},
      "isRoot": false,
      "uuid": "22f918d0-310e-43cd-8794-c1c1ae350e3c",
      "parentUUID": "e71fc6d4-657e-4c1d-bfd7-455b201bbc77",
      "isHook": false,
      "skipped": false
    },
    {
      "title": "fails a validation if summary is missing",
      "fullTitle": "Summary Screen fails a validation if summary is missing",
      "timedOut": false,
      "duration": 3,
      "state": "passed",
      "speed": "fast",
      "pass": true,
      "fail": false,
      "pending": false,
      "code": "global.staff = undefined; //remove staff override switch\n$('textarea').first().text('');\n_validation2.default.validatePage();\nexpect($('.sv-mandatory').length).to.equal(1); // :visible selector broken but",
      "err": {},
      "isRoot": false,
      "uuid": "3764867d-81a3-4c4a-a138-fc0ce8db21bc",
      "parentUUID": "e71fc6d4-657e-4c1d-bfd7-455b201bbc77",
      "isHook": false,
      "skipped": false
    }
  ],
  "allFailures": [],
  "copyrightYear": 2017
}