TN:
SF:C:\Users\pc1091\Workspace\RESDNPM\src\RESD-CREATE-ASSESSMENTS\check24Hours.js
FN:5,validate24Hours
FN:15,FSSTDialog
FN:18,(anonymous_2)
FN:21,(anonymous_3)
FN:29,staffNamePrompt
FN:35,(anonymous_5)
FN:37,(anonymous_6)
FN:42,staffNamePromptExit
FN:48,staffNamePromptSave
FN:56,fsstDialogNoResponse
FN:62,fsstDialogYesResponse
FN:68,confirmCloseDialog
FN:71,(anonymous_12)
FN:77,formatDate
FN:92,transferFsstName
FNF:15
FNH:10
FNDA:3,validate24Hours
FNDA:1,FSSTDialog
FNDA:0,(anonymous_2)
FNDA:0,(anonymous_3)
FNDA:1,staffNamePrompt
FNDA:0,(anonymous_5)
FNDA:0,(anonymous_6)
FNDA:1,staffNamePromptExit
FNDA:1,staffNamePromptSave
FNDA:1,fsstDialogNoResponse
FNDA:1,fsstDialogYesResponse
FNDA:2,confirmCloseDialog
FNDA:0,(anonymous_12)
FNDA:3,formatDate
FNDA:1,transferFsstName
DA:6,3
DA:7,3
DA:8,3
DA:9,3
DA:11,1
DA:13,3
DA:16,1
DA:19,0
DA:22,0
DA:30,1
DA:31,1
DA:35,0
DA:37,0
DA:39,1
DA:43,1
DA:44,1
DA:45,1
DA:49,1
DA:51,1
DA:52,1
DA:57,1
DA:58,1
DA:59,1
DA:63,1
DA:64,1
DA:65,1
DA:69,2
DA:72,0
DA:78,3
DA:85,3
DA:86,3
DA:87,3
DA:89,3
DA:94,1
DA:95,1
DA:97,1
DA:98,1
DA:102,0
DA:103,0
LF:39
LH:32
BRDA:9,0,0,1
BRDA:9,0,1,2
BRDA:9,1,0,3
BRDA:9,1,1,1
BRDA:49,2,0,1
BRDA:49,2,1,0
BRDA:95,3,0,1
BRDA:95,3,1,0
BRF:8
BRH:6
end_of_record
TN:
SF:C:\Users\pc1091\Workspace\RESDNPM\src\RESD-CREATE-ASSESSMENTS\eventHandlers.js
FN:8,addValidationOnRowChange
FN:9,(anonymous_1)
FN:22,(anonymous_2)
FN:23,(anonymous_3)
FN:28,addIndividualRowSaveHandlers
FN:29,(anonymous_5)
FN:54,rowSaveCallback
FNF:7
FNH:6
FNDA:2,addValidationOnRowChange
FNDA:3,(anonymous_1)
FNDA:1,(anonymous_2)
FNDA:0,(anonymous_3)
FNDA:1,addIndividualRowSaveHandlers
FNDA:1,(anonymous_5)
FNDA:1,rowSaveCallback
DA:9,2
DA:10,3
DA:11,3
DA:12,3
DA:13,2
DA:16,1
DA:23,1
DA:24,0
DA:29,1
DA:30,1
DA:31,1
DA:33,1
DA:34,1
DA:36,1
DA:40,0
DA:42,0
DA:46,0
DA:55,1
DA:56,1
DA:57,1
DA:58,1
LF:21
LH:17
BRDA:12,0,0,2
BRDA:12,0,1,1
BRDA:33,1,0,1
BRDA:33,1,1,0
BRDA:34,2,0,1
BRDA:34,2,1,0
BRDA:40,3,0,0
BRDA:40,3,1,0
BRDA:54,4,0,0
BRF:9
BRH:4
end_of_record
TN:
SF:C:\Users\pc1091\Workspace\RESDNPM\src\RESD-CREATE-ASSESSMENTS\rowsSelected.js
FN:4,updateCounters
FN:9,updateSectionRowsSelected
FN:11,(anonymous_2)
FN:16,updateRowsSelected
FN:22,validRowsSelected
FN:24,(anonymous_5)
FNF:6
FNH:5
FNDA:3,updateCounters
FNDA:3,updateSectionRowsSelected
FNDA:0,(anonymous_2)
FNDA:3,updateRowsSelected
FNDA:6,validRowsSelected
FNDA:6,(anonymous_5)
DA:5,3
DA:6,3
DA:10,3
DA:11,3
DA:12,0
DA:17,3
DA:18,3
DA:19,3
DA:23,6
DA:24,6
DA:25,6
DA:27,6
DA:29,3
DA:33,6
LF:14
LH:13
BRDA:25,0,0,6
BRDA:25,0,1,0
BRDA:25,1,0,6
BRDA:25,1,1,5
BRDA:27,2,0,3
BRDA:27,2,1,3
BRDA:27,3,0,6
BRDA:27,3,1,5
BRF:8
BRH:7
end_of_record
TN:
SF:C:\Users\pc1091\Workspace\RESDNPM\src\RESD-CREATE-ASSESSMENTS\saveTask.js
FN:3,saveTask
FN:4,(anonymous_1)
FN:22,populateAjaxField
FN:28,getFieldValue
FNF:4
FNH:4
FNDA:3,saveTask
FNDA:10,(anonymous_1)
FNDA:10,populateAjaxField
FNDA:10,getFieldValue
DA:4,3
DA:5,10
DA:7,3
DA:8,3
DA:9,3
DA:11,3
DA:16,0
DA:17,0
DA:19,3
DA:23,10
DA:24,10
DA:25,10
DA:29,10
DA:31,2
DA:33,2
DA:35,6
DA:37,0
LF:17
LH:14
BRDA:9,0,0,3
BRDA:9,0,1,0
BRDA:29,1,0,2
BRDA:29,1,1,2
BRDA:29,1,2,6
BRDA:29,1,3,0
BRDA:33,2,0,2
BRDA:33,2,1,0
BRF:8
BRH:5
end_of_record
TN:
SF:C:\Users\pc1091\Workspace\RESDNPM\src\RESD-CREATE-ASSESSMENTS\validation.js
FN:5,validateRow
FN:25,validateEvidence
FN:30,validatePage
FN:37,(anonymous_3)
FN:59,(anonymous_4)
FNF:5
FNH:5
FNDA:13,validateRow
FNDA:1,validateEvidence
FNDA:4,validatePage
FNDA:2,(anonymous_3)
FNDA:3,(anonymous_4)
DA:8,13
DA:9,13
DA:11,13
DA:13,13
DA:14,13
DA:16,13
DA:20,13
DA:23,13
DA:26,1
DA:28,1
DA:31,4
DA:32,4
DA:33,4
DA:34,2
DA:37,2
DA:38,2
DA:39,2
DA:40,0
DA:43,2
DA:44,1
DA:45,0
DA:48,1
DA:53,0
DA:54,0
DA:58,4
DA:59,3
DA:60,4
LF:27
LH:23
BRDA:14,0,0,13
BRDA:14,0,1,0
BRDA:23,1,0,9
BRDA:23,1,1,4
BRDA:28,2,0,0
BRDA:28,2,1,1
BRDA:30,3,0,1
BRDA:30,4,0,1
BRDA:30,5,0,1
BRDA:33,6,0,2
BRDA:33,6,1,2
BRDA:38,7,0,2
BRDA:38,7,1,0
BRDA:39,8,0,0
BRDA:39,8,1,2
BRDA:43,9,0,1
BRDA:43,9,1,1
BRDA:43,10,0,2
BRDA:43,10,1,1
BRDA:44,11,0,0
BRDA:44,11,1,1
BRDA:53,12,0,0
BRDA:53,12,1,0
BRDA:58,13,0,3
BRDA:58,13,1,1
BRDA:60,14,0,0
BRDA:60,14,1,4
BRDA:60,15,0,1
BRDA:60,15,1,3
BRF:29
BRH:21
end_of_record
TN:
SF:C:\Users\pc1091\Workspace\RESDNPM\src\RESD-CREATE-CONFIRMATION\validation.js
FN:2,validatePage
FN:9,(anonymous_1)
FNF:2
FNH:2
FNDA:4,validatePage
FNDA:1,(anonymous_1)
DA:3,4
DA:4,4
DA:5,1
DA:6,4
DA:7,3
DA:8,4
DA:9,2
DA:12,4
LF:8
LH:8
BRDA:2,0,0,0
BRDA:2,1,0,2
BRDA:4,2,0,1
BRDA:4,2,1,3
BRDA:6,3,0,3
BRDA:6,3,1,1
BRDA:8,4,0,2
BRDA:8,4,1,2
BRF:8
BRH:7
end_of_record
TN:
SF:C:\Users\pc1091\Workspace\RESDNPM\src\RESD-CREATE-GUIDANCE\validation.js
FN:2,(anonymous_0)
FN:12,toggleCheck
FN:15,applyToggleCheck
FN:18,bindToggleChecks
FNF:4
FNH:4
FNDA:3,(anonymous_0)
FNDA:4,toggleCheck
FNDA:5,applyToggleCheck
FNDA:2,bindToggleChecks
DA:3,3
DA:5,2
DA:6,2
DA:9,1
DA:13,4
DA:16,5
DA:19,2
LF:7
LH:7
BRDA:3,0,0,2
BRDA:3,0,1,1
BRDA:13,1,0,2
BRDA:13,1,1,2
BRF:4
BRH:4
end_of_record
TN:
SF:C:\Users\pc1091\Workspace\RESDNPM\src\RESD-CREATE-SUMMARY\evidenceMode.js
FN:3,(anonymous_0)
FNF:1
FNH:1
FNDA:4,(anonymous_0)
DA:4,4
DA:5,3
DA:7,2
DA:8,2
DA:10,2
DA:13,1
DA:14,1
DA:18,1
DA:19,1
DA:20,1
LF:10
LH:10
BRDA:3,0,0,3
BRDA:4,1,0,3
BRDA:4,1,1,1
BRDA:5,2,0,2
BRDA:5,2,1,1
BRDA:8,3,0,1
BRDA:8,3,1,1
BRF:7
BRH:7
end_of_record
TN:
SF:C:\Users\pc1091\Workspace\RESDNPM\src\RESD-CREATE-SUMMARY\validation.js
FN:5,validatePage
FN:8,validate
FN:19,validateEvidence
FN:29,filesUploaded
FN:33,setNextButtonState
FNF:5
FNH:5
FNDA:6,validatePage
FNDA:5,validate
FNDA:5,validateEvidence
FNDA:7,filesUploaded
FNDA:2,setNextButtonState
DA:6,6
DA:9,5
DA:10,5
DA:12,5
DA:13,5
DA:14,5
DA:16,5
DA:20,5
DA:22,1
DA:26,4
DA:30,7
DA:31,7
DA:34,2
DA:35,2
DA:36,1
DA:37,1
DA:40,1
DA:41,1
LF:18
LH:18
BRDA:6,0,0,1
BRDA:6,0,1,5
BRDA:6,1,0,5
BRDA:6,1,1,5
BRDA:16,2,0,5
BRDA:16,2,1,0
BRDA:20,3,0,1
BRDA:20,3,1,4
BRDA:35,4,0,1
BRDA:35,4,1,1
BRDA:35,5,0,2
BRDA:35,5,1,2
BRF:12
BRH:11
end_of_record
TN:
SF:C:\Users\pc1091\Workspace\RESDNPM\src\RESD-PROCESS-PROCESS\validation.js
FN:4,(anonymous_0)
FN:45,validatePage
FN:47,(anonymous_2)
FN:53,extensionLength
FNF:4
FNH:4
FNDA:3,(anonymous_0)
FNDA:3,validatePage
FNDA:3,(anonymous_2)
FNDA:5,extensionLength
DA:6,3
DA:7,3
DA:8,3
DA:9,3
DA:10,3
DA:12,3
DA:15,2
DA:16,2
DA:17,2
DA:18,2
DA:19,2
DA:23,1
DA:24,1
DA:25,1
DA:26,1
DA:29,1
DA:30,1
DA:31,1
DA:35,3
DA:37,1
DA:38,1
DA:41,3
DA:46,3
DA:47,3
DA:48,3
DA:55,5
DA:57,2
DA:58,2
DA:59,2
DA:64,3
DA:65,3
LF:31
LH:31
BRDA:12,0,0,2
BRDA:12,0,1,1
BRDA:35,1,0,1
BRDA:35,1,1,2
BRDA:35,2,0,3
BRDA:35,2,1,1
BRDA:55,3,0,2
BRDA:55,3,1,3
BRDA:59,4,0,1
BRDA:59,4,1,1
BRF:10
BRH:10
end_of_record
TN:
SF:C:\Users\pc1091\Workspace\RESDNPM\src\RESD-STUVIEW-START\confirmDelete.js
FN:3,confirmDelete
FN:14,confirmDeleteNoResponse
FN:18,confirmDeleteDeleteResponse
FNF:3
FNH:3
FNDA:1,confirmDelete
FNDA:1,confirmDeleteNoResponse
FNDA:1,confirmDeleteDeleteResponse
DA:5,1
DA:15,1
DA:19,1
DA:20,1
LF:4
LH:4
BRF:0
BRH:0
end_of_record
TN:
SF:C:\Users\pc1091\Workspace\RESDNPM\src\RESD-STUVIEW-START\deleteRequest.js
FN:4,deleteRequest
FN:6,(anonymous_1)
FNF:2
FNH:2
FNDA:3,deleteRequest
FNDA:2,(anonymous_1)
DA:5,3
DA:6,3
DA:7,2
DA:8,1
LF:4
LH:4
BRDA:4,0,0,1
BRDA:7,1,0,1
BRDA:7,1,1,1
BRF:3
BRH:3
end_of_record
TN:
SF:C:\Users\pc1091\Workspace\RESDNPM\src\RESD-STUVIEW-START\eventHandlers.js
FN:4,deleteButtonClicked
FN:5,(anonymous_1)
FNF:2
FNH:2
FNDA:1,deleteButtonClicked
FNDA:1,(anonymous_1)
DA:5,1
DA:6,1
DA:7,1
DA:8,1
LF:4
LH:4
BRF:0
BRH:0
end_of_record
TN:
SF:C:\Users\pc1091\Workspace\RESDNPM\src\RESD-STUVIEW-START\refreshData.js
FN:1,refreshData
FN:2,(anonymous_1)
FNF:2
FNH:2
FNDA:2,refreshData
FNDA:2,(anonymous_1)
DA:2,2
DA:3,2
DA:4,1
DA:5,1
DA:8,1
DA:9,1
DA:10,1
LF:7
LH:7
BRDA:3,0,0,1
BRDA:3,0,1,1
BRF:2
BRH:2
end_of_record
TN:
SF:C:\Users\pc1091\Workspace\RESDNPM\src\shared\js\ajaxButton.js
FN:1,ajaxButton
FN:3,(anonymous_1)
FNF:2
FNH:2
FNDA:3,ajaxButton
FNDA:2,(anonymous_1)
DA:2,3
DA:3,3
DA:4,2
LF:3
LH:3
BRF:0
BRH:0
end_of_record
TN:
SF:C:\Users\pc1091\Workspace\RESDNPM\src\shared\js\charactersRemaining.js
FN:1,(anonymous_0)
FN:7,(anonymous_1)
FNF:2
FNH:2
FNDA:1,(anonymous_0)
FNDA:3,(anonymous_1)
DA:2,1
DA:3,1
DA:4,1
DA:6,1
DA:7,1
DA:8,3
DA:9,3
DA:10,3
LF:8
LH:8
BRF:0
BRH:0
end_of_record
TN:
SF:C:\Users\pc1091\Workspace\RESDNPM\src\shared\js\getPlUploader.js
FN:1,(anonymous_0)
FN:2,(anonymous_1)
FNF:2
FNH:2
FNDA:2,(anonymous_0)
FNDA:2,(anonymous_1)
DA:2,2
LF:1
LH:1
BRF:0
BRH:0
end_of_record
TN:
SF:C:\Users\pc1091\Workspace\RESDNPM\src\shared\js\submitFormAsync.js
FN:1,submitFormAsync
FN:3,(anonymous_1)
FNF:2
FNH:2
FNDA:4,submitFormAsync
FNDA:1,(anonymous_1)
DA:2,4
DA:3,4
DA:4,1
LF:3
LH:3
BRDA:1,0,0,1
BRF:1
BRH:1
end_of_record
TN:
SF:C:\Users\pc1091\Workspace\RESDNPM\src\shared\js\validator.js
FN:2,validateSelects
FN:3,(anonymous_1)
FN:6,validateInputs
FN:7,(anonymous_3)
FNF:4
FNH:4
FNDA:21,validateSelects
FNDA:48,(anonymous_1)
FNDA:8,validateInputs
FNDA:13,(anonymous_3)
DA:3,48
DA:7,13
LF:2
LH:2
BRDA:3,0,0,7
BRDA:3,0,1,41
BRDA:7,1,0,4
BRDA:7,1,1,9
BRF:4
BRH:4
end_of_record
