TN:
SF:C:\Users\pc1091\Workspace\RESDNPM\src\RESD-CREATE-GUIDANCE\validation.js
FN:2,(anonymous_0)
FN:12,toggleCheck
FN:15,applyToggleCheck
FN:18,bindToggleChecks
FNF:4
FNH:4
FNDA:3,(anonymous_0)
FNDA:4,toggleCheck
FNDA:5,applyToggleCheck
FNDA:2,bindToggleChecks
DA:3,3
DA:5,2
DA:6,2
DA:9,1
DA:13,4
DA:16,5
DA:19,2
LF:7
LH:7
BRDA:3,0,0,2
BRDA:3,0,1,1
BRDA:13,1,0,2
BRDA:13,1,1,2
BRF:4
BRH:4
end_of_record
TN:
SF:C:\Users\pc1091\Workspace\RESDNPM\src\RESD-CREATE-SUMMARY\evidenceMode.js
FN:3,(anonymous_0)
FNF:1
FNH:1
FNDA:4,(anonymous_0)
DA:4,4
DA:5,3
DA:7,2
DA:8,2
DA:10,2
DA:13,1
DA:14,1
DA:18,1
DA:19,1
DA:20,1
LF:10
LH:10
BRDA:3,0,0,3
BRDA:4,1,0,3
BRDA:4,1,1,1
BRDA:5,2,0,2
BRDA:5,2,1,1
BRDA:8,3,0,1
BRDA:8,3,1,1
BRF:7
BRH:7
end_of_record
TN:
SF:C:\Users\pc1091\Workspace\RESDNPM\src\RESD-CREATE-SUMMARY\validation.js
FN:5,validatePage
FN:8,validate
FN:19,validateEvidence
FN:29,filesUploaded
FN:33,setNextButtonState
FNF:5
FNH:5
FNDA:6,validatePage
FNDA:5,validate
FNDA:5,validateEvidence
FNDA:7,filesUploaded
FNDA:2,setNextButtonState
DA:6,6
DA:9,5
DA:10,5
DA:12,5
DA:13,5
DA:14,5
DA:16,5
DA:20,5
DA:22,1
DA:26,4
DA:30,7
DA:31,7
DA:34,2
DA:35,2
DA:36,1
DA:37,1
DA:40,1
DA:41,1
LF:18
LH:18
BRDA:6,0,0,1
BRDA:6,0,1,5
BRDA:6,1,0,5
BRDA:6,1,1,5
BRDA:16,2,0,5
BRDA:16,2,1,0
BRDA:20,3,0,1
BRDA:20,3,1,4
BRDA:35,4,0,1
BRDA:35,4,1,1
BRDA:35,5,0,2
BRDA:35,5,1,2
BRF:12
BRH:11
end_of_record
TN:
SF:C:\Users\pc1091\Workspace\RESDNPM\src\shared\js\charactersRemaining.js
FN:1,(anonymous_0)
FN:7,(anonymous_1)
FNF:2
FNH:2
FNDA:1,(anonymous_0)
FNDA:3,(anonymous_1)
DA:2,1
DA:3,1
DA:4,1
DA:6,1
DA:7,1
DA:8,3
DA:9,3
DA:10,3
LF:8
LH:8
BRF:0
BRH:0
end_of_record
TN:
SF:C:\Users\pc1091\Workspace\RESDNPM\src\shared\js\getPlUploader.js
FN:1,(anonymous_0)
FN:2,(anonymous_1)
FNF:2
FNH:2
FNDA:2,(anonymous_0)
FNDA:2,(anonymous_1)
DA:2,2
LF:1
LH:1
BRF:0
BRH:0
end_of_record
TN:
SF:C:\Users\pc1091\Workspace\RESDNPM\src\shared\js\submitFormAsync.js
FN:1,submitFormAsync
FN:3,(anonymous_1)
FNF:2
FNH:2
FNDA:1,submitFormAsync
FNDA:1,(anonymous_1)
DA:2,1
DA:3,1
DA:4,1
LF:3
LH:3
BRDA:1,0,0,1
BRF:1
BRH:1
end_of_record
TN:
SF:C:\Users\pc1091\Workspace\RESDNPM\src\shared\js\validator.js
FN:2,validateSelects
FN:3,(anonymous_1)
FN:6,validateInputs
FN:7,(anonymous_3)
FNF:4
FNH:4
FNDA:7,validateSelects
FNDA:7,(anonymous_1)
FNDA:7,validateInputs
FNDA:12,(anonymous_3)
DA:3,7
DA:7,12
LF:2
LH:2
BRDA:3,0,0,1
BRDA:3,0,1,6
BRDA:7,1,0,3
BRDA:7,1,1,9
BRF:4
BRH:4
end_of_record
